---------------------------------------------------------------
[ 2019-01-28T04:17:54+08:00 ] 127.0.0.1 GET 127.0.0.1/public/
[运行时间：0.112006s] [吞吐率：8.93req/s] [内存消耗：1,793.16kb] [文件加载：46]
[ info ] [ LANG ] F:\Programme\GitHub\Personal-Blog\thinkphp\lang\zh-cn.php
[ info ] [ ROUTE ] array (
  'type' => 'module',
  'module' => 
  array (
    0 => '',
    1 => NULL,
    2 => NULL,
  ),
)
[ info ] [ HEADER ] array (
  'host' => '127.0.0.1',
  'connection' => 'keep-alive',
  'cache-control' => 'max-age=0',
  'upgrade-insecure-requests' => '1',
  'user-agent' => 'Mozilla/5.0 (Windows NT 6.1; WOW64) AppleWebKit/537.36 (KHTML, like Gecko) Chrome/70.0.3538.77 Safari/537.36',
  'accept' => 'text/html,application/xhtml+xml,application/xml;q=0.9,image/webp,image/apng,*/*;q=0.8',
  'accept-encoding' => 'gzip, deflate, br',
  'accept-language' => 'zh-CN,zh;q=0.9',
)
[ info ] [ PARAM ] array (
)
[ info ] [ RUN ] app\index\controller\Index->index[ F:\Programme\GitHub\Personal-Blog\application\index\controller\Index.php ]
[ info ] [ VIEW ] F:\Programme\GitHub\Personal-Blog\public/../application/index\view\index\index.html [ array (
) ]
[ info ] [ LOG ] INIT File
---------------------------------------------------------------
[ 2019-01-28T04:17:54+08:00 ] 127.0.0.1 GET 127.0.0.1/public/images/js/count_zixun.js
[运行时间：0.151008s] [吞吐率：6.62req/s] [内存消耗：1,378.69kb] [文件加载：38]
[ info ] [ LANG ] F:\Programme\GitHub\Personal-Blog\thinkphp\lang\zh-cn.php
[ info ] [ ROUTE ] array (
  'type' => 'module',
  'module' => 
  array (
    0 => 'images',
    1 => 'js',
    2 => 'count_zixun.js',
  ),
)
[ info ] [ HEADER ] array (
  'host' => '127.0.0.1',
  'connection' => 'keep-alive',
  'user-agent' => 'Mozilla/5.0 (Windows NT 6.1; WOW64) AppleWebKit/537.36 (KHTML, like Gecko) Chrome/70.0.3538.77 Safari/537.36',
  'accept' => '*/*',
  'referer' => 'http://127.0.0.1/public/',
  'accept-encoding' => 'gzip, deflate, br',
  'accept-language' => 'zh-CN,zh;q=0.9',
)
[ info ] [ PARAM ] array (
)
[ info ] [ LOG ] INIT File
---------------------------------------------------------------
[ 2019-01-28T04:17:54+08:00 ] 127.0.0.1 GET 127.0.0.1/public/goto/my-65537.js
[运行时间：0.165009s] [吞吐率：6.06req/s] [内存消耗：1,378.70kb] [文件加载：38]
[ info ] [ LANG ] F:\Programme\GitHub\Personal-Blog\thinkphp\lang\zh-cn.php
[ info ] [ ROUTE ] array (
  'type' => 'module',
  'module' => 
  array (
    0 => 'goto',
    1 => 'my-65537.js',
    2 => NULL,
  ),
)
[ info ] [ HEADER ] array (
  'host' => '127.0.0.1',
  'connection' => 'keep-alive',
  'user-agent' => 'Mozilla/5.0 (Windows NT 6.1; WOW64) AppleWebKit/537.36 (KHTML, like Gecko) Chrome/70.0.3538.77 Safari/537.36',
  'accept' => '*/*',
  'referer' => 'http://127.0.0.1/public/',
  'accept-encoding' => 'gzip, deflate, br',
  'accept-language' => 'zh-CN,zh;q=0.9',
)
[ info ] [ PARAM ] array (
)
[ info ] [ LOG ] INIT File
---------------------------------------------------------------
[ 2019-01-28T04:17:54+08:00 ] 127.0.0.1 GET 127.0.0.1/public/images/js/count_zixun.js
[运行时间：0.108006s] [吞吐率：9.26req/s] [内存消耗：1,378.69kb] [文件加载：38]
[ info ] [ LANG ] F:\Programme\GitHub\Personal-Blog\thinkphp\lang\zh-cn.php
[ info ] [ ROUTE ] array (
  'type' => 'module',
  'module' => 
  array (
    0 => 'images',
    1 => 'js',
    2 => 'count_zixun.js',
  ),
)
[ info ] [ HEADER ] array (
  'host' => '127.0.0.1',
  'connection' => 'keep-alive',
  'user-agent' => 'Mozilla/5.0 (Windows NT 6.1; WOW64) AppleWebKit/537.36 (KHTML, like Gecko) Chrome/70.0.3538.77 Safari/537.36',
  'accept' => '*/*',
  'referer' => 'http://127.0.0.1/public/',
  'accept-encoding' => 'gzip, deflate, br',
  'accept-language' => 'zh-CN,zh;q=0.9',
)
[ info ] [ PARAM ] array (
)
[ info ] [ LOG ] INIT File
---------------------------------------------------------------
[ 2019-01-28T04:18:32+08:00 ] 127.0.0.1 GET 127.0.0.1/public/index.php/index/index/index
[运行时间：0.131007s] [吞吐率：7.63req/s] [内存消耗：1,793.09kb] [文件加载：46]
[ info ] [ LANG ] F:\Programme\GitHub\Personal-Blog\thinkphp\lang\zh-cn.php
[ info ] [ ROUTE ] array (
  'type' => 'module',
  'module' => 
  array (
    0 => 'index',
    1 => 'index',
    2 => 'index',
  ),
)
[ info ] [ HEADER ] array (
  'host' => '127.0.0.1',
  'connection' => 'keep-alive',
  'upgrade-insecure-requests' => '1',
  'user-agent' => 'Mozilla/5.0 (Windows NT 6.1; WOW64) AppleWebKit/537.36 (KHTML, like Gecko) Chrome/70.0.3538.77 Safari/537.36',
  'accept' => 'text/html,application/xhtml+xml,application/xml;q=0.9,image/webp,image/apng,*/*;q=0.8',
  'accept-encoding' => 'gzip, deflate, br',
  'accept-language' => 'zh-CN,zh;q=0.9',
)
[ info ] [ PARAM ] array (
)
[ info ] [ RUN ] app\index\controller\Index->index[ F:\Programme\GitHub\Personal-Blog\application\index\controller\Index.php ]
[ info ] [ VIEW ] F:\Programme\GitHub\Personal-Blog\public/../application/index\view\index\index.html [ array (
) ]
[ info ] [ LOG ] INIT File
---------------------------------------------------------------
[ 2019-01-28T04:18:32+08:00 ] 127.0.0.1 GET 127.0.0.1/public/index.php/index/index/goto/my-65537.js
[运行时间：0.159010s] [吞吐率：6.29req/s] [内存消耗：1,659.73kb] [文件加载：46]
[ info ] [ LANG ] F:\Programme\GitHub\Personal-Blog\thinkphp\lang\zh-cn.php
[ info ] [ ROUTE ] array (
  'type' => 'module',
  'module' => 
  array (
    0 => 'index',
    1 => 'index',
    2 => 'goto',
  ),
)
[ info ] [ HEADER ] array (
  'host' => '127.0.0.1',
  'connection' => 'keep-alive',
  'user-agent' => 'Mozilla/5.0 (Windows NT 6.1; WOW64) AppleWebKit/537.36 (KHTML, like Gecko) Chrome/70.0.3538.77 Safari/537.36',
  'accept' => '*/*',
  'referer' => 'http://127.0.0.1/public/index.php/index/index/index',
  'accept-encoding' => 'gzip, deflate, br',
  'accept-language' => 'zh-CN,zh;q=0.9',
)
[ info ] [ PARAM ] array (
)
[ info ] [ LOG ] INIT File
---------------------------------------------------------------
[ 2019-01-28T04:18:32+08:00 ] 127.0.0.1 GET 127.0.0.1/public/index.php/index/index/images/js/count_zixun.js
[运行时间：0.165009s] [吞吐率：6.06req/s] [内存消耗：1,659.96kb] [文件加载：46]
[ info ] [ LANG ] F:\Programme\GitHub\Personal-Blog\thinkphp\lang\zh-cn.php
[ info ] [ ROUTE ] array (
  'type' => 'module',
  'module' => 
  array (
    0 => 'index',
    1 => 'index',
    2 => 'images',
  ),
)
[ info ] [ HEADER ] array (
  'host' => '127.0.0.1',
  'connection' => 'keep-alive',
  'user-agent' => 'Mozilla/5.0 (Windows NT 6.1; WOW64) AppleWebKit/537.36 (KHTML, like Gecko) Chrome/70.0.3538.77 Safari/537.36',
  'accept' => '*/*',
  'referer' => 'http://127.0.0.1/public/index.php/index/index/index',
  'accept-encoding' => 'gzip, deflate, br',
  'accept-language' => 'zh-CN,zh;q=0.9',
)
[ info ] [ PARAM ] array (
  'js' => 'count_zixun.js',
)
[ info ] [ LOG ] INIT File
---------------------------------------------------------------
[ 2019-01-28T04:18:37+08:00 ] 127.0.0.1 GET 127.0.0.1/public/index.php/index/cate/index
[运行时间：0.128008s] [吞吐率：7.81req/s] [内存消耗：1,792.69kb] [文件加载：46]
[ info ] [ LANG ] F:\Programme\GitHub\Personal-Blog\thinkphp\lang\zh-cn.php
[ info ] [ ROUTE ] array (
  'type' => 'module',
  'module' => 
  array (
    0 => 'index',
    1 => 'cate',
    2 => 'index',
  ),
)
[ info ] [ HEADER ] array (
  'host' => '127.0.0.1',
  'connection' => 'keep-alive',
  'upgrade-insecure-requests' => '1',
  'user-agent' => 'Mozilla/5.0 (Windows NT 6.1; WOW64) AppleWebKit/537.36 (KHTML, like Gecko) Chrome/70.0.3538.77 Safari/537.36',
  'accept' => 'text/html,application/xhtml+xml,application/xml;q=0.9,image/webp,image/apng,*/*;q=0.8',
  'accept-encoding' => 'gzip, deflate, br',
  'accept-language' => 'zh-CN,zh;q=0.9',
)
[ info ] [ PARAM ] array (
)
[ info ] [ RUN ] app\index\controller\Cate->index[ F:\Programme\GitHub\Personal-Blog\application\index\controller\Cate.php ]
[ info ] [ VIEW ] F:\Programme\GitHub\Personal-Blog\public/../application/index\view\cate\cate.html [ array (
) ]
[ info ] [ LOG ] INIT File
---------------------------------------------------------------
[ 2019-01-28T04:18:37+08:00 ] 127.0.0.1 GET 127.0.0.1/public/index.php/index/cate/images/js/ismobile.js
[运行时间：0.118007s] [吞吐率：8.47req/s] [内存消耗：1,660.04kb] [文件加载：46]
[ info ] [ LANG ] F:\Programme\GitHub\Personal-Blog\thinkphp\lang\zh-cn.php
[ info ] [ ROUTE ] array (
  'type' => 'module',
  'module' => 
  array (
    0 => 'index',
    1 => 'cate',
    2 => 'images',
  ),
)
[ info ] [ HEADER ] array (
  'host' => '127.0.0.1',
  'connection' => 'keep-alive',
  'user-agent' => 'Mozilla/5.0 (Windows NT 6.1; WOW64) AppleWebKit/537.36 (KHTML, like Gecko) Chrome/70.0.3538.77 Safari/537.36',
  'accept' => '*/*',
  'referer' => 'http://127.0.0.1/public/index.php/index/cate/index',
  'accept-encoding' => 'gzip, deflate, br',
  'accept-language' => 'zh-CN,zh;q=0.9',
)
[ info ] [ PARAM ] array (
  'js' => 'ismobile.js',
)
[ info ] [ LOG ] INIT File
---------------------------------------------------------------
[ 2019-01-28T04:18:37+08:00 ] 127.0.0.1 GET 127.0.0.1/public/index.php/index/cate/style/lady.css
[运行时间：0.137008s] [吞吐率：7.30req/s] [内存消耗：1,659.84kb] [文件加载：46]
[ info ] [ LANG ] F:\Programme\GitHub\Personal-Blog\thinkphp\lang\zh-cn.php
[ info ] [ ROUTE ] array (
  'type' => 'module',
  'module' => 
  array (
    0 => 'index',
    1 => 'cate',
    2 => 'style',
  ),
)
[ info ] [ HEADER ] array (
  'host' => '127.0.0.1',
  'connection' => 'keep-alive',
  'user-agent' => 'Mozilla/5.0 (Windows NT 6.1; WOW64) AppleWebKit/537.36 (KHTML, like Gecko) Chrome/70.0.3538.77 Safari/537.36',
  'accept' => 'text/css,*/*;q=0.1',
  'referer' => 'http://127.0.0.1/public/index.php/index/cate/index',
  'accept-encoding' => 'gzip, deflate, br',
  'accept-language' => 'zh-CN,zh;q=0.9',
)
[ info ] [ PARAM ] array (
)
[ info ] [ LOG ] INIT File
---------------------------------------------------------------
[ 2019-01-28T04:18:37+08:00 ] 127.0.0.1 GET 127.0.0.1/public/index.php/index/cate/images/hunshang.png
[运行时间：0.138008s] [吞吐率：7.25req/s] [内存消耗：1,659.98kb] [文件加载：46]
[ info ] [ LANG ] F:\Programme\GitHub\Personal-Blog\thinkphp\lang\zh-cn.php
[ info ] [ ROUTE ] array (
  'type' => 'module',
  'module' => 
  array (
    0 => 'index',
    1 => 'cate',
    2 => 'images',
  ),
)
[ info ] [ HEADER ] array (
  'host' => '127.0.0.1',
  'connection' => 'keep-alive',
  'user-agent' => 'Mozilla/5.0 (Windows NT 6.1; WOW64) AppleWebKit/537.36 (KHTML, like Gecko) Chrome/70.0.3538.77 Safari/537.36',
  'accept' => 'image/webp,image/apng,image/*,*/*;q=0.8',
  'referer' => 'http://127.0.0.1/public/index.php/index/cate/index',
  'accept-encoding' => 'gzip, deflate, br',
  'accept-language' => 'zh-CN,zh;q=0.9',
)
[ info ] [ PARAM ] array (
)
[ info ] [ LOG ] INIT File
---------------------------------------------------------------
[ 2019-01-28T04:18:37+08:00 ] 127.0.0.1 GET 127.0.0.1/public/index.php/index/cate/images/52-1609201202130-L.jpg
[运行时间：0.146008s] [吞吐率：6.85req/s] [内存消耗：1,659.97kb] [文件加载：46]
[ info ] [ LANG ] F:\Programme\GitHub\Personal-Blog\thinkphp\lang\zh-cn.php
[ info ] [ ROUTE ] array (
  'type' => 'module',
  'module' => 
  array (
    0 => 'index',
    1 => 'cate',
    2 => 'images',
  ),
)
[ info ] [ HEADER ] array (
  'host' => '127.0.0.1',
  'connection' => 'keep-alive',
  'user-agent' => 'Mozilla/5.0 (Windows NT 6.1; WOW64) AppleWebKit/537.36 (KHTML, like Gecko) Chrome/70.0.3538.77 Safari/537.36',
  'accept' => 'image/webp,image/apng,image/*,*/*;q=0.8',
  'referer' => 'http://127.0.0.1/public/index.php/index/cate/index',
  'accept-encoding' => 'gzip, deflate, br',
  'accept-language' => 'zh-CN,zh;q=0.9',
)
[ info ] [ PARAM ] array (
)
[ info ] [ LOG ] INIT File
---------------------------------------------------------------
[ 2019-01-28T04:18:37+08:00 ] 127.0.0.1 GET 127.0.0.1/public/index.php/index/cate/goto/my-65537.js
[运行时间：0.184011s] [吞吐率：5.43req/s] [内存消耗：1,659.73kb] [文件加载：46]
[ info ] [ LANG ] F:\Programme\GitHub\Personal-Blog\thinkphp\lang\zh-cn.php
[ info ] [ ROUTE ] array (
  'type' => 'module',
  'module' => 
  array (
    0 => 'index',
    1 => 'cate',
    2 => 'goto',
  ),
)
[ info ] [ HEADER ] array (
  'host' => '127.0.0.1',
  'connection' => 'keep-alive',
  'user-agent' => 'Mozilla/5.0 (Windows NT 6.1; WOW64) AppleWebKit/537.36 (KHTML, like Gecko) Chrome/70.0.3538.77 Safari/537.36',
  'accept' => '*/*',
  'referer' => 'http://127.0.0.1/public/index.php/index/cate/index',
  'accept-encoding' => 'gzip, deflate, br',
  'accept-language' => 'zh-CN,zh;q=0.9',
)
[ info ] [ PARAM ] array (
)
[ info ] [ LOG ] INIT File
---------------------------------------------------------------
[ 2019-01-28T04:18:37+08:00 ] 127.0.0.1 GET 127.0.0.1/public/index.php/index/cate/images/55-160920114U2910.jpg
[运行时间：0.176010s] [吞吐率：5.68req/s] [内存消耗：1,659.98kb] [文件加载：46]
[ info ] [ LANG ] F:\Programme\GitHub\Personal-Blog\thinkphp\lang\zh-cn.php
[ info ] [ ROUTE ] array (
  'type' => 'module',
  'module' => 
  array (
    0 => 'index',
    1 => 'cate',
    2 => 'images',
  ),
)
[ info ] [ HEADER ] array (
  'host' => '127.0.0.1',
  'connection' => 'keep-alive',
  'user-agent' => 'Mozilla/5.0 (Windows NT 6.1; WOW64) AppleWebKit/537.36 (KHTML, like Gecko) Chrome/70.0.3538.77 Safari/537.36',
  'accept' => 'image/webp,image/apng,image/*,*/*;q=0.8',
  'referer' => 'http://127.0.0.1/public/index.php/index/cate/index',
  'accept-encoding' => 'gzip, deflate, br',
  'accept-language' => 'zh-CN,zh;q=0.9',
)
[ info ] [ PARAM ] array (
)
[ info ] [ LOG ] INIT File
---------------------------------------------------------------
[ 2019-01-28T04:18:37+08:00 ] 127.0.0.1 GET 127.0.0.1/public/index.php/index/cate/images/55-16092011540a35.jpg
[运行时间：0.203011s] [吞吐率：4.93req/s] [内存消耗：1,659.98kb] [文件加载：46]
[ info ] [ LANG ] F:\Programme\GitHub\Personal-Blog\thinkphp\lang\zh-cn.php
[ info ] [ ROUTE ] array (
  'type' => 'module',
  'module' => 
  array (
    0 => 'index',
    1 => 'cate',
    2 => 'images',
  ),
)
[ info ] [ HEADER ] array (
  'host' => '127.0.0.1',
  'connection' => 'keep-alive',
  'user-agent' => 'Mozilla/5.0 (Windows NT 6.1; WOW64) AppleWebKit/537.36 (KHTML, like Gecko) Chrome/70.0.3538.77 Safari/537.36',
  'accept' => 'image/webp,image/apng,image/*,*/*;q=0.8',
  'referer' => 'http://127.0.0.1/public/index.php/index/cate/index',
  'accept-encoding' => 'gzip, deflate, br',
  'accept-language' => 'zh-CN,zh;q=0.9',
)
[ info ] [ PARAM ] array (
)
[ info ] [ LOG ] INIT File
---------------------------------------------------------------
[ 2019-01-28T04:18:37+08:00 ] 127.0.0.1 GET 127.0.0.1/public/index.php/index/cate/images/js/count_zixun.js
[运行时间：0.216013s] [吞吐率：4.63req/s] [内存消耗：1,660.05kb] [文件加载：46]
[ info ] [ LANG ] F:\Programme\GitHub\Personal-Blog\thinkphp\lang\zh-cn.php
[ info ] [ ROUTE ] array (
  'type' => 'module',
  'module' => 
  array (
    0 => 'index',
    1 => 'cate',
    2 => 'images',
  ),
)
[ info ] [ HEADER ] array (
  'host' => '127.0.0.1',
  'connection' => 'keep-alive',
  'user-agent' => 'Mozilla/5.0 (Windows NT 6.1; WOW64) AppleWebKit/537.36 (KHTML, like Gecko) Chrome/70.0.3538.77 Safari/537.36',
  'accept' => '*/*',
  'referer' => 'http://127.0.0.1/public/index.php/index/cate/index',
  'accept-encoding' => 'gzip, deflate, br',
  'accept-language' => 'zh-CN,zh;q=0.9',
)
[ info ] [ PARAM ] array (
  'js' => 'count_zixun.js',
)
[ info ] [ LOG ] INIT File
---------------------------------------------------------------
[ 2019-01-28T04:18:37+08:00 ] 127.0.0.1 GET 127.0.0.1/public/index.php/index/cate/images/54-160920113H2U1.jpg
[运行时间：0.195011s] [吞吐率：5.13req/s] [内存消耗：1,659.95kb] [文件加载：46]
[ info ] [ LANG ] F:\Programme\GitHub\Personal-Blog\thinkphp\lang\zh-cn.php
[ info ] [ ROUTE ] array (
  'type' => 'module',
  'module' => 
  array (
    0 => 'index',
    1 => 'cate',
    2 => 'images',
  ),
)
[ info ] [ HEADER ] array (
  'host' => '127.0.0.1',
  'connection' => 'keep-alive',
  'user-agent' => 'Mozilla/5.0 (Windows NT 6.1; WOW64) AppleWebKit/537.36 (KHTML, like Gecko) Chrome/70.0.3538.77 Safari/537.36',
  'accept' => 'image/webp,image/apng,image/*,*/*;q=0.8',
  'referer' => 'http://127.0.0.1/public/index.php/index/cate/index',
  'accept-encoding' => 'gzip, deflate, br',
  'accept-language' => 'zh-CN,zh;q=0.9',
)
[ info ] [ PARAM ] array (
)
[ info ] [ LOG ] INIT File
---------------------------------------------------------------
[ 2019-01-28T04:18:37+08:00 ] 127.0.0.1 GET 127.0.0.1/public/index.php/index/cate/images/57-1609201149550-L.jpg
[运行时间：0.290017s] [吞吐率：3.45req/s] [内存消耗：1,659.97kb] [文件加载：46]
[ info ] [ LANG ] F:\Programme\GitHub\Personal-Blog\thinkphp\lang\zh-cn.php
[ info ] [ ROUTE ] array (
  'type' => 'module',
  'module' => 
  array (
    0 => 'index',
    1 => 'cate',
    2 => 'images',
  ),
)
[ info ] [ HEADER ] array (
  'host' => '127.0.0.1',
  'connection' => 'keep-alive',
  'user-agent' => 'Mozilla/5.0 (Windows NT 6.1; WOW64) AppleWebKit/537.36 (KHTML, like Gecko) Chrome/70.0.3538.77 Safari/537.36',
  'accept' => 'image/webp,image/apng,image/*,*/*;q=0.8',
  'referer' => 'http://127.0.0.1/public/index.php/index/cate/index',
  'accept-encoding' => 'gzip, deflate, br',
  'accept-language' => 'zh-CN,zh;q=0.9',
)
[ info ] [ PARAM ] array (
)
[ info ] [ LOG ] INIT File
---------------------------------------------------------------
[ 2019-01-28T04:18:37+08:00 ] 127.0.0.1 GET 127.0.0.1/public/index.php/index/cate/images/55-1609201139142c.jpg
[运行时间：0.136008s] [吞吐率：7.35req/s] [内存消耗：1,659.98kb] [文件加载：46]
[ info ] [ LANG ] F:\Programme\GitHub\Personal-Blog\thinkphp\lang\zh-cn.php
[ info ] [ ROUTE ] array (
  'type' => 'module',
  'module' => 
  array (
    0 => 'index',
    1 => 'cate',
    2 => 'images',
  ),
)
[ info ] [ HEADER ] array (
  'host' => '127.0.0.1',
  'connection' => 'keep-alive',
  'user-agent' => 'Mozilla/5.0 (Windows NT 6.1; WOW64) AppleWebKit/537.36 (KHTML, like Gecko) Chrome/70.0.3538.77 Safari/537.36',
  'accept' => 'image/webp,image/apng,image/*,*/*;q=0.8',
  'referer' => 'http://127.0.0.1/public/index.php/index/cate/index',
  'accept-encoding' => 'gzip, deflate, br',
  'accept-language' => 'zh-CN,zh;q=0.9',
)
[ info ] [ PARAM ] array (
)
[ info ] [ LOG ] INIT File
---------------------------------------------------------------
[ 2019-01-28T04:18:37+08:00 ] 127.0.0.1 GET 127.0.0.1/public/index.php/index/cate/images/52-1609201150560-L.jpg
[运行时间：0.142008s] [吞吐率：7.04req/s] [内存消耗：1,659.97kb] [文件加载：46]
[ info ] [ LANG ] F:\Programme\GitHub\Personal-Blog\thinkphp\lang\zh-cn.php
[ info ] [ ROUTE ] array (
  'type' => 'module',
  'module' => 
  array (
    0 => 'index',
    1 => 'cate',
    2 => 'images',
  ),
)
[ info ] [ HEADER ] array (
  'host' => '127.0.0.1',
  'connection' => 'keep-alive',
  'user-agent' => 'Mozilla/5.0 (Windows NT 6.1; WOW64) AppleWebKit/537.36 (KHTML, like Gecko) Chrome/70.0.3538.77 Safari/537.36',
  'accept' => 'image/webp,image/apng,image/*,*/*;q=0.8',
  'referer' => 'http://127.0.0.1/public/index.php/index/cate/index',
  'accept-encoding' => 'gzip, deflate, br',
  'accept-language' => 'zh-CN,zh;q=0.9',
)
[ info ] [ PARAM ] array (
)
[ info ] [ LOG ] INIT File
---------------------------------------------------------------
[ 2019-01-28T04:18:37+08:00 ] 127.0.0.1 GET 127.0.0.1/public/index.php/index/cate/images/57-1609201140460-L.jpg
[运行时间：0.183011s] [吞吐率：5.46req/s] [内存消耗：1,659.97kb] [文件加载：46]
[ info ] [ LANG ] F:\Programme\GitHub\Personal-Blog\thinkphp\lang\zh-cn.php
[ info ] [ ROUTE ] array (
  'type' => 'module',
  'module' => 
  array (
    0 => 'index',
    1 => 'cate',
    2 => 'images',
  ),
)
[ info ] [ HEADER ] array (
  'host' => '127.0.0.1',
  'connection' => 'keep-alive',
  'user-agent' => 'Mozilla/5.0 (Windows NT 6.1; WOW64) AppleWebKit/537.36 (KHTML, like Gecko) Chrome/70.0.3538.77 Safari/537.36',
  'accept' => 'image/webp,image/apng,image/*,*/*;q=0.8',
  'referer' => 'http://127.0.0.1/public/index.php/index/cate/index',
  'accept-encoding' => 'gzip, deflate, br',
  'accept-language' => 'zh-CN,zh;q=0.9',
)
[ info ] [ PARAM ] array (
)
[ info ] [ LOG ] INIT File
---------------------------------------------------------------
[ 2019-01-28T04:18:37+08:00 ] 127.0.0.1 GET 127.0.0.1/public/index.php/index/cate/images/52-160920112I80-L.jpg
[运行时间：0.141008s] [吞吐率：7.09req/s] [内存消耗：1,659.98kb] [文件加载：46]
[ info ] [ LANG ] F:\Programme\GitHub\Personal-Blog\thinkphp\lang\zh-cn.php
[ info ] [ ROUTE ] array (
  'type' => 'module',
  'module' => 
  array (
    0 => 'index',
    1 => 'cate',
    2 => 'images',
  ),
)
[ info ] [ HEADER ] array (
  'host' => '127.0.0.1',
  'connection' => 'keep-alive',
  'user-agent' => 'Mozilla/5.0 (Windows NT 6.1; WOW64) AppleWebKit/537.36 (KHTML, like Gecko) Chrome/70.0.3538.77 Safari/537.36',
  'accept' => 'image/webp,image/apng,image/*,*/*;q=0.8',
  'referer' => 'http://127.0.0.1/public/index.php/index/cate/index',
  'accept-encoding' => 'gzip, deflate, br',
  'accept-language' => 'zh-CN,zh;q=0.9',
)
[ info ] [ PARAM ] array (
)
[ info ] [ LOG ] INIT File
---------------------------------------------------------------
[ 2019-01-28T04:18:37+08:00 ] 127.0.0.1 GET 127.0.0.1/public/index.php/index/cate/images/57-1609201131370-L.jpg
[运行时间：0.145008s] [吞吐率：6.90req/s] [内存消耗：1,659.97kb] [文件加载：46]
[ info ] [ LANG ] F:\Programme\GitHub\Personal-Blog\thinkphp\lang\zh-cn.php
[ info ] [ ROUTE ] array (
  'type' => 'module',
  'module' => 
  array (
    0 => 'index',
    1 => 'cate',
    2 => 'images',
  ),
)
[ info ] [ HEADER ] array (
  'host' => '127.0.0.1',
  'connection' => 'keep-alive',
  'user-agent' => 'Mozilla/5.0 (Windows NT 6.1; WOW64) AppleWebKit/537.36 (KHTML, like Gecko) Chrome/70.0.3538.77 Safari/537.36',
  'accept' => 'image/webp,image/apng,image/*,*/*;q=0.8',
  'referer' => 'http://127.0.0.1/public/index.php/index/cate/index',
  'accept-encoding' => 'gzip, deflate, br',
  'accept-language' => 'zh-CN,zh;q=0.9',
)
[ info ] [ PARAM ] array (
)
[ info ] [ LOG ] INIT File
---------------------------------------------------------------
[ 2019-01-28T04:19:41+08:00 ] 127.0.0.1 GET 127.0.0.1/public/index.php/index/cate/index
[运行时间：0.124007s] [吞吐率：8.06req/s] [内存消耗：1,793.43kb] [文件加载：46]
[ info ] [ LANG ] F:\Programme\GitHub\Personal-Blog\thinkphp\lang\zh-cn.php
[ info ] [ ROUTE ] array (
  'type' => 'module',
  'module' => 
  array (
    0 => 'index',
    1 => 'cate',
    2 => 'index',
  ),
)
[ info ] [ HEADER ] array (
  'host' => '127.0.0.1',
  'connection' => 'keep-alive',
  'cache-control' => 'max-age=0',
  'upgrade-insecure-requests' => '1',
  'user-agent' => 'Mozilla/5.0 (Windows NT 6.1; WOW64) AppleWebKit/537.36 (KHTML, like Gecko) Chrome/70.0.3538.77 Safari/537.36',
  'accept' => 'text/html,application/xhtml+xml,application/xml;q=0.9,image/webp,image/apng,*/*;q=0.8',
  'accept-encoding' => 'gzip, deflate, br',
  'accept-language' => 'zh-CN,zh;q=0.9',
)
[ info ] [ PARAM ] array (
)
[ info ] [ RUN ] app\index\controller\Cate->index[ F:\Programme\GitHub\Personal-Blog\application\index\controller\Cate.php ]
[ info ] [ VIEW ] F:\Programme\GitHub\Personal-Blog\public/../application/index\view\cate\cate.html [ array (
) ]
[ info ] [ LOG ] INIT File
---------------------------------------------------------------
[ 2019-01-28T04:19:41+08:00 ] 127.0.0.1 GET 127.0.0.1/public/index.php/index/cate/images/js/ismobile.js
[运行时间：0.097006s] [吞吐率：10.31req/s] [内存消耗：1,660.04kb] [文件加载：46]
[ info ] [ LANG ] F:\Programme\GitHub\Personal-Blog\thinkphp\lang\zh-cn.php
[ info ] [ ROUTE ] array (
  'type' => 'module',
  'module' => 
  array (
    0 => 'index',
    1 => 'cate',
    2 => 'images',
  ),
)
[ info ] [ HEADER ] array (
  'host' => '127.0.0.1',
  'connection' => 'keep-alive',
  'user-agent' => 'Mozilla/5.0 (Windows NT 6.1; WOW64) AppleWebKit/537.36 (KHTML, like Gecko) Chrome/70.0.3538.77 Safari/537.36',
  'accept' => '*/*',
  'referer' => 'http://127.0.0.1/public/index.php/index/cate/index',
  'accept-encoding' => 'gzip, deflate, br',
  'accept-language' => 'zh-CN,zh;q=0.9',
)
[ info ] [ PARAM ] array (
  'js' => 'ismobile.js',
)
[ info ] [ LOG ] INIT File
---------------------------------------------------------------
[ 2019-01-28T04:19:41+08:00 ] 127.0.0.1 GET 127.0.0.1/public/index.php/index/cate/goto/my-65537.js
[运行时间：0.098005s] [吞吐率：10.20req/s] [内存消耗：1,659.73kb] [文件加载：46]
[ info ] [ LANG ] F:\Programme\GitHub\Personal-Blog\thinkphp\lang\zh-cn.php
[ info ] [ ROUTE ] array (
  'type' => 'module',
  'module' => 
  array (
    0 => 'index',
    1 => 'cate',
    2 => 'goto',
  ),
)
[ info ] [ HEADER ] array (
  'host' => '127.0.0.1',
  'connection' => 'keep-alive',
  'user-agent' => 'Mozilla/5.0 (Windows NT 6.1; WOW64) AppleWebKit/537.36 (KHTML, like Gecko) Chrome/70.0.3538.77 Safari/537.36',
  'accept' => '*/*',
  'referer' => 'http://127.0.0.1/public/index.php/index/cate/index',
  'accept-encoding' => 'gzip, deflate, br',
  'accept-language' => 'zh-CN,zh;q=0.9',
)
[ info ] [ PARAM ] array (
)
[ info ] [ LOG ] INIT File
---------------------------------------------------------------
[ 2019-01-28T04:19:41+08:00 ] 127.0.0.1 GET 127.0.0.1/public/index.php/index/cate/images/js/count_zixun.js
[运行时间：0.116007s] [吞吐率：8.62req/s] [内存消耗：1,660.05kb] [文件加载：46]
[ info ] [ LANG ] F:\Programme\GitHub\Personal-Blog\thinkphp\lang\zh-cn.php
[ info ] [ ROUTE ] array (
  'type' => 'module',
  'module' => 
  array (
    0 => 'index',
    1 => 'cate',
    2 => 'images',
  ),
)
[ info ] [ HEADER ] array (
  'host' => '127.0.0.1',
  'connection' => 'keep-alive',
  'user-agent' => 'Mozilla/5.0 (Windows NT 6.1; WOW64) AppleWebKit/537.36 (KHTML, like Gecko) Chrome/70.0.3538.77 Safari/537.36',
  'accept' => '*/*',
  'referer' => 'http://127.0.0.1/public/index.php/index/cate/index',
  'accept-encoding' => 'gzip, deflate, br',
  'accept-language' => 'zh-CN,zh;q=0.9',
)
[ info ] [ PARAM ] array (
  'js' => 'count_zixun.js',
)
[ info ] [ LOG ] INIT File
---------------------------------------------------------------
[ 2019-01-28T04:19:48+08:00 ] 127.0.0.1 GET 127.0.0.1/public/index.php/index/article/index
[运行时间：0.091005s] [吞吐率：10.99req/s] [内存消耗：1,818.98kb] [文件加载：46]
[ info ] [ LANG ] F:\Programme\GitHub\Personal-Blog\thinkphp\lang\zh-cn.php
[ info ] [ ROUTE ] array (
  'type' => 'module',
  'module' => 
  array (
    0 => 'index',
    1 => 'article',
    2 => 'index',
  ),
)
[ info ] [ HEADER ] array (
  'host' => '127.0.0.1',
  'connection' => 'keep-alive',
  'upgrade-insecure-requests' => '1',
  'user-agent' => 'Mozilla/5.0 (Windows NT 6.1; WOW64) AppleWebKit/537.36 (KHTML, like Gecko) Chrome/70.0.3538.77 Safari/537.36',
  'accept' => 'text/html,application/xhtml+xml,application/xml;q=0.9,image/webp,image/apng,*/*;q=0.8',
  'accept-encoding' => 'gzip, deflate, br',
  'accept-language' => 'zh-CN,zh;q=0.9',
)
[ info ] [ PARAM ] array (
)
[ info ] [ RUN ] app\index\controller\Article->index[ F:\Programme\GitHub\Personal-Blog\application\index\controller\Article.php ]
[ info ] [ VIEW ] F:\Programme\GitHub\Personal-Blog\public/../application/index\view\article\article.html [ array (
) ]
[ info ] [ LOG ] INIT File
---------------------------------------------------------------
[ 2019-01-28T04:19:48+08:00 ] 127.0.0.1 GET 127.0.0.1/public/index.php/index/article/style/lady.css
[运行时间：0.111006s] [吞吐率：9.01req/s] [内存消耗：1,659.91kb] [文件加载：46]
[ info ] [ LANG ] F:\Programme\GitHub\Personal-Blog\thinkphp\lang\zh-cn.php
[ info ] [ ROUTE ] array (
  'type' => 'module',
  'module' => 
  array (
    0 => 'index',
    1 => 'article',
    2 => 'style',
  ),
)
[ info ] [ HEADER ] array (
  'host' => '127.0.0.1',
  'connection' => 'keep-alive',
  'user-agent' => 'Mozilla/5.0 (Windows NT 6.1; WOW64) AppleWebKit/537.36 (KHTML, like Gecko) Chrome/70.0.3538.77 Safari/537.36',
  'accept' => 'text/css,*/*;q=0.1',
  'referer' => 'http://127.0.0.1/public/index.php/index/article/index',
  'accept-encoding' => 'gzip, deflate, br',
  'accept-language' => 'zh-CN,zh;q=0.9',
)
[ info ] [ PARAM ] array (
)
[ info ] [ LOG ] INIT File
---------------------------------------------------------------
[ 2019-01-28T04:19:48+08:00 ] 127.0.0.1 GET 127.0.0.1/public/index.php/index/article/style/ismobile.js
[运行时间：0.130008s] [吞吐率：7.69req/s] [内存消耗：1,659.73kb] [文件加载：46]
[ info ] [ LANG ] F:\Programme\GitHub\Personal-Blog\thinkphp\lang\zh-cn.php
[ info ] [ ROUTE ] array (
  'type' => 'module',
  'module' => 
  array (
    0 => 'index',
    1 => 'article',
    2 => 'style',
  ),
)
[ info ] [ HEADER ] array (
  'host' => '127.0.0.1',
  'connection' => 'keep-alive',
  'user-agent' => 'Mozilla/5.0 (Windows NT 6.1; WOW64) AppleWebKit/537.36 (KHTML, like Gecko) Chrome/70.0.3538.77 Safari/537.36',
  'accept' => '*/*',
  'referer' => 'http://127.0.0.1/public/index.php/index/article/index',
  'accept-encoding' => 'gzip, deflate, br',
  'accept-language' => 'zh-CN,zh;q=0.9',
)
[ info ] [ PARAM ] array (
)
[ info ] [ LOG ] INIT File
---------------------------------------------------------------
[ 2019-01-28T04:19:48+08:00 ] 127.0.0.1 GET 127.0.0.1/public/index.php/index/article/images/hunshang.png
[运行时间：0.125007s] [吞吐率：8.00req/s] [内存消耗：1,659.98kb] [文件加载：46]
[ info ] [ LANG ] F:\Programme\GitHub\Personal-Blog\thinkphp\lang\zh-cn.php
[ info ] [ ROUTE ] array (
  'type' => 'module',
  'module' => 
  array (
    0 => 'index',
    1 => 'article',
    2 => 'images',
  ),
)
[ info ] [ HEADER ] array (
  'host' => '127.0.0.1',
  'connection' => 'keep-alive',
  'user-agent' => 'Mozilla/5.0 (Windows NT 6.1; WOW64) AppleWebKit/537.36 (KHTML, like Gecko) Chrome/70.0.3538.77 Safari/537.36',
  'accept' => 'image/webp,image/apng,image/*,*/*;q=0.8',
  'referer' => 'http://127.0.0.1/public/index.php/index/article/index',
  'accept-encoding' => 'gzip, deflate, br',
  'accept-language' => 'zh-CN,zh;q=0.9',
)
[ info ] [ PARAM ] array (
)
[ info ] [ LOG ] INIT File
---------------------------------------------------------------
[ 2019-01-28T04:19:48+08:00 ] 127.0.0.1 GET 127.0.0.1/public/index.php/index/article/images/55_160920113801_1.jpg
[运行时间：0.173010s] [吞吐率：5.78req/s] [内存消耗：1,659.97kb] [文件加载：46]
[ info ] [ LANG ] F:\Programme\GitHub\Personal-Blog\thinkphp\lang\zh-cn.php
[ info ] [ ROUTE ] array (
  'type' => 'module',
  'module' => 
  array (
    0 => 'index',
    1 => 'article',
    2 => 'images',
  ),
)
[ info ] [ HEADER ] array (
  'host' => '127.0.0.1',
  'connection' => 'keep-alive',
  'user-agent' => 'Mozilla/5.0 (Windows NT 6.1; WOW64) AppleWebKit/537.36 (KHTML, like Gecko) Chrome/70.0.3538.77 Safari/537.36',
  'accept' => 'image/webp,image/apng,image/*,*/*;q=0.8',
  'referer' => 'http://127.0.0.1/public/index.php/index/article/index',
  'accept-encoding' => 'gzip, deflate, br',
  'accept-language' => 'zh-CN,zh;q=0.9',
)
[ info ] [ PARAM ] array (
)
[ info ] [ LOG ] INIT File
---------------------------------------------------------------
[ 2019-01-28T04:19:48+08:00 ] 127.0.0.1 GET 127.0.0.1/public/index.php/index/article/images/55-1609201139142c.jpg
[运行时间：0.168010s] [吞吐率：5.95req/s] [内存消耗：1,659.97kb] [文件加载：46]
[ info ] [ LANG ] F:\Programme\GitHub\Personal-Blog\thinkphp\lang\zh-cn.php
[ info ] [ ROUTE ] array (
  'type' => 'module',
  'module' => 
  array (
    0 => 'index',
    1 => 'article',
    2 => 'images',
  ),
)
[ info ] [ HEADER ] array (
  'host' => '127.0.0.1',
  'connection' => 'keep-alive',
  'user-agent' => 'Mozilla/5.0 (Windows NT 6.1; WOW64) AppleWebKit/537.36 (KHTML, like Gecko) Chrome/70.0.3538.77 Safari/537.36',
  'accept' => 'image/webp,image/apng,image/*,*/*;q=0.8',
  'referer' => 'http://127.0.0.1/public/index.php/index/article/index',
  'accept-encoding' => 'gzip, deflate, br',
  'accept-language' => 'zh-CN,zh;q=0.9',
)
[ info ] [ PARAM ] array (
)
[ info ] [ LOG ] INIT File
---------------------------------------------------------------
[ 2019-01-28T04:19:48+08:00 ] 127.0.0.1 GET 127.0.0.1/public/index.php/index/article/images/52-160920112I80-L.jpg
[运行时间：0.173010s] [吞吐率：5.78req/s] [内存消耗：1,659.97kb] [文件加载：46]
[ info ] [ LANG ] F:\Programme\GitHub\Personal-Blog\thinkphp\lang\zh-cn.php
[ info ] [ ROUTE ] array (
  'type' => 'module',
  'module' => 
  array (
    0 => 'index',
    1 => 'article',
    2 => 'images',
  ),
)
[ info ] [ HEADER ] array (
  'host' => '127.0.0.1',
  'connection' => 'keep-alive',
  'user-agent' => 'Mozilla/5.0 (Windows NT 6.1; WOW64) AppleWebKit/537.36 (KHTML, like Gecko) Chrome/70.0.3538.77 Safari/537.36',
  'accept' => 'image/webp,image/apng,image/*,*/*;q=0.8',
  'referer' => 'http://127.0.0.1/public/index.php/index/article/index',
  'accept-encoding' => 'gzip, deflate, br',
  'accept-language' => 'zh-CN,zh;q=0.9',
)
[ info ] [ PARAM ] array (
)
[ info ] [ LOG ] INIT File
---------------------------------------------------------------
[ 2019-01-28T04:19:48+08:00 ] 127.0.0.1 GET 127.0.0.1/public/index.php/index/article/images/57-1609201131370-L.jpg
[运行时间：0.187011s] [吞吐率：5.35req/s] [内存消耗：1,659.97kb] [文件加载：46]
[ info ] [ LANG ] F:\Programme\GitHub\Personal-Blog\thinkphp\lang\zh-cn.php
[ info ] [ ROUTE ] array (
  'type' => 'module',
  'module' => 
  array (
    0 => 'index',
    1 => 'article',
    2 => 'images',
  ),
)
[ info ] [ HEADER ] array (
  'host' => '127.0.0.1',
  'connection' => 'keep-alive',
  'user-agent' => 'Mozilla/5.0 (Windows NT 6.1; WOW64) AppleWebKit/537.36 (KHTML, like Gecko) Chrome/70.0.3538.77 Safari/537.36',
  'accept' => 'image/webp,image/apng,image/*,*/*;q=0.8',
  'referer' => 'http://127.0.0.1/public/index.php/index/article/index',
  'accept-encoding' => 'gzip, deflate, br',
  'accept-language' => 'zh-CN,zh;q=0.9',
)
[ info ] [ PARAM ] array (
)
[ info ] [ LOG ] INIT File
---------------------------------------------------------------
[ 2019-01-28T04:19:48+08:00 ] 127.0.0.1 GET 127.0.0.1/public/index.php/index/article/images/55_160920113818_1.jpg
[运行时间：0.177011s] [吞吐率：5.65req/s] [内存消耗：1,659.97kb] [文件加载：46]
[ info ] [ LANG ] F:\Programme\GitHub\Personal-Blog\thinkphp\lang\zh-cn.php
[ info ] [ ROUTE ] array (
  'type' => 'module',
  'module' => 
  array (
    0 => 'index',
    1 => 'article',
    2 => 'images',
  ),
)
[ info ] [ HEADER ] array (
  'host' => '127.0.0.1',
  'connection' => 'keep-alive',
  'user-agent' => 'Mozilla/5.0 (Windows NT 6.1; WOW64) AppleWebKit/537.36 (KHTML, like Gecko) Chrome/70.0.3538.77 Safari/537.36',
  'accept' => 'image/webp,image/apng,image/*,*/*;q=0.8',
  'referer' => 'http://127.0.0.1/public/index.php/index/article/index',
  'accept-encoding' => 'gzip, deflate, br',
  'accept-language' => 'zh-CN,zh;q=0.9',
)
[ info ] [ PARAM ] array (
)
[ info ] [ LOG ] INIT File
---------------------------------------------------------------
[ 2019-01-28T04:19:48+08:00 ] 127.0.0.1 GET 127.0.0.1/public/index.php/index/article/images/54-1609201132532E.jpg
[运行时间：0.182011s] [吞吐率：5.49req/s] [内存消耗：1,659.97kb] [文件加载：46]
[ info ] [ LANG ] F:\Programme\GitHub\Personal-Blog\thinkphp\lang\zh-cn.php
[ info ] [ ROUTE ] array (
  'type' => 'module',
  'module' => 
  array (
    0 => 'index',
    1 => 'article',
    2 => 'images',
  ),
)
[ info ] [ HEADER ] array (
  'host' => '127.0.0.1',
  'connection' => 'keep-alive',
  'user-agent' => 'Mozilla/5.0 (Windows NT 6.1; WOW64) AppleWebKit/537.36 (KHTML, like Gecko) Chrome/70.0.3538.77 Safari/537.36',
  'accept' => 'image/webp,image/apng,image/*,*/*;q=0.8',
  'referer' => 'http://127.0.0.1/public/index.php/index/article/index',
  'accept-encoding' => 'gzip, deflate, br',
  'accept-language' => 'zh-CN,zh;q=0.9',
)
[ info ] [ PARAM ] array (
)
[ info ] [ LOG ] INIT File
---------------------------------------------------------------
[ 2019-01-28T04:19:48+08:00 ] 127.0.0.1 GET 127.0.0.1/public/index.php/index/article/images/55-16092011312M37.jpg
[运行时间：0.160010s] [吞吐率：6.25req/s] [内存消耗：1,659.97kb] [文件加载：46]
[ info ] [ LANG ] F:\Programme\GitHub\Personal-Blog\thinkphp\lang\zh-cn.php
[ info ] [ ROUTE ] array (
  'type' => 'module',
  'module' => 
  array (
    0 => 'index',
    1 => 'article',
    2 => 'images',
  ),
)
[ info ] [ HEADER ] array (
  'host' => '127.0.0.1',
  'connection' => 'keep-alive',
  'user-agent' => 'Mozilla/5.0 (Windows NT 6.1; WOW64) AppleWebKit/537.36 (KHTML, like Gecko) Chrome/70.0.3538.77 Safari/537.36',
  'accept' => 'image/webp,image/apng,image/*,*/*;q=0.8',
  'referer' => 'http://127.0.0.1/public/index.php/index/article/index',
  'accept-encoding' => 'gzip, deflate, br',
  'accept-language' => 'zh-CN,zh;q=0.9',
)
[ info ] [ PARAM ] array (
)
[ info ] [ LOG ] INIT File
---------------------------------------------------------------
[ 2019-01-28T04:19:49+08:00 ] 127.0.0.1 GET 127.0.0.1/public/index.php/index/article/images/52-160920111U60-L.jpg
[运行时间：0.153008s] [吞吐率：6.54req/s] [内存消耗：1,659.97kb] [文件加载：46]
[ info ] [ LANG ] F:\Programme\GitHub\Personal-Blog\thinkphp\lang\zh-cn.php
[ info ] [ ROUTE ] array (
  'type' => 'module',
  'module' => 
  array (
    0 => 'index',
    1 => 'article',
    2 => 'images',
  ),
)
[ info ] [ HEADER ] array (
  'host' => '127.0.0.1',
  'connection' => 'keep-alive',
  'user-agent' => 'Mozilla/5.0 (Windows NT 6.1; WOW64) AppleWebKit/537.36 (KHTML, like Gecko) Chrome/70.0.3538.77 Safari/537.36',
  'accept' => 'image/webp,image/apng,image/*,*/*;q=0.8',
  'referer' => 'http://127.0.0.1/public/index.php/index/article/index',
  'accept-encoding' => 'gzip, deflate, br',
  'accept-language' => 'zh-CN,zh;q=0.9',
)
[ info ] [ PARAM ] array (
)
[ info ] [ LOG ] INIT File
---------------------------------------------------------------
[ 2019-01-28T04:19:49+08:00 ] 127.0.0.1 GET 127.0.0.1/public/index.php/index/article/images/57-160920111J90-L.jpg
[运行时间：0.155009s] [吞吐率：6.45req/s] [内存消耗：1,659.97kb] [文件加载：46]
[ info ] [ LANG ] F:\Programme\GitHub\Personal-Blog\thinkphp\lang\zh-cn.php
[ info ] [ ROUTE ] array (
  'type' => 'module',
  'module' => 
  array (
    0 => 'index',
    1 => 'article',
    2 => 'images',
  ),
)
[ info ] [ HEADER ] array (
  'host' => '127.0.0.1',
  'connection' => 'keep-alive',
  'user-agent' => 'Mozilla/5.0 (Windows NT 6.1; WOW64) AppleWebKit/537.36 (KHTML, like Gecko) Chrome/70.0.3538.77 Safari/537.36',
  'accept' => 'image/webp,image/apng,image/*,*/*;q=0.8',
  'referer' => 'http://127.0.0.1/public/index.php/index/article/index',
  'accept-encoding' => 'gzip, deflate, br',
  'accept-language' => 'zh-CN,zh;q=0.9',
)
[ info ] [ PARAM ] array (
)
[ info ] [ LOG ] INIT File
---------------------------------------------------------------
[ 2019-01-28T04:19:49+08:00 ] 127.0.0.1 GET 127.0.0.1/public/index.php/index/article/images/55-160920111952403.jpg
[运行时间：0.148008s] [吞吐率：6.76req/s] [内存消耗：1,659.97kb] [文件加载：46]
[ info ] [ LANG ] F:\Programme\GitHub\Personal-Blog\thinkphp\lang\zh-cn.php
[ info ] [ ROUTE ] array (
  'type' => 'module',
  'module' => 
  array (
    0 => 'index',
    1 => 'article',
    2 => 'images',
  ),
)
[ info ] [ HEADER ] array (
  'host' => '127.0.0.1',
  'connection' => 'keep-alive',
  'user-agent' => 'Mozilla/5.0 (Windows NT 6.1; WOW64) AppleWebKit/537.36 (KHTML, like Gecko) Chrome/70.0.3538.77 Safari/537.36',
  'accept' => 'image/webp,image/apng,image/*,*/*;q=0.8',
  'referer' => 'http://127.0.0.1/public/index.php/index/article/index',
  'accept-encoding' => 'gzip, deflate, br',
  'accept-language' => 'zh-CN,zh;q=0.9',
)
[ info ] [ PARAM ] array (
)
[ info ] [ LOG ] INIT File
---------------------------------------------------------------
[ 2019-01-28T04:20:16+08:00 ] 127.0.0.1 GET 127.0.0.1/public/index.php/index/article/index
[运行时间：0.109007s] [吞吐率：9.17req/s] [内存消耗：1,820.77kb] [文件加载：46]
[ info ] [ LANG ] F:\Programme\GitHub\Personal-Blog\thinkphp\lang\zh-cn.php
[ info ] [ ROUTE ] array (
  'type' => 'module',
  'module' => 
  array (
    0 => 'index',
    1 => 'article',
    2 => 'index',
  ),
)
[ info ] [ HEADER ] array (
  'host' => '127.0.0.1',
  'connection' => 'keep-alive',
  'cache-control' => 'max-age=0',
  'upgrade-insecure-requests' => '1',
  'user-agent' => 'Mozilla/5.0 (Windows NT 6.1; WOW64) AppleWebKit/537.36 (KHTML, like Gecko) Chrome/70.0.3538.77 Safari/537.36',
  'accept' => 'text/html,application/xhtml+xml,application/xml;q=0.9,image/webp,image/apng,*/*;q=0.8',
  'accept-encoding' => 'gzip, deflate, br',
  'accept-language' => 'zh-CN,zh;q=0.9',
)
[ info ] [ PARAM ] array (
)
[ info ] [ RUN ] app\index\controller\Article->index[ F:\Programme\GitHub\Personal-Blog\application\index\controller\Article.php ]
[ info ] [ VIEW ] F:\Programme\GitHub\Personal-Blog\public/../application/index\view\article\article.html [ array (
) ]
[ info ] [ LOG ] INIT File
---------------------------------------------------------------
[ 2019-01-28T04:20:16+08:00 ] 127.0.0.1 GET 127.0.0.1/public/static/index/style/pcbg.png
[运行时间：0.083004s] [吞吐率：12.05req/s] [内存消耗：1,378.88kb] [文件加载：38]
[ info ] [ LANG ] F:\Programme\GitHub\Personal-Blog\thinkphp\lang\zh-cn.php
[ info ] [ ROUTE ] array (
  'type' => 'module',
  'module' => 
  array (
    0 => 'static',
    1 => 'index',
    2 => 'style',
  ),
)
[ info ] [ HEADER ] array (
  'host' => '127.0.0.1',
  'connection' => 'keep-alive',
  'user-agent' => 'Mozilla/5.0 (Windows NT 6.1; WOW64) AppleWebKit/537.36 (KHTML, like Gecko) Chrome/70.0.3538.77 Safari/537.36',
  'accept' => 'image/webp,image/apng,image/*,*/*;q=0.8',
  'referer' => 'http://127.0.0.1/public/static/index/style/lady.css',
  'accept-encoding' => 'gzip, deflate, br',
  'accept-language' => 'zh-CN,zh;q=0.9',
)
[ info ] [ PARAM ] array (
)
[ info ] [ LOG ] INIT File
---------------------------------------------------------------
[ 2019-01-28T04:20:58+08:00 ] 127.0.0.1 GET 127.0.0.1/public/index.php/index/article/index
[运行时间：0.098006s] [吞吐率：10.20req/s] [内存消耗：1,641.96kb] [文件加载：44]
[ info ] [ LANG ] F:\Programme\GitHub\Personal-Blog\thinkphp\lang\zh-cn.php
[ info ] [ ROUTE ] array (
  'type' => 'module',
  'module' => 
  array (
    0 => 'index',
    1 => 'article',
    2 => 'index',
  ),
)
[ info ] [ HEADER ] array (
  'host' => '127.0.0.1',
  'connection' => 'keep-alive',
  'cache-control' => 'max-age=0',
  'upgrade-insecure-requests' => '1',
  'user-agent' => 'Mozilla/5.0 (Windows NT 6.1; WOW64) AppleWebKit/537.36 (KHTML, like Gecko) Chrome/70.0.3538.77 Safari/537.36',
  'accept' => 'text/html,application/xhtml+xml,application/xml;q=0.9,image/webp,image/apng,*/*;q=0.8',
  'accept-encoding' => 'gzip, deflate, br',
  'accept-language' => 'zh-CN,zh;q=0.9',
)
[ info ] [ PARAM ] array (
)
[ info ] [ RUN ] app\index\controller\Article->index[ F:\Programme\GitHub\Personal-Blog\application\index\controller\Article.php ]
[ info ] [ VIEW ] F:\Programme\GitHub\Personal-Blog\public/../application/index\view\article\article.html [ array (
) ]
[ info ] [ LOG ] INIT File
---------------------------------------------------------------
[ 2019-01-28T04:20:58+08:00 ] 127.0.0.1 GET 127.0.0.1/public/static/index/style/pcbg.png
[运行时间：0.121007s] [吞吐率：8.26req/s] [内存消耗：1,378.88kb] [文件加载：38]
[ info ] [ LANG ] F:\Programme\GitHub\Personal-Blog\thinkphp\lang\zh-cn.php
[ info ] [ ROUTE ] array (
  'type' => 'module',
  'module' => 
  array (
    0 => 'static',
    1 => 'index',
    2 => 'style',
  ),
)
[ info ] [ HEADER ] array (
  'host' => '127.0.0.1',
  'connection' => 'keep-alive',
  'user-agent' => 'Mozilla/5.0 (Windows NT 6.1; WOW64) AppleWebKit/537.36 (KHTML, like Gecko) Chrome/70.0.3538.77 Safari/537.36',
  'accept' => 'image/webp,image/apng,image/*,*/*;q=0.8',
  'referer' => 'http://127.0.0.1/public/static/index/style/lady.css',
  'accept-encoding' => 'gzip, deflate, br',
  'accept-language' => 'zh-CN,zh;q=0.9',
)
[ info ] [ PARAM ] array (
)
[ info ] [ LOG ] INIT File
---------------------------------------------------------------
[ 2019-01-28T04:24:47+08:00 ] 127.0.0.1 GET 127.0.0.1/public/
[运行时间：0.128007s] [吞吐率：7.81req/s] [内存消耗：1,790.87kb] [文件加载：46]
[ info ] [ LANG ] F:\Programme\GitHub\Personal-Blog\thinkphp\lang\zh-cn.php
[ info ] [ ROUTE ] array (
  'type' => 'module',
  'module' => 
  array (
    0 => '',
    1 => NULL,
    2 => NULL,
  ),
)
[ info ] [ HEADER ] array (
  'host' => '127.0.0.1',
  'connection' => 'keep-alive',
  'upgrade-insecure-requests' => '1',
  'user-agent' => 'Mozilla/5.0 (Windows NT 6.1; WOW64) AppleWebKit/537.36 (KHTML, like Gecko) Chrome/70.0.3538.77 Safari/537.36',
  'accept' => 'text/html,application/xhtml+xml,application/xml;q=0.9,image/webp,image/apng,*/*;q=0.8',
  'accept-encoding' => 'gzip, deflate, br',
  'accept-language' => 'zh-CN,zh;q=0.9',
)
[ info ] [ PARAM ] array (
)
[ info ] [ RUN ] app\index\controller\Index->index[ F:\Programme\GitHub\Personal-Blog\application\index\controller\Index.php ]
[ info ] [ VIEW ] F:\Programme\GitHub\Personal-Blog\public/../application/index\view\index\index.html [ array (
) ]
[ info ] [ LOG ] INIT File
---------------------------------------------------------------
[ 2019-01-28T04:24:47+08:00 ] 127.0.0.1 GET 127.0.0.1/public/goto/my-65537.js
[运行时间：0.102006s] [吞吐率：9.80req/s] [内存消耗：1,378.70kb] [文件加载：38]
[ info ] [ LANG ] F:\Programme\GitHub\Personal-Blog\thinkphp\lang\zh-cn.php
[ info ] [ ROUTE ] array (
  'type' => 'module',
  'module' => 
  array (
    0 => 'goto',
    1 => 'my-65537.js',
    2 => NULL,
  ),
)
[ info ] [ HEADER ] array (
  'host' => '127.0.0.1',
  'connection' => 'keep-alive',
  'user-agent' => 'Mozilla/5.0 (Windows NT 6.1; WOW64) AppleWebKit/537.36 (KHTML, like Gecko) Chrome/70.0.3538.77 Safari/537.36',
  'accept' => '*/*',
  'referer' => 'http://127.0.0.1/public/',
  'accept-encoding' => 'gzip, deflate, br',
  'accept-language' => 'zh-CN,zh;q=0.9',
)
[ info ] [ PARAM ] array (
)
[ info ] [ LOG ] INIT File
---------------------------------------------------------------
[ 2019-01-28T04:24:47+08:00 ] 127.0.0.1 GET 127.0.0.1/public/images/js/count_zixun.js
[运行时间：0.119007s] [吞吐率：8.40req/s] [内存消耗：1,378.69kb] [文件加载：38]
[ info ] [ LANG ] F:\Programme\GitHub\Personal-Blog\thinkphp\lang\zh-cn.php
[ info ] [ ROUTE ] array (
  'type' => 'module',
  'module' => 
  array (
    0 => 'images',
    1 => 'js',
    2 => 'count_zixun.js',
  ),
)
[ info ] [ HEADER ] array (
  'host' => '127.0.0.1',
  'connection' => 'keep-alive',
  'user-agent' => 'Mozilla/5.0 (Windows NT 6.1; WOW64) AppleWebKit/537.36 (KHTML, like Gecko) Chrome/70.0.3538.77 Safari/537.36',
  'accept' => '*/*',
  'referer' => 'http://127.0.0.1/public/',
  'accept-encoding' => 'gzip, deflate, br',
  'accept-language' => 'zh-CN,zh;q=0.9',
)
[ info ] [ PARAM ] array (
)
[ info ] [ LOG ] INIT File
---------------------------------------------------------------
[ 2019-01-28T04:25:10+08:00 ] 127.0.0.1 GET 127.0.0.1/public/
[运行时间：0.128007s] [吞吐率：7.81req/s] [内存消耗：1,792.17kb] [文件加载：46]
[ info ] [ LANG ] F:\Programme\GitHub\Personal-Blog\thinkphp\lang\zh-cn.php
[ info ] [ ROUTE ] array (
  'type' => 'module',
  'module' => 
  array (
    0 => '',
    1 => NULL,
    2 => NULL,
  ),
)
[ info ] [ HEADER ] array (
  'host' => '127.0.0.1',
  'connection' => 'keep-alive',
  'cache-control' => 'max-age=0',
  'upgrade-insecure-requests' => '1',
  'user-agent' => 'Mozilla/5.0 (Windows NT 6.1; WOW64) AppleWebKit/537.36 (KHTML, like Gecko) Chrome/70.0.3538.77 Safari/537.36',
  'accept' => 'text/html,application/xhtml+xml,application/xml;q=0.9,image/webp,image/apng,*/*;q=0.8',
  'accept-encoding' => 'gzip, deflate, br',
  'accept-language' => 'zh-CN,zh;q=0.9',
)
[ info ] [ PARAM ] array (
)
[ info ] [ RUN ] app\index\controller\Index->index[ F:\Programme\GitHub\Personal-Blog\application\index\controller\Index.php ]
[ info ] [ VIEW ] F:\Programme\GitHub\Personal-Blog\public/../application/index\view\index\index.html [ array (
) ]
[ info ] [ LOG ] INIT File
---------------------------------------------------------------
[ 2019-01-28T04:25:10+08:00 ] 127.0.0.1 GET 127.0.0.1/public/goto/my-65537.js
[运行时间：0.122007s] [吞吐率：8.20req/s] [内存消耗：1,378.70kb] [文件加载：38]
[ info ] [ LANG ] F:\Programme\GitHub\Personal-Blog\thinkphp\lang\zh-cn.php
[ info ] [ ROUTE ] array (
  'type' => 'module',
  'module' => 
  array (
    0 => 'goto',
    1 => 'my-65537.js',
    2 => NULL,
  ),
)
[ info ] [ HEADER ] array (
  'host' => '127.0.0.1',
  'connection' => 'keep-alive',
  'user-agent' => 'Mozilla/5.0 (Windows NT 6.1; WOW64) AppleWebKit/537.36 (KHTML, like Gecko) Chrome/70.0.3538.77 Safari/537.36',
  'accept' => '*/*',
  'referer' => 'http://127.0.0.1/public/',
  'accept-encoding' => 'gzip, deflate, br',
  'accept-language' => 'zh-CN,zh;q=0.9',
)
[ info ] [ PARAM ] array (
)
[ info ] [ LOG ] INIT File
---------------------------------------------------------------
[ 2019-01-28T04:25:10+08:00 ] 127.0.0.1 GET 127.0.0.1/public/images/js/count_zixun.js
[运行时间：0.141009s] [吞吐率：7.09req/s] [内存消耗：1,378.69kb] [文件加载：38]
[ info ] [ LANG ] F:\Programme\GitHub\Personal-Blog\thinkphp\lang\zh-cn.php
[ info ] [ ROUTE ] array (
  'type' => 'module',
  'module' => 
  array (
    0 => 'images',
    1 => 'js',
    2 => 'count_zixun.js',
  ),
)
[ info ] [ HEADER ] array (
  'host' => '127.0.0.1',
  'connection' => 'keep-alive',
  'user-agent' => 'Mozilla/5.0 (Windows NT 6.1; WOW64) AppleWebKit/537.36 (KHTML, like Gecko) Chrome/70.0.3538.77 Safari/537.36',
  'accept' => '*/*',
  'referer' => 'http://127.0.0.1/public/',
  'accept-encoding' => 'gzip, deflate, br',
  'accept-language' => 'zh-CN,zh;q=0.9',
)
[ info ] [ PARAM ] array (
)
[ info ] [ LOG ] INIT File
---------------------------------------------------------------
[ 2019-01-28T04:30:30+08:00 ] 127.0.0.1 GET 127.0.0.1/public/
[运行时间：0.120007s] [吞吐率：8.33req/s] [内存消耗：1,792.13kb] [文件加载：46]
[ info ] [ LANG ] F:\Programme\GitHub\Personal-Blog\thinkphp\lang\zh-cn.php
[ info ] [ ROUTE ] array (
  'type' => 'module',
  'module' => 
  array (
    0 => '',
    1 => NULL,
    2 => NULL,
  ),
)
[ info ] [ HEADER ] array (
  'host' => '127.0.0.1',
  'connection' => 'keep-alive',
  'cache-control' => 'max-age=0',
  'upgrade-insecure-requests' => '1',
  'user-agent' => 'Mozilla/5.0 (Windows NT 6.1; WOW64) AppleWebKit/537.36 (KHTML, like Gecko) Chrome/70.0.3538.77 Safari/537.36',
  'accept' => 'text/html,application/xhtml+xml,application/xml;q=0.9,image/webp,image/apng,*/*;q=0.8',
  'accept-encoding' => 'gzip, deflate, br',
  'accept-language' => 'zh-CN,zh;q=0.9',
)
[ info ] [ PARAM ] array (
)
[ info ] [ RUN ] app\index\controller\Index->index[ F:\Programme\GitHub\Personal-Blog\application\index\controller\Index.php ]
[ info ] [ VIEW ] F:\Programme\GitHub\Personal-Blog\public/../application/index\view\index\index.html [ array (
) ]
[ info ] [ LOG ] INIT File
---------------------------------------------------------------
[ 2019-01-28T04:30:31+08:00 ] 127.0.0.1 GET 127.0.0.1/public/goto/my-65537.js
[运行时间：0.104006s] [吞吐率：9.61req/s] [内存消耗：1,378.70kb] [文件加载：38]
[ info ] [ LANG ] F:\Programme\GitHub\Personal-Blog\thinkphp\lang\zh-cn.php
[ info ] [ ROUTE ] array (
  'type' => 'module',
  'module' => 
  array (
    0 => 'goto',
    1 => 'my-65537.js',
    2 => NULL,
  ),
)
[ info ] [ HEADER ] array (
  'host' => '127.0.0.1',
  'connection' => 'keep-alive',
  'user-agent' => 'Mozilla/5.0 (Windows NT 6.1; WOW64) AppleWebKit/537.36 (KHTML, like Gecko) Chrome/70.0.3538.77 Safari/537.36',
  'accept' => '*/*',
  'referer' => 'http://127.0.0.1/public/',
  'accept-encoding' => 'gzip, deflate, br',
  'accept-language' => 'zh-CN,zh;q=0.9',
)
[ info ] [ PARAM ] array (
)
[ info ] [ LOG ] INIT File
---------------------------------------------------------------
[ 2019-01-28T04:30:31+08:00 ] 127.0.0.1 GET 127.0.0.1/public/images/js/count_zixun.js
[运行时间：0.118007s] [吞吐率：8.47req/s] [内存消耗：1,378.69kb] [文件加载：38]
[ info ] [ LANG ] F:\Programme\GitHub\Personal-Blog\thinkphp\lang\zh-cn.php
[ info ] [ ROUTE ] array (
  'type' => 'module',
  'module' => 
  array (
    0 => 'images',
    1 => 'js',
    2 => 'count_zixun.js',
  ),
)
[ info ] [ HEADER ] array (
  'host' => '127.0.0.1',
  'connection' => 'keep-alive',
  'user-agent' => 'Mozilla/5.0 (Windows NT 6.1; WOW64) AppleWebKit/537.36 (KHTML, like Gecko) Chrome/70.0.3538.77 Safari/537.36',
  'accept' => '*/*',
  'referer' => 'http://127.0.0.1/public/',
  'accept-encoding' => 'gzip, deflate, br',
  'accept-language' => 'zh-CN,zh;q=0.9',
)
[ info ] [ PARAM ] array (
)
[ info ] [ LOG ] INIT File
---------------------------------------------------------------
[ 2019-01-28T04:30:40+08:00 ] 127.0.0.1 GET 127.0.0.1/public/index.php/index/index/index
[运行时间：0.080004s] [吞吐率：12.50req/s] [内存消耗：1,625.72kb] [文件加载：44]
[ info ] [ LANG ] F:\Programme\GitHub\Personal-Blog\thinkphp\lang\zh-cn.php
[ info ] [ ROUTE ] array (
  'type' => 'module',
  'module' => 
  array (
    0 => 'index',
    1 => 'index',
    2 => 'index',
  ),
)
[ info ] [ HEADER ] array (
  'host' => '127.0.0.1',
  'connection' => 'keep-alive',
  'upgrade-insecure-requests' => '1',
  'user-agent' => 'Mozilla/5.0 (Windows NT 6.1; WOW64) AppleWebKit/537.36 (KHTML, like Gecko) Chrome/70.0.3538.77 Safari/537.36',
  'accept' => 'text/html,application/xhtml+xml,application/xml;q=0.9,image/webp,image/apng,*/*;q=0.8',
  'accept-encoding' => 'gzip, deflate, br',
  'accept-language' => 'zh-CN,zh;q=0.9',
)
[ info ] [ PARAM ] array (
)
[ info ] [ RUN ] app\index\controller\Index->index[ F:\Programme\GitHub\Personal-Blog\application\index\controller\Index.php ]
[ info ] [ VIEW ] F:\Programme\GitHub\Personal-Blog\public/../application/index\view\index\index.html [ array (
) ]
[ info ] [ LOG ] INIT File
---------------------------------------------------------------
[ 2019-01-28T04:30:40+08:00 ] 127.0.0.1 GET 127.0.0.1/public/index.php/index/index/images/js/count_zixun.js
[运行时间：0.106006s] [吞吐率：9.43req/s] [内存消耗：1,659.96kb] [文件加载：46]
[ info ] [ LANG ] F:\Programme\GitHub\Personal-Blog\thinkphp\lang\zh-cn.php
[ info ] [ ROUTE ] array (
  'type' => 'module',
  'module' => 
  array (
    0 => 'index',
    1 => 'index',
    2 => 'images',
  ),
)
[ info ] [ HEADER ] array (
  'host' => '127.0.0.1',
  'connection' => 'keep-alive',
  'user-agent' => 'Mozilla/5.0 (Windows NT 6.1; WOW64) AppleWebKit/537.36 (KHTML, like Gecko) Chrome/70.0.3538.77 Safari/537.36',
  'accept' => '*/*',
  'referer' => 'http://127.0.0.1/public/index.php/index/index/index',
  'accept-encoding' => 'gzip, deflate, br',
  'accept-language' => 'zh-CN,zh;q=0.9',
)
[ info ] [ PARAM ] array (
  'js' => 'count_zixun.js',
)
[ info ] [ LOG ] INIT File
---------------------------------------------------------------
[ 2019-01-28T04:30:40+08:00 ] 127.0.0.1 GET 127.0.0.1/public/index.php/index/index/goto/my-65537.js
[运行时间：0.121007s] [吞吐率：8.26req/s] [内存消耗：1,659.73kb] [文件加载：46]
[ info ] [ LANG ] F:\Programme\GitHub\Personal-Blog\thinkphp\lang\zh-cn.php
[ info ] [ ROUTE ] array (
  'type' => 'module',
  'module' => 
  array (
    0 => 'index',
    1 => 'index',
    2 => 'goto',
  ),
)
[ info ] [ HEADER ] array (
  'host' => '127.0.0.1',
  'connection' => 'keep-alive',
  'user-agent' => 'Mozilla/5.0 (Windows NT 6.1; WOW64) AppleWebKit/537.36 (KHTML, like Gecko) Chrome/70.0.3538.77 Safari/537.36',
  'accept' => '*/*',
  'referer' => 'http://127.0.0.1/public/index.php/index/index/index',
  'accept-encoding' => 'gzip, deflate, br',
  'accept-language' => 'zh-CN,zh;q=0.9',
)
[ info ] [ PARAM ] array (
)
[ info ] [ LOG ] INIT File
---------------------------------------------------------------
[ 2019-01-28T04:30:40+08:00 ] 127.0.0.1 GET 127.0.0.1/public/index.php/index/index/images/js/count_zixun.js
[运行时间：0.090006s] [吞吐率：11.11req/s] [内存消耗：1,659.96kb] [文件加载：46]
[ info ] [ LANG ] F:\Programme\GitHub\Personal-Blog\thinkphp\lang\zh-cn.php
[ info ] [ ROUTE ] array (
  'type' => 'module',
  'module' => 
  array (
    0 => 'index',
    1 => 'index',
    2 => 'images',
  ),
)
[ info ] [ HEADER ] array (
  'host' => '127.0.0.1',
  'connection' => 'keep-alive',
  'user-agent' => 'Mozilla/5.0 (Windows NT 6.1; WOW64) AppleWebKit/537.36 (KHTML, like Gecko) Chrome/70.0.3538.77 Safari/537.36',
  'accept' => '*/*',
  'referer' => 'http://127.0.0.1/public/index.php/index/index/index',
  'accept-encoding' => 'gzip, deflate, br',
  'accept-language' => 'zh-CN,zh;q=0.9',
)
[ info ] [ PARAM ] array (
  'js' => 'count_zixun.js',
)
[ info ] [ LOG ] INIT File
---------------------------------------------------------------
[ 2019-01-28T04:30:46+08:00 ] 127.0.0.1 GET 127.0.0.1/public/index.php/index/index/index
[运行时间：0.073004s] [吞吐率：13.70req/s] [内存消耗：1,625.72kb] [文件加载：44]
[ info ] [ LANG ] F:\Programme\GitHub\Personal-Blog\thinkphp\lang\zh-cn.php
[ info ] [ ROUTE ] array (
  'type' => 'module',
  'module' => 
  array (
    0 => 'index',
    1 => 'index',
    2 => 'index',
  ),
)
[ info ] [ HEADER ] array (
  'host' => '127.0.0.1',
  'connection' => 'keep-alive',
  'upgrade-insecure-requests' => '1',
  'user-agent' => 'Mozilla/5.0 (Windows NT 6.1; WOW64) AppleWebKit/537.36 (KHTML, like Gecko) Chrome/70.0.3538.77 Safari/537.36',
  'accept' => 'text/html,application/xhtml+xml,application/xml;q=0.9,image/webp,image/apng,*/*;q=0.8',
  'accept-encoding' => 'gzip, deflate, br',
  'accept-language' => 'zh-CN,zh;q=0.9',
)
[ info ] [ PARAM ] array (
)
[ info ] [ RUN ] app\index\controller\Index->index[ F:\Programme\GitHub\Personal-Blog\application\index\controller\Index.php ]
[ info ] [ VIEW ] F:\Programme\GitHub\Personal-Blog\public/../application/index\view\index\index.html [ array (
) ]
[ info ] [ LOG ] INIT File
---------------------------------------------------------------
[ 2019-01-28T04:30:46+08:00 ] 127.0.0.1 GET 127.0.0.1/public/index.php/index/index/goto/my-65537.js
[运行时间：0.115006s] [吞吐率：8.70req/s] [内存消耗：1,659.73kb] [文件加载：46]
[ info ] [ LANG ] F:\Programme\GitHub\Personal-Blog\thinkphp\lang\zh-cn.php
[ info ] [ ROUTE ] array (
  'type' => 'module',
  'module' => 
  array (
    0 => 'index',
    1 => 'index',
    2 => 'goto',
  ),
)
[ info ] [ HEADER ] array (
  'host' => '127.0.0.1',
  'connection' => 'keep-alive',
  'user-agent' => 'Mozilla/5.0 (Windows NT 6.1; WOW64) AppleWebKit/537.36 (KHTML, like Gecko) Chrome/70.0.3538.77 Safari/537.36',
  'accept' => '*/*',
  'referer' => 'http://127.0.0.1/public/index.php/index/index/index',
  'accept-encoding' => 'gzip, deflate, br',
  'accept-language' => 'zh-CN,zh;q=0.9',
)
[ info ] [ PARAM ] array (
)
[ info ] [ LOG ] INIT File
---------------------------------------------------------------
[ 2019-01-28T04:30:46+08:00 ] 127.0.0.1 GET 127.0.0.1/public/index.php/index/index/images/js/count_zixun.js
[运行时间：0.116006s] [吞吐率：8.62req/s] [内存消耗：1,659.96kb] [文件加载：46]
[ info ] [ LANG ] F:\Programme\GitHub\Personal-Blog\thinkphp\lang\zh-cn.php
[ info ] [ ROUTE ] array (
  'type' => 'module',
  'module' => 
  array (
    0 => 'index',
    1 => 'index',
    2 => 'images',
  ),
)
[ info ] [ HEADER ] array (
  'host' => '127.0.0.1',
  'connection' => 'keep-alive',
  'user-agent' => 'Mozilla/5.0 (Windows NT 6.1; WOW64) AppleWebKit/537.36 (KHTML, like Gecko) Chrome/70.0.3538.77 Safari/537.36',
  'accept' => '*/*',
  'referer' => 'http://127.0.0.1/public/index.php/index/index/index',
  'accept-encoding' => 'gzip, deflate, br',
  'accept-language' => 'zh-CN,zh;q=0.9',
)
[ info ] [ PARAM ] array (
  'js' => 'count_zixun.js',
)
[ info ] [ LOG ] INIT File
---------------------------------------------------------------
[ 2019-01-28T04:30:49+08:00 ] 127.0.0.1 GET 127.0.0.1/public/index.php/index/cate/index
[运行时间：0.082004s] [吞吐率：12.19req/s] [内存消耗：1,792.23kb] [文件加载：46]
[ info ] [ LANG ] F:\Programme\GitHub\Personal-Blog\thinkphp\lang\zh-cn.php
[ info ] [ ROUTE ] array (
  'type' => 'module',
  'module' => 
  array (
    0 => 'index',
    1 => 'cate',
    2 => 'index',
  ),
)
[ info ] [ HEADER ] array (
  'host' => '127.0.0.1',
  'connection' => 'keep-alive',
  'upgrade-insecure-requests' => '1',
  'user-agent' => 'Mozilla/5.0 (Windows NT 6.1; WOW64) AppleWebKit/537.36 (KHTML, like Gecko) Chrome/70.0.3538.77 Safari/537.36',
  'accept' => 'text/html,application/xhtml+xml,application/xml;q=0.9,image/webp,image/apng,*/*;q=0.8',
  'accept-encoding' => 'gzip, deflate, br',
  'accept-language' => 'zh-CN,zh;q=0.9',
)
[ info ] [ PARAM ] array (
)
[ info ] [ RUN ] app\index\controller\Cate->index[ F:\Programme\GitHub\Personal-Blog\application\index\controller\Cate.php ]
[ info ] [ VIEW ] F:\Programme\GitHub\Personal-Blog\public/../application/index\view\cate\cate.html [ array (
) ]
[ info ] [ LOG ] INIT File
---------------------------------------------------------------
[ 2019-01-28T04:30:49+08:00 ] 127.0.0.1 GET 127.0.0.1/public/index.php/index/cate/goto/my-65537.js
[运行时间：0.093005s] [吞吐率：10.75req/s] [内存消耗：1,659.76kb] [文件加载：46]
[ info ] [ LANG ] F:\Programme\GitHub\Personal-Blog\thinkphp\lang\zh-cn.php
[ info ] [ ROUTE ] array (
  'type' => 'module',
  'module' => 
  array (
    0 => 'index',
    1 => 'cate',
    2 => 'goto',
  ),
)
[ info ] [ HEADER ] array (
  'host' => '127.0.0.1',
  'connection' => 'keep-alive',
  'user-agent' => 'Mozilla/5.0 (Windows NT 6.1; WOW64) AppleWebKit/537.36 (KHTML, like Gecko) Chrome/70.0.3538.77 Safari/537.36',
  'accept' => '*/*',
  'referer' => 'http://127.0.0.1/public/index.php/index/cate/index',
  'accept-encoding' => 'gzip, deflate, br',
  'accept-language' => 'zh-CN,zh;q=0.9',
)
[ info ] [ PARAM ] array (
)
[ info ] [ LOG ] INIT File
---------------------------------------------------------------
[ 2019-01-28T04:30:49+08:00 ] 127.0.0.1 GET 127.0.0.1/public/index.php/index/cate/images/js/ismobile.js
[运行时间：0.106006s] [吞吐率：9.43req/s] [内存消耗：1,660.04kb] [文件加载：46]
[ info ] [ LANG ] F:\Programme\GitHub\Personal-Blog\thinkphp\lang\zh-cn.php
[ info ] [ ROUTE ] array (
  'type' => 'module',
  'module' => 
  array (
    0 => 'index',
    1 => 'cate',
    2 => 'images',
  ),
)
[ info ] [ HEADER ] array (
  'host' => '127.0.0.1',
  'connection' => 'keep-alive',
  'user-agent' => 'Mozilla/5.0 (Windows NT 6.1; WOW64) AppleWebKit/537.36 (KHTML, like Gecko) Chrome/70.0.3538.77 Safari/537.36',
  'accept' => '*/*',
  'referer' => 'http://127.0.0.1/public/index.php/index/cate/index',
  'accept-encoding' => 'gzip, deflate, br',
  'accept-language' => 'zh-CN,zh;q=0.9',
)
[ info ] [ PARAM ] array (
  'js' => 'ismobile.js',
)
[ info ] [ LOG ] INIT File
---------------------------------------------------------------
[ 2019-01-28T04:30:49+08:00 ] 127.0.0.1 GET 127.0.0.1/public/index.php/index/cate/images/js/count_zixun.js
[运行时间：0.104006s] [吞吐率：9.61req/s] [内存消耗：1,660.05kb] [文件加载：46]
[ info ] [ LANG ] F:\Programme\GitHub\Personal-Blog\thinkphp\lang\zh-cn.php
[ info ] [ ROUTE ] array (
  'type' => 'module',
  'module' => 
  array (
    0 => 'index',
    1 => 'cate',
    2 => 'images',
  ),
)
[ info ] [ HEADER ] array (
  'host' => '127.0.0.1',
  'connection' => 'keep-alive',
  'user-agent' => 'Mozilla/5.0 (Windows NT 6.1; WOW64) AppleWebKit/537.36 (KHTML, like Gecko) Chrome/70.0.3538.77 Safari/537.36',
  'accept' => '*/*',
  'referer' => 'http://127.0.0.1/public/index.php/index/cate/index',
  'accept-encoding' => 'gzip, deflate, br',
  'accept-language' => 'zh-CN,zh;q=0.9',
)
[ info ] [ PARAM ] array (
  'js' => 'count_zixun.js',
)
[ info ] [ LOG ] INIT File
---------------------------------------------------------------
[ 2019-01-28T04:30:49+08:00 ] 127.0.0.1 GET 127.0.0.1/public/index.php/index/cate/goto/my-65537.js
[运行时间：0.133007s] [吞吐率：7.52req/s] [内存消耗：1,659.73kb] [文件加载：46]
[ info ] [ LANG ] F:\Programme\GitHub\Personal-Blog\thinkphp\lang\zh-cn.php
[ info ] [ ROUTE ] array (
  'type' => 'module',
  'module' => 
  array (
    0 => 'index',
    1 => 'cate',
    2 => 'goto',
  ),
)
[ info ] [ HEADER ] array (
  'host' => '127.0.0.1',
  'connection' => 'keep-alive',
  'user-agent' => 'Mozilla/5.0 (Windows NT 6.1; WOW64) AppleWebKit/537.36 (KHTML, like Gecko) Chrome/70.0.3538.77 Safari/537.36',
  'accept' => '*/*',
  'referer' => 'http://127.0.0.1/public/index.php/index/cate/index',
  'accept-encoding' => 'gzip, deflate, br',
  'accept-language' => 'zh-CN,zh;q=0.9',
)
[ info ] [ PARAM ] array (
)
[ info ] [ LOG ] INIT File
---------------------------------------------------------------
[ 2019-01-28T04:30:49+08:00 ] 127.0.0.1 GET 127.0.0.1/public/index.php/index/cate/images/js/count_zixun.js
[运行时间：0.098006s] [吞吐率：10.20req/s] [内存消耗：1,660.05kb] [文件加载：46]
[ info ] [ LANG ] F:\Programme\GitHub\Personal-Blog\thinkphp\lang\zh-cn.php
[ info ] [ ROUTE ] array (
  'type' => 'module',
  'module' => 
  array (
    0 => 'index',
    1 => 'cate',
    2 => 'images',
  ),
)
[ info ] [ HEADER ] array (
  'host' => '127.0.0.1',
  'connection' => 'keep-alive',
  'user-agent' => 'Mozilla/5.0 (Windows NT 6.1; WOW64) AppleWebKit/537.36 (KHTML, like Gecko) Chrome/70.0.3538.77 Safari/537.36',
  'accept' => '*/*',
  'referer' => 'http://127.0.0.1/public/index.php/index/cate/index',
  'accept-encoding' => 'gzip, deflate, br',
  'accept-language' => 'zh-CN,zh;q=0.9',
)
[ info ] [ PARAM ] array (
  'js' => 'count_zixun.js',
)
[ info ] [ LOG ] INIT File
---------------------------------------------------------------
[ 2019-01-28T04:30:53+08:00 ] 127.0.0.1 GET 127.0.0.1/public/
[运行时间：0.091005s] [吞吐率：10.99req/s] [内存消耗：1,625.55kb] [文件加载：44]
[ info ] [ LANG ] F:\Programme\GitHub\Personal-Blog\thinkphp\lang\zh-cn.php
[ info ] [ ROUTE ] array (
  'type' => 'module',
  'module' => 
  array (
    0 => '',
    1 => NULL,
    2 => NULL,
  ),
)
[ info ] [ HEADER ] array (
  'host' => '127.0.0.1',
  'connection' => 'keep-alive',
  'upgrade-insecure-requests' => '1',
  'user-agent' => 'Mozilla/5.0 (Windows NT 6.1; WOW64) AppleWebKit/537.36 (KHTML, like Gecko) Chrome/70.0.3538.77 Safari/537.36',
  'accept' => 'text/html,application/xhtml+xml,application/xml;q=0.9,image/webp,image/apng,*/*;q=0.8',
  'accept-encoding' => 'gzip, deflate, br',
  'accept-language' => 'zh-CN,zh;q=0.9',
)
[ info ] [ PARAM ] array (
)
[ info ] [ RUN ] app\index\controller\Index->index[ F:\Programme\GitHub\Personal-Blog\application\index\controller\Index.php ]
[ info ] [ VIEW ] F:\Programme\GitHub\Personal-Blog\public/../application/index\view\index\index.html [ array (
) ]
[ info ] [ LOG ] INIT File
---------------------------------------------------------------
[ 2019-01-28T04:30:54+08:00 ] 127.0.0.1 GET 127.0.0.1/public/goto/my-65537.js
[运行时间：0.102006s] [吞吐率：9.80req/s] [内存消耗：1,378.70kb] [文件加载：38]
[ info ] [ LANG ] F:\Programme\GitHub\Personal-Blog\thinkphp\lang\zh-cn.php
[ info ] [ ROUTE ] array (
  'type' => 'module',
  'module' => 
  array (
    0 => 'goto',
    1 => 'my-65537.js',
    2 => NULL,
  ),
)
[ info ] [ HEADER ] array (
  'host' => '127.0.0.1',
  'connection' => 'keep-alive',
  'user-agent' => 'Mozilla/5.0 (Windows NT 6.1; WOW64) AppleWebKit/537.36 (KHTML, like Gecko) Chrome/70.0.3538.77 Safari/537.36',
  'accept' => '*/*',
  'referer' => 'http://127.0.0.1/public/',
  'accept-encoding' => 'gzip, deflate, br',
  'accept-language' => 'zh-CN,zh;q=0.9',
)
[ info ] [ PARAM ] array (
)
[ info ] [ LOG ] INIT File
---------------------------------------------------------------
[ 2019-01-28T04:30:54+08:00 ] 127.0.0.1 GET 127.0.0.1/public/images/js/count_zixun.js
[运行时间：0.104006s] [吞吐率：9.61req/s] [内存消耗：1,378.69kb] [文件加载：38]
[ info ] [ LANG ] F:\Programme\GitHub\Personal-Blog\thinkphp\lang\zh-cn.php
[ info ] [ ROUTE ] array (
  'type' => 'module',
  'module' => 
  array (
    0 => 'images',
    1 => 'js',
    2 => 'count_zixun.js',
  ),
)
[ info ] [ HEADER ] array (
  'host' => '127.0.0.1',
  'connection' => 'keep-alive',
  'user-agent' => 'Mozilla/5.0 (Windows NT 6.1; WOW64) AppleWebKit/537.36 (KHTML, like Gecko) Chrome/70.0.3538.77 Safari/537.36',
  'accept' => '*/*',
  'referer' => 'http://127.0.0.1/public/',
  'accept-encoding' => 'gzip, deflate, br',
  'accept-language' => 'zh-CN,zh;q=0.9',
)
[ info ] [ PARAM ] array (
)
[ info ] [ LOG ] INIT File
---------------------------------------------------------------
[ 2019-01-28T04:30:54+08:00 ] 127.0.0.1 GET 127.0.0.1/public/images/js/count_zixun.js
[运行时间：0.090006s] [吞吐率：11.11req/s] [内存消耗：1,378.69kb] [文件加载：38]
[ info ] [ LANG ] F:\Programme\GitHub\Personal-Blog\thinkphp\lang\zh-cn.php
[ info ] [ ROUTE ] array (
  'type' => 'module',
  'module' => 
  array (
    0 => 'images',
    1 => 'js',
    2 => 'count_zixun.js',
  ),
)
[ info ] [ HEADER ] array (
  'host' => '127.0.0.1',
  'connection' => 'keep-alive',
  'user-agent' => 'Mozilla/5.0 (Windows NT 6.1; WOW64) AppleWebKit/537.36 (KHTML, like Gecko) Chrome/70.0.3538.77 Safari/537.36',
  'accept' => '*/*',
  'referer' => 'http://127.0.0.1/public/',
  'accept-encoding' => 'gzip, deflate, br',
  'accept-language' => 'zh-CN,zh;q=0.9',
)
[ info ] [ PARAM ] array (
)
[ info ] [ LOG ] INIT File
---------------------------------------------------------------
[ 2019-01-28T04:31:00+08:00 ] 127.0.0.1 GET 127.0.0.1/public/index.php/index/index/index
[运行时间：0.078004s] [吞吐率：12.82req/s] [内存消耗：1,625.72kb] [文件加载：44]
[ info ] [ LANG ] F:\Programme\GitHub\Personal-Blog\thinkphp\lang\zh-cn.php
[ info ] [ ROUTE ] array (
  'type' => 'module',
  'module' => 
  array (
    0 => 'index',
    1 => 'index',
    2 => 'index',
  ),
)
[ info ] [ HEADER ] array (
  'host' => '127.0.0.1',
  'connection' => 'keep-alive',
  'upgrade-insecure-requests' => '1',
  'user-agent' => 'Mozilla/5.0 (Windows NT 6.1; WOW64) AppleWebKit/537.36 (KHTML, like Gecko) Chrome/70.0.3538.77 Safari/537.36',
  'accept' => 'text/html,application/xhtml+xml,application/xml;q=0.9,image/webp,image/apng,*/*;q=0.8',
  'accept-encoding' => 'gzip, deflate, br',
  'accept-language' => 'zh-CN,zh;q=0.9',
)
[ info ] [ PARAM ] array (
)
[ info ] [ RUN ] app\index\controller\Index->index[ F:\Programme\GitHub\Personal-Blog\application\index\controller\Index.php ]
[ info ] [ VIEW ] F:\Programme\GitHub\Personal-Blog\public/../application/index\view\index\index.html [ array (
) ]
[ info ] [ LOG ] INIT File
---------------------------------------------------------------
[ 2019-01-28T04:31:01+08:00 ] 127.0.0.1 GET 127.0.0.1/public/index.php/index/index/images/js/count_zixun.js
[运行时间：0.146009s] [吞吐率：6.85req/s] [内存消耗：1,659.96kb] [文件加载：46]
[ info ] [ LANG ] F:\Programme\GitHub\Personal-Blog\thinkphp\lang\zh-cn.php
[ info ] [ ROUTE ] array (
  'type' => 'module',
  'module' => 
  array (
    0 => 'index',
    1 => 'index',
    2 => 'images',
  ),
)
[ info ] [ HEADER ] array (
  'host' => '127.0.0.1',
  'connection' => 'keep-alive',
  'user-agent' => 'Mozilla/5.0 (Windows NT 6.1; WOW64) AppleWebKit/537.36 (KHTML, like Gecko) Chrome/70.0.3538.77 Safari/537.36',
  'accept' => '*/*',
  'referer' => 'http://127.0.0.1/public/index.php/index/index/index',
  'accept-encoding' => 'gzip, deflate, br',
  'accept-language' => 'zh-CN,zh;q=0.9',
)
[ info ] [ PARAM ] array (
  'js' => 'count_zixun.js',
)
[ info ] [ LOG ] INIT File
---------------------------------------------------------------
[ 2019-01-28T04:31:01+08:00 ] 127.0.0.1 GET 127.0.0.1/public/index.php/index/index/goto/my-65537.js
[运行时间：0.148009s] [吞吐率：6.76req/s] [内存消耗：1,659.73kb] [文件加载：46]
[ info ] [ LANG ] F:\Programme\GitHub\Personal-Blog\thinkphp\lang\zh-cn.php
[ info ] [ ROUTE ] array (
  'type' => 'module',
  'module' => 
  array (
    0 => 'index',
    1 => 'index',
    2 => 'goto',
  ),
)
[ info ] [ HEADER ] array (
  'host' => '127.0.0.1',
  'connection' => 'keep-alive',
  'user-agent' => 'Mozilla/5.0 (Windows NT 6.1; WOW64) AppleWebKit/537.36 (KHTML, like Gecko) Chrome/70.0.3538.77 Safari/537.36',
  'accept' => '*/*',
  'referer' => 'http://127.0.0.1/public/index.php/index/index/index',
  'accept-encoding' => 'gzip, deflate, br',
  'accept-language' => 'zh-CN,zh;q=0.9',
)
[ info ] [ PARAM ] array (
)
[ info ] [ LOG ] INIT File
---------------------------------------------------------------
[ 2019-01-28T04:31:01+08:00 ] 127.0.0.1 GET 127.0.0.1/public/index.php/index/index/images/js/count_zixun.js
[运行时间：0.077004s] [吞吐率：12.99req/s] [内存消耗：1,659.96kb] [文件加载：46]
[ info ] [ LANG ] F:\Programme\GitHub\Personal-Blog\thinkphp\lang\zh-cn.php
[ info ] [ ROUTE ] array (
  'type' => 'module',
  'module' => 
  array (
    0 => 'index',
    1 => 'index',
    2 => 'images',
  ),
)
[ info ] [ HEADER ] array (
  'host' => '127.0.0.1',
  'connection' => 'keep-alive',
  'user-agent' => 'Mozilla/5.0 (Windows NT 6.1; WOW64) AppleWebKit/537.36 (KHTML, like Gecko) Chrome/70.0.3538.77 Safari/537.36',
  'accept' => '*/*',
  'referer' => 'http://127.0.0.1/public/index.php/index/index/index',
  'accept-encoding' => 'gzip, deflate, br',
  'accept-language' => 'zh-CN,zh;q=0.9',
)
[ info ] [ PARAM ] array (
  'js' => 'count_zixun.js',
)
[ info ] [ LOG ] INIT File
---------------------------------------------------------------
[ 2019-01-28T04:31:04+08:00 ] 127.0.0.1 GET 127.0.0.1/public/index.php/index/article/index
[运行时间：0.091006s] [吞吐率：10.99req/s] [内存消耗：1,819.34kb] [文件加载：46]
[ info ] [ LANG ] F:\Programme\GitHub\Personal-Blog\thinkphp\lang\zh-cn.php
[ info ] [ ROUTE ] array (
  'type' => 'module',
  'module' => 
  array (
    0 => 'index',
    1 => 'article',
    2 => 'index',
  ),
)
[ info ] [ HEADER ] array (
  'host' => '127.0.0.1',
  'connection' => 'keep-alive',
  'upgrade-insecure-requests' => '1',
  'user-agent' => 'Mozilla/5.0 (Windows NT 6.1; WOW64) AppleWebKit/537.36 (KHTML, like Gecko) Chrome/70.0.3538.77 Safari/537.36',
  'accept' => 'text/html,application/xhtml+xml,application/xml;q=0.9,image/webp,image/apng,*/*;q=0.8',
  'accept-encoding' => 'gzip, deflate, br',
  'accept-language' => 'zh-CN,zh;q=0.9',
)
[ info ] [ PARAM ] array (
)
[ info ] [ RUN ] app\index\controller\Article->index[ F:\Programme\GitHub\Personal-Blog\application\index\controller\Article.php ]
[ info ] [ VIEW ] F:\Programme\GitHub\Personal-Blog\public/../application/index\view\article\article.html [ array (
) ]
[ info ] [ LOG ] INIT File
---------------------------------------------------------------
[ 2019-01-28T04:31:05+08:00 ] 127.0.0.1 GET 127.0.0.1/public/static/index/style/pcbg.png
[运行时间：0.065003s] [吞吐率：15.38req/s] [内存消耗：1,378.88kb] [文件加载：38]
[ info ] [ LANG ] F:\Programme\GitHub\Personal-Blog\thinkphp\lang\zh-cn.php
[ info ] [ ROUTE ] array (
  'type' => 'module',
  'module' => 
  array (
    0 => 'static',
    1 => 'index',
    2 => 'style',
  ),
)
[ info ] [ HEADER ] array (
  'host' => '127.0.0.1',
  'connection' => 'keep-alive',
  'user-agent' => 'Mozilla/5.0 (Windows NT 6.1; WOW64) AppleWebKit/537.36 (KHTML, like Gecko) Chrome/70.0.3538.77 Safari/537.36',
  'accept' => 'image/webp,image/apng,image/*,*/*;q=0.8',
  'referer' => 'http://127.0.0.1/public/static/index/style/lady.css',
  'accept-encoding' => 'gzip, deflate, br',
  'accept-language' => 'zh-CN,zh;q=0.9',
)
[ info ] [ PARAM ] array (
)
[ info ] [ LOG ] INIT File
