---------------------------------------------------------------
[ 2019-02-12T03:15:57+08:00 ] 127.0.0.1 GET 127.0.0.1/public/
[运行时间：0.261015s] [吞吐率：3.83req/s] [内存消耗：1,695.47kb] [文件加载：46]
[ info ] [ LANG ] F:\Programme\GitHub\Personal-Blog\thinkphp\lang\zh-cn.php
[ info ] [ ROUTE ] array (
  'type' => 'module',
  'module' => 
  array (
    0 => '',
    1 => NULL,
    2 => NULL,
  ),
)
[ info ] [ HEADER ] array (
  'host' => '127.0.0.1',
  'connection' => 'keep-alive',
  'upgrade-insecure-requests' => '1',
  'user-agent' => 'Mozilla/5.0 (Windows NT 6.1; WOW64) AppleWebKit/537.36 (KHTML, like Gecko) Chrome/70.0.3538.77 Safari/537.36',
  'accept' => 'text/html,application/xhtml+xml,application/xml;q=0.9,image/webp,image/apng,*/*;q=0.8',
  'accept-encoding' => 'gzip, deflate, br',
  'accept-language' => 'zh-CN,zh;q=0.9',
)
[ info ] [ PARAM ] array (
)
[ info ] [ RUN ] app\index\controller\Index->index[ F:\Programme\GitHub\Personal-Blog\application\index\controller\Index.php ]
[ info ] [ VIEW ] F:\Programme\GitHub\Personal-Blog\public/../application/index\view\index\index.html [ array (
) ]
[ info ] [ LOG ] INIT File
[ error ] [0]模板文件不存在:[F:\Programme\GitHub\Personal-Blog\thinkphp\library\think\Template.php:1074]
---------------------------------------------------------------
[ 2019-02-12T03:18:02+08:00 ] 127.0.0.1 GET 127.0.0.1/public/index.php/index/index/index
[运行时间：0.158009s] [吞吐率：6.33req/s] [内存消耗：1,695.75kb] [文件加载：46]
[ info ] [ LANG ] F:\Programme\GitHub\Personal-Blog\thinkphp\lang\zh-cn.php
[ info ] [ ROUTE ] array (
  'type' => 'module',
  'module' => 
  array (
    0 => 'index',
    1 => 'index',
    2 => 'index',
  ),
)
[ info ] [ HEADER ] array (
  'host' => '127.0.0.1',
  'connection' => 'keep-alive',
  'purpose' => 'prefetch',
  'upgrade-insecure-requests' => '1',
  'user-agent' => 'Mozilla/5.0 (Windows NT 6.1; WOW64) AppleWebKit/537.36 (KHTML, like Gecko) Chrome/70.0.3538.77 Safari/537.36',
  'accept' => 'text/html,application/xhtml+xml,application/xml;q=0.9,image/webp,image/apng,*/*;q=0.8',
  'accept-encoding' => 'gzip, deflate, br',
  'accept-language' => 'zh-CN,zh;q=0.9',
)
[ info ] [ PARAM ] array (
)
[ info ] [ RUN ] app\index\controller\Index->index[ F:\Programme\GitHub\Personal-Blog\application\index\controller\Index.php ]
[ info ] [ VIEW ] F:\Programme\GitHub\Personal-Blog\public/../application/index\view\index\index.html [ array (
) ]
[ info ] [ LOG ] INIT File
[ error ] [0]模板文件不存在:[F:\Programme\GitHub\Personal-Blog\thinkphp\library\think\Template.php:1074]
---------------------------------------------------------------
[ 2019-02-12T03:18:12+08:00 ] 127.0.0.1 GET 127.0.0.1/public/index.php/admin/index/index
[运行时间：0.213012s] [吞吐率：4.69req/s] [内存消耗：1,772.72kb] [文件加载：46]
[ info ] [ LANG ] F:\Programme\GitHub\Personal-Blog\thinkphp\lang\zh-cn.php
[ info ] [ ROUTE ] array (
  'type' => 'module',
  'module' => 
  array (
    0 => 'admin',
    1 => 'index',
    2 => 'index',
  ),
)
[ info ] [ HEADER ] array (
  'host' => '127.0.0.1',
  'connection' => 'keep-alive',
  'upgrade-insecure-requests' => '1',
  'user-agent' => 'Mozilla/5.0 (Windows NT 6.1; WOW64) AppleWebKit/537.36 (KHTML, like Gecko) Chrome/70.0.3538.77 Safari/537.36',
  'accept' => 'text/html,application/xhtml+xml,application/xml;q=0.9,image/webp,image/apng,*/*;q=0.8',
  'accept-encoding' => 'gzip, deflate, br',
  'accept-language' => 'zh-CN,zh;q=0.9',
)
[ info ] [ PARAM ] array (
)
[ info ] [ RUN ] app\admin\controller\Index->index[ F:\Programme\GitHub\Personal-Blog\application\admin\controller\Index.php ]
[ info ] [ VIEW ] F:\Programme\GitHub\Personal-Blog\public/../application/admin\view\index\index.html [ array (
) ]
[ info ] [ LOG ] INIT File
---------------------------------------------------------------
[ 2019-02-12T03:18:12+08:00 ] 127.0.0.1 GET 127.0.0.1/public/static/admin/fonts/fontawesome-webfont.woff2?v=4.3.0
[运行时间：0.097006s] [吞吐率：10.31req/s] [内存消耗：1,379.31kb] [文件加载：38]
[ info ] [ LANG ] F:\Programme\GitHub\Personal-Blog\thinkphp\lang\zh-cn.php
[ info ] [ ROUTE ] array (
  'type' => 'module',
  'module' => 
  array (
    0 => 'static',
    1 => 'admin',
    2 => 'fonts',
  ),
)
[ info ] [ HEADER ] array (
  'host' => '127.0.0.1',
  'connection' => 'keep-alive',
  'origin' => 'http://127.0.0.1',
  'user-agent' => 'Mozilla/5.0 (Windows NT 6.1; WOW64) AppleWebKit/537.36 (KHTML, like Gecko) Chrome/70.0.3538.77 Safari/537.36',
  'accept' => '*/*',
  'referer' => 'http://127.0.0.1/public/static/admin/style/font-awesome.css',
  'accept-encoding' => 'gzip, deflate, br',
  'accept-language' => 'zh-CN,zh;q=0.9',
)
[ info ] [ PARAM ] array (
  'v' => '4.3.0',
)
[ info ] [ LOG ] INIT File
---------------------------------------------------------------
[ 2019-02-12T03:18:16+08:00 ] 127.0.0.1 GET 127.0.0.1/public/index.php/index/index/index
[运行时间：0.107006s] [吞吐率：9.35req/s] [内存消耗：1,695.59kb] [文件加载：46]
[ info ] [ LANG ] F:\Programme\GitHub\Personal-Blog\thinkphp\lang\zh-cn.php
[ info ] [ ROUTE ] array (
  'type' => 'module',
  'module' => 
  array (
    0 => 'index',
    1 => 'index',
    2 => 'index',
  ),
)
[ info ] [ HEADER ] array (
  'host' => '127.0.0.1',
  'connection' => 'keep-alive',
  'upgrade-insecure-requests' => '1',
  'user-agent' => 'Mozilla/5.0 (Windows NT 6.1; WOW64) AppleWebKit/537.36 (KHTML, like Gecko) Chrome/70.0.3538.77 Safari/537.36',
  'accept' => 'text/html,application/xhtml+xml,application/xml;q=0.9,image/webp,image/apng,*/*;q=0.8',
  'accept-encoding' => 'gzip, deflate, br',
  'accept-language' => 'zh-CN,zh;q=0.9',
)
[ info ] [ PARAM ] array (
)
[ info ] [ RUN ] app\index\controller\Index->index[ F:\Programme\GitHub\Personal-Blog\application\index\controller\Index.php ]
[ info ] [ VIEW ] F:\Programme\GitHub\Personal-Blog\public/../application/index\view\index\index.html [ array (
) ]
[ info ] [ LOG ] INIT File
[ error ] [0]模板文件不存在:[F:\Programme\GitHub\Personal-Blog\thinkphp\library\think\Template.php:1074]
---------------------------------------------------------------
[ 2019-02-12T03:20:34+08:00 ] 127.0.0.1 GET 127.0.0.1/public/index.php/index/index/index
[运行时间：0.123007s] [吞吐率：8.13req/s] [内存消耗：1,695.82kb] [文件加载：46]
[ info ] [ LANG ] F:\Programme\GitHub\Personal-Blog\thinkphp\lang\zh-cn.php
[ info ] [ ROUTE ] array (
  'type' => 'module',
  'module' => 
  array (
    0 => 'index',
    1 => 'index',
    2 => 'index',
  ),
)
[ info ] [ HEADER ] array (
  'host' => '127.0.0.1',
  'connection' => 'keep-alive',
  'cache-control' => 'max-age=0',
  'upgrade-insecure-requests' => '1',
  'user-agent' => 'Mozilla/5.0 (Windows NT 6.1; WOW64) AppleWebKit/537.36 (KHTML, like Gecko) Chrome/70.0.3538.77 Safari/537.36',
  'accept' => 'text/html,application/xhtml+xml,application/xml;q=0.9,image/webp,image/apng,*/*;q=0.8',
  'accept-encoding' => 'gzip, deflate, br',
  'accept-language' => 'zh-CN,zh;q=0.9',
)
[ info ] [ PARAM ] array (
)
[ info ] [ RUN ] app\index\controller\Index->index[ F:\Programme\GitHub\Personal-Blog\application\index\controller\Index.php ]
[ info ] [ VIEW ] F:\Programme\GitHub\Personal-Blog\public/../application/index\view\index\index.html [ array (
) ]
[ info ] [ LOG ] INIT File
[ error ] [0]模板文件不存在:[F:\Programme\GitHub\Personal-Blog\thinkphp\library\think\Template.php:1074]
---------------------------------------------------------------
[ 2019-02-12T03:20:35+08:00 ] 127.0.0.1 GET 127.0.0.1/public/index.php/index/index/index
[运行时间：0.095005s] [吞吐率：10.53req/s] [内存消耗：1,695.82kb] [文件加载：46]
[ info ] [ LANG ] F:\Programme\GitHub\Personal-Blog\thinkphp\lang\zh-cn.php
[ info ] [ ROUTE ] array (
  'type' => 'module',
  'module' => 
  array (
    0 => 'index',
    1 => 'index',
    2 => 'index',
  ),
)
[ info ] [ HEADER ] array (
  'host' => '127.0.0.1',
  'connection' => 'keep-alive',
  'cache-control' => 'max-age=0',
  'upgrade-insecure-requests' => '1',
  'user-agent' => 'Mozilla/5.0 (Windows NT 6.1; WOW64) AppleWebKit/537.36 (KHTML, like Gecko) Chrome/70.0.3538.77 Safari/537.36',
  'accept' => 'text/html,application/xhtml+xml,application/xml;q=0.9,image/webp,image/apng,*/*;q=0.8',
  'accept-encoding' => 'gzip, deflate, br',
  'accept-language' => 'zh-CN,zh;q=0.9',
)
[ info ] [ PARAM ] array (
)
[ info ] [ RUN ] app\index\controller\Index->index[ F:\Programme\GitHub\Personal-Blog\application\index\controller\Index.php ]
[ info ] [ VIEW ] F:\Programme\GitHub\Personal-Blog\public/../application/index\view\index\index.html [ array (
) ]
[ info ] [ LOG ] INIT File
[ error ] [0]模板文件不存在:[F:\Programme\GitHub\Personal-Blog\thinkphp\library\think\Template.php:1074]
---------------------------------------------------------------
[ 2019-02-12T03:20:55+08:00 ] 127.0.0.1 GET 127.0.0.1/public/index.php/index/index/index
[运行时间：0.098005s] [吞吐率：10.20req/s] [内存消耗：1,809.14kb] [文件加载：46]
[ info ] [ LANG ] F:\Programme\GitHub\Personal-Blog\thinkphp\lang\zh-cn.php
[ info ] [ ROUTE ] array (
  'type' => 'module',
  'module' => 
  array (
    0 => 'index',
    1 => 'index',
    2 => 'index',
  ),
)
[ info ] [ HEADER ] array (
  'host' => '127.0.0.1',
  'connection' => 'keep-alive',
  'cache-control' => 'max-age=0',
  'upgrade-insecure-requests' => '1',
  'user-agent' => 'Mozilla/5.0 (Windows NT 6.1; WOW64) AppleWebKit/537.36 (KHTML, like Gecko) Chrome/70.0.3538.77 Safari/537.36',
  'accept' => 'text/html,application/xhtml+xml,application/xml;q=0.9,image/webp,image/apng,*/*;q=0.8',
  'accept-encoding' => 'gzip, deflate, br',
  'accept-language' => 'zh-CN,zh;q=0.9',
)
[ info ] [ PARAM ] array (
)
[ info ] [ RUN ] app\index\controller\Index->index[ F:\Programme\GitHub\Personal-Blog\application\index\controller\Index.php ]
[ info ] [ VIEW ] F:\Programme\GitHub\Personal-Blog\public/../application/index\view\index\index.html [ array (
) ]
[ info ] [ LOG ] INIT File
---------------------------------------------------------------
[ 2019-02-12T03:20:55+08:00 ] 127.0.0.1 GET 127.0.0.1/public/index.php/index/index/images/js/count_zixun.js
[运行时间：0.086005s] [吞吐率：11.63req/s] [内存消耗：1,659.96kb] [文件加载：46]
[ info ] [ LANG ] F:\Programme\GitHub\Personal-Blog\thinkphp\lang\zh-cn.php
[ info ] [ ROUTE ] array (
  'type' => 'module',
  'module' => 
  array (
    0 => 'index',
    1 => 'index',
    2 => 'images',
  ),
)
[ info ] [ HEADER ] array (
  'host' => '127.0.0.1',
  'connection' => 'keep-alive',
  'user-agent' => 'Mozilla/5.0 (Windows NT 6.1; WOW64) AppleWebKit/537.36 (KHTML, like Gecko) Chrome/70.0.3538.77 Safari/537.36',
  'accept' => '*/*',
  'referer' => 'http://127.0.0.1/public/index.php/index/index/index',
  'accept-encoding' => 'gzip, deflate, br',
  'accept-language' => 'zh-CN,zh;q=0.9',
)
[ info ] [ PARAM ] array (
  'js' => 'count_zixun.js',
)
[ info ] [ LOG ] INIT File
---------------------------------------------------------------
[ 2019-02-12T03:20:55+08:00 ] 127.0.0.1 GET 127.0.0.1/public/index.php/index/index/goto/my-65537.js
[运行时间：0.096006s] [吞吐率：10.42req/s] [内存消耗：1,659.73kb] [文件加载：46]
[ info ] [ LANG ] F:\Programme\GitHub\Personal-Blog\thinkphp\lang\zh-cn.php
[ info ] [ ROUTE ] array (
  'type' => 'module',
  'module' => 
  array (
    0 => 'index',
    1 => 'index',
    2 => 'goto',
  ),
)
[ info ] [ HEADER ] array (
  'host' => '127.0.0.1',
  'connection' => 'keep-alive',
  'user-agent' => 'Mozilla/5.0 (Windows NT 6.1; WOW64) AppleWebKit/537.36 (KHTML, like Gecko) Chrome/70.0.3538.77 Safari/537.36',
  'accept' => '*/*',
  'referer' => 'http://127.0.0.1/public/index.php/index/index/index',
  'accept-encoding' => 'gzip, deflate, br',
  'accept-language' => 'zh-CN,zh;q=0.9',
)
[ info ] [ PARAM ] array (
)
[ info ] [ LOG ] INIT File
---------------------------------------------------------------
[ 2019-02-12T03:20:56+08:00 ] 127.0.0.1 GET 127.0.0.1/public/index.php/index/index/images/js/count_zixun.js
[运行时间：0.133007s] [吞吐率：7.52req/s] [内存消耗：1,659.96kb] [文件加载：46]
[ info ] [ LANG ] F:\Programme\GitHub\Personal-Blog\thinkphp\lang\zh-cn.php
[ info ] [ ROUTE ] array (
  'type' => 'module',
  'module' => 
  array (
    0 => 'index',
    1 => 'index',
    2 => 'images',
  ),
)
[ info ] [ HEADER ] array (
  'host' => '127.0.0.1',
  'connection' => 'keep-alive',
  'user-agent' => 'Mozilla/5.0 (Windows NT 6.1; WOW64) AppleWebKit/537.36 (KHTML, like Gecko) Chrome/70.0.3538.77 Safari/537.36',
  'accept' => '*/*',
  'referer' => 'http://127.0.0.1/public/index.php/index/index/index',
  'accept-encoding' => 'gzip, deflate, br',
  'accept-language' => 'zh-CN,zh;q=0.9',
)
[ info ] [ PARAM ] array (
  'js' => 'count_zixun.js',
)
[ info ] [ LOG ] INIT File
---------------------------------------------------------------
[ 2019-02-12T03:23:36+08:00 ] 127.0.0.1 GET www.tp5.com/public/
[运行时间：0.148008s] [吞吐率：6.76req/s] [内存消耗：1,792.16kb] [文件加载：46]
[ info ] [ LANG ] F:\Programme\GitHub\Personal-Blog\thinkphp\lang\zh-cn.php
[ info ] [ ROUTE ] array (
  'type' => 'module',
  'module' => 
  array (
    0 => '',
    1 => NULL,
    2 => NULL,
  ),
)
[ info ] [ HEADER ] array (
  'host' => 'www.tp5.com',
  'connection' => 'keep-alive',
  'upgrade-insecure-requests' => '1',
  'user-agent' => 'Mozilla/5.0 (Windows NT 6.1; WOW64) AppleWebKit/537.36 (KHTML, like Gecko) Chrome/62.0.3202.94 Safari/537.36 115Browser/9.1.1',
  'accept' => 'text/html,application/xhtml+xml,application/xml;q=0.9,image/webp,image/apng,*/*;q=0.8',
  'accept-encoding' => 'gzip, deflate',
  'accept-language' => 'zh-CN,zh;q=0.9',
  'cookie' => 'pgv_pvi=4748819456',
)
[ info ] [ PARAM ] array (
)
[ info ] [ RUN ] app\index\controller\Index->index[ F:\Programme\GitHub\Personal-Blog\application\index\controller\Index.php ]
[ info ] [ VIEW ] F:\Programme\GitHub\Personal-Blog\public/../application/index\view\index\index.html [ array (
) ]
[ info ] [ LOG ] INIT File
---------------------------------------------------------------
[ 2019-02-12T03:23:36+08:00 ] 127.0.0.1 GET www.tp5.com/public/goto/my-65537.js
[运行时间：0.179011s] [吞吐率：5.59req/s] [内存消耗：1,378.84kb] [文件加载：38]
[ info ] [ LANG ] F:\Programme\GitHub\Personal-Blog\thinkphp\lang\zh-cn.php
[ info ] [ ROUTE ] array (
  'type' => 'module',
  'module' => 
  array (
    0 => 'goto',
    1 => 'my-65537.js',
    2 => NULL,
  ),
)
[ info ] [ HEADER ] array (
  'host' => 'www.tp5.com',
  'connection' => 'keep-alive',
  'user-agent' => 'Mozilla/5.0 (Windows NT 6.1; WOW64) AppleWebKit/537.36 (KHTML, like Gecko) Chrome/62.0.3202.94 Safari/537.36 115Browser/9.1.1',
  'accept' => '*/*',
  'referer' => 'http://www.tp5.com/public/',
  'accept-encoding' => 'gzip, deflate',
  'accept-language' => 'zh-CN,zh;q=0.9',
  'cookie' => 'pgv_pvi=4748819456',
)
[ info ] [ PARAM ] array (
)
[ info ] [ LOG ] INIT File
---------------------------------------------------------------
[ 2019-02-12T03:23:36+08:00 ] 127.0.0.1 GET www.tp5.com/public/images/js/count_zixun.js
[运行时间：0.171009s] [吞吐率：5.85req/s] [内存消耗：1,378.90kb] [文件加载：38]
[ info ] [ LANG ] F:\Programme\GitHub\Personal-Blog\thinkphp\lang\zh-cn.php
[ info ] [ ROUTE ] array (
  'type' => 'module',
  'module' => 
  array (
    0 => 'images',
    1 => 'js',
    2 => 'count_zixun.js',
  ),
)
[ info ] [ HEADER ] array (
  'host' => 'www.tp5.com',
  'connection' => 'keep-alive',
  'user-agent' => 'Mozilla/5.0 (Windows NT 6.1; WOW64) AppleWebKit/537.36 (KHTML, like Gecko) Chrome/62.0.3202.94 Safari/537.36 115Browser/9.1.1',
  'accept' => '*/*',
  'referer' => 'http://www.tp5.com/public/',
  'accept-encoding' => 'gzip, deflate',
  'accept-language' => 'zh-CN,zh;q=0.9',
  'cookie' => 'pgv_pvi=4748819456',
)
[ info ] [ PARAM ] array (
)
[ info ] [ LOG ] INIT File
---------------------------------------------------------------
[ 2019-02-12T03:25:07+08:00 ] 127.0.0.1 GET 127.0.0.1/public/index.php/index/index/article
[运行时间：0.124007s] [吞吐率：8.06req/s] [内存消耗：1,659.91kb] [文件加载：46]
[ info ] [ LANG ] F:\Programme\GitHub\Personal-Blog\thinkphp\lang\zh-cn.php
[ info ] [ ROUTE ] array (
  'type' => 'module',
  'module' => 
  array (
    0 => 'index',
    1 => 'index',
    2 => 'article',
  ),
)
[ info ] [ HEADER ] array (
  'host' => '127.0.0.1',
  'connection' => 'keep-alive',
  'upgrade-insecure-requests' => '1',
  'user-agent' => 'Mozilla/5.0 (Windows NT 6.1; WOW64) AppleWebKit/537.36 (KHTML, like Gecko) Chrome/70.0.3538.77 Safari/537.36',
  'accept' => 'text/html,application/xhtml+xml,application/xml;q=0.9,image/webp,image/apng,*/*;q=0.8',
  'accept-encoding' => 'gzip, deflate, br',
  'accept-language' => 'zh-CN,zh;q=0.9',
)
[ info ] [ PARAM ] array (
)
[ info ] [ LOG ] INIT File
---------------------------------------------------------------
[ 2019-02-12T03:25:14+08:00 ] 127.0.0.1 GET 127.0.0.1/public/index.php/index/index/images/js/count_zixun.js
[运行时间：0.173010s] [吞吐率：5.78req/s] [内存消耗：1,660.05kb] [文件加载：46]
[ info ] [ LANG ] F:\Programme\GitHub\Personal-Blog\thinkphp\lang\zh-cn.php
[ info ] [ ROUTE ] array (
  'type' => 'module',
  'module' => 
  array (
    0 => 'index',
    1 => 'index',
    2 => 'images',
  ),
)
[ info ] [ HEADER ] array (
  'host' => '127.0.0.1',
  'connection' => 'keep-alive',
  'user-agent' => 'Mozilla/5.0 (Windows NT 6.1; WOW64) AppleWebKit/537.36 (KHTML, like Gecko) Chrome/70.0.3538.77 Safari/537.36',
  'accept' => '*/*',
  'referer' => 'http://127.0.0.1/public/index.php/index/index/index',
  'accept-encoding' => 'gzip, deflate, br',
  'accept-language' => 'zh-CN,zh;q=0.9',
)
[ info ] [ PARAM ] array (
  'js' => 'count_zixun.js',
)
[ info ] [ LOG ] INIT File
---------------------------------------------------------------
[ 2019-02-12T03:25:18+08:00 ] 127.0.0.1 GET 127.0.0.1/public/index.php/index/article/index
[运行时间：0.171010s] [吞吐率：5.85req/s] [内存消耗：1,819.44kb] [文件加载：46]
[ info ] [ LANG ] F:\Programme\GitHub\Personal-Blog\thinkphp\lang\zh-cn.php
[ info ] [ ROUTE ] array (
  'type' => 'module',
  'module' => 
  array (
    0 => 'index',
    1 => 'article',
    2 => 'index',
  ),
)
[ info ] [ HEADER ] array (
  'host' => '127.0.0.1',
  'connection' => 'keep-alive',
  'purpose' => 'prefetch',
  'upgrade-insecure-requests' => '1',
  'user-agent' => 'Mozilla/5.0 (Windows NT 6.1; WOW64) AppleWebKit/537.36 (KHTML, like Gecko) Chrome/70.0.3538.77 Safari/537.36',
  'accept' => 'text/html,application/xhtml+xml,application/xml;q=0.9,image/webp,image/apng,*/*;q=0.8',
  'accept-encoding' => 'gzip, deflate, br',
  'accept-language' => 'zh-CN,zh;q=0.9',
)
[ info ] [ PARAM ] array (
)
[ info ] [ RUN ] app\index\controller\Article->index[ F:\Programme\GitHub\Personal-Blog\application\index\controller\Article.php ]
[ info ] [ VIEW ] F:\Programme\GitHub\Personal-Blog\public/../application/index\view\article\article.html [ array (
) ]
[ info ] [ LOG ] INIT File
---------------------------------------------------------------
[ 2019-02-12T03:25:19+08:00 ] 127.0.0.1 GET 127.0.0.1/public/static/index/style/pcbg.png
[运行时间：0.096005s] [吞吐率：10.42req/s] [内存消耗：1,378.88kb] [文件加载：38]
[ info ] [ LANG ] F:\Programme\GitHub\Personal-Blog\thinkphp\lang\zh-cn.php
[ info ] [ ROUTE ] array (
  'type' => 'module',
  'module' => 
  array (
    0 => 'static',
    1 => 'index',
    2 => 'style',
  ),
)
[ info ] [ HEADER ] array (
  'host' => '127.0.0.1',
  'connection' => 'keep-alive',
  'user-agent' => 'Mozilla/5.0 (Windows NT 6.1; WOW64) AppleWebKit/537.36 (KHTML, like Gecko) Chrome/70.0.3538.77 Safari/537.36',
  'accept' => 'image/webp,image/apng,image/*,*/*;q=0.8',
  'referer' => 'http://127.0.0.1/public/static/index/style/lady.css',
  'accept-encoding' => 'gzip, deflate, br',
  'accept-language' => 'zh-CN,zh;q=0.9',
)
[ info ] [ PARAM ] array (
)
[ info ] [ LOG ] INIT File
---------------------------------------------------------------
[ 2019-02-12T03:25:28+08:00 ] 127.0.0.1 GET 127.0.0.1/public/index.php/index/edit/index
[运行时间：0.107006s] [吞吐率：9.35req/s] [内存消耗：1,385.36kb] [文件加载：40]
[ info ] [ LANG ] F:\Programme\GitHub\Personal-Blog\thinkphp\lang\zh-cn.php
[ info ] [ ROUTE ] array (
  'type' => 'module',
  'module' => 
  array (
    0 => 'index',
    1 => 'edit',
    2 => 'index',
  ),
)
[ info ] [ HEADER ] array (
  'host' => '127.0.0.1',
  'connection' => 'keep-alive',
  'upgrade-insecure-requests' => '1',
  'user-agent' => 'Mozilla/5.0 (Windows NT 6.1; WOW64) AppleWebKit/537.36 (KHTML, like Gecko) Chrome/70.0.3538.77 Safari/537.36',
  'accept' => 'text/html,application/xhtml+xml,application/xml;q=0.9,image/webp,image/apng,*/*;q=0.8',
  'accept-encoding' => 'gzip, deflate, br',
  'accept-language' => 'zh-CN,zh;q=0.9',
)
[ info ] [ PARAM ] array (
)
[ info ] [ LOG ] INIT File
---------------------------------------------------------------
[ 2019-02-12T03:25:43+08:00 ] 127.0.0.1 GET 127.0.0.1/public/index.php/index/cate/index
[运行时间：0.273016s] [吞吐率：3.66req/s] [内存消耗：1,792.34kb] [文件加载：46]
[ info ] [ LANG ] F:\Programme\GitHub\Personal-Blog\thinkphp\lang\zh-cn.php
[ info ] [ ROUTE ] array (
  'type' => 'module',
  'module' => 
  array (
    0 => 'index',
    1 => 'cate',
    2 => 'index',
  ),
)
[ info ] [ HEADER ] array (
  'host' => '127.0.0.1',
  'connection' => 'keep-alive',
  'purpose' => 'prefetch',
  'upgrade-insecure-requests' => '1',
  'user-agent' => 'Mozilla/5.0 (Windows NT 6.1; WOW64) AppleWebKit/537.36 (KHTML, like Gecko) Chrome/70.0.3538.77 Safari/537.36',
  'accept' => 'text/html,application/xhtml+xml,application/xml;q=0.9,image/webp,image/apng,*/*;q=0.8',
  'accept-encoding' => 'gzip, deflate, br',
  'accept-language' => 'zh-CN,zh;q=0.9',
)
[ info ] [ PARAM ] array (
)
[ info ] [ RUN ] app\index\controller\Cate->index[ F:\Programme\GitHub\Personal-Blog\application\index\controller\Cate.php ]
[ info ] [ VIEW ] F:\Programme\GitHub\Personal-Blog\public/../application/index\view\cate\cate.html [ array (
) ]
[ info ] [ LOG ] INIT File
---------------------------------------------------------------
[ 2019-02-12T03:25:43+08:00 ] 127.0.0.1 GET 127.0.0.1/public/index.php/index/cate/images/js/ismobile.js
[运行时间：0.133007s] [吞吐率：7.52req/s] [内存消耗：1,660.31kb] [文件加载：46]
[ info ] [ LANG ] F:\Programme\GitHub\Personal-Blog\thinkphp\lang\zh-cn.php
[ info ] [ ROUTE ] array (
  'type' => 'module',
  'module' => 
  array (
    0 => 'index',
    1 => 'cate',
    2 => 'images',
  ),
)
[ info ] [ HEADER ] array (
  'host' => '127.0.0.1',
  'connection' => 'keep-alive',
  'user-agent' => 'Mozilla/5.0 (Windows NT 6.1; WOW64) AppleWebKit/537.36 (KHTML, like Gecko) Chrome/70.0.3538.77 Safari/537.36',
  'accept' => '*/*',
  'purpose' => 'prefetch',
  'referer' => 'http://127.0.0.1/public/index.php/index/cate/index',
  'accept-encoding' => 'gzip, deflate, br',
  'accept-language' => 'zh-CN,zh;q=0.9',
)
[ info ] [ PARAM ] array (
  'js' => 'ismobile.js',
)
[ info ] [ LOG ] INIT File
---------------------------------------------------------------
[ 2019-02-12T03:25:43+08:00 ] 127.0.0.1 GET 127.0.0.1/public/index.php/index/cate/goto/my-65537.js
[运行时间：0.164009s] [吞吐率：6.10req/s] [内存消耗：1,659.73kb] [文件加载：46]
[ info ] [ LANG ] F:\Programme\GitHub\Personal-Blog\thinkphp\lang\zh-cn.php
[ info ] [ ROUTE ] array (
  'type' => 'module',
  'module' => 
  array (
    0 => 'index',
    1 => 'cate',
    2 => 'goto',
  ),
)
[ info ] [ HEADER ] array (
  'host' => '127.0.0.1',
  'connection' => 'keep-alive',
  'user-agent' => 'Mozilla/5.0 (Windows NT 6.1; WOW64) AppleWebKit/537.36 (KHTML, like Gecko) Chrome/70.0.3538.77 Safari/537.36',
  'accept' => '*/*',
  'referer' => 'http://127.0.0.1/public/index.php/index/cate/index',
  'accept-encoding' => 'gzip, deflate, br',
  'accept-language' => 'zh-CN,zh;q=0.9',
)
[ info ] [ PARAM ] array (
)
[ info ] [ LOG ] INIT File
---------------------------------------------------------------
[ 2019-02-12T03:25:43+08:00 ] 127.0.0.1 GET 127.0.0.1/public/index.php/index/cate/images/js/count_zixun.js
[运行时间：0.177010s] [吞吐率：5.65req/s] [内存消耗：1,660.05kb] [文件加载：46]
[ info ] [ LANG ] F:\Programme\GitHub\Personal-Blog\thinkphp\lang\zh-cn.php
[ info ] [ ROUTE ] array (
  'type' => 'module',
  'module' => 
  array (
    0 => 'index',
    1 => 'cate',
    2 => 'images',
  ),
)
[ info ] [ HEADER ] array (
  'host' => '127.0.0.1',
  'connection' => 'keep-alive',
  'user-agent' => 'Mozilla/5.0 (Windows NT 6.1; WOW64) AppleWebKit/537.36 (KHTML, like Gecko) Chrome/70.0.3538.77 Safari/537.36',
  'accept' => '*/*',
  'referer' => 'http://127.0.0.1/public/index.php/index/cate/index',
  'accept-encoding' => 'gzip, deflate, br',
  'accept-language' => 'zh-CN,zh;q=0.9',
)
[ info ] [ PARAM ] array (
  'js' => 'count_zixun.js',
)
[ info ] [ LOG ] INIT File
---------------------------------------------------------------
[ 2019-02-12T03:29:21+08:00 ] 127.0.0.1 GET 127.0.0.1/public/
[运行时间：0.129007s] [吞吐率：7.75req/s] [内存消耗：1,792.07kb] [文件加载：46]
[ info ] [ LANG ] F:\Programme\GitHub\Personal-Blog\thinkphp\lang\zh-cn.php
[ info ] [ ROUTE ] array (
  'type' => 'module',
  'module' => 
  array (
    0 => '',
    1 => NULL,
    2 => NULL,
  ),
)
[ info ] [ HEADER ] array (
  'host' => '127.0.0.1',
  'connection' => 'keep-alive',
  'purpose' => 'prefetch',
  'upgrade-insecure-requests' => '1',
  'user-agent' => 'Mozilla/5.0 (Windows NT 6.1; WOW64) AppleWebKit/537.36 (KHTML, like Gecko) Chrome/70.0.3538.77 Safari/537.36',
  'accept' => 'text/html,application/xhtml+xml,application/xml;q=0.9,image/webp,image/apng,*/*;q=0.8',
  'accept-encoding' => 'gzip, deflate, br',
  'accept-language' => 'zh-CN,zh;q=0.9',
)
[ info ] [ PARAM ] array (
)
[ info ] [ RUN ] app\index\controller\Index->index[ F:\Programme\GitHub\Personal-Blog\application\index\controller\Index.php ]
[ info ] [ VIEW ] F:\Programme\GitHub\Personal-Blog\public/../application/index\view\index\index.html [ array (
) ]
[ info ] [ LOG ] INIT File
---------------------------------------------------------------
[ 2019-02-12T03:54:37+08:00 ] 127.0.0.1 GET 127.0.0.1/public/index.php/admin/index/index
[运行时间：0.127008s] [吞吐率：7.87req/s] [内存消耗：1,625.87kb] [文件加载：44]
[ info ] [ LANG ] F:\Programme\GitHub\Personal-Blog\thinkphp\lang\zh-cn.php
[ info ] [ ROUTE ] array (
  'type' => 'module',
  'module' => 
  array (
    0 => 'admin',
    1 => 'index',
    2 => 'index',
  ),
)
[ info ] [ HEADER ] array (
  'host' => '127.0.0.1',
  'connection' => 'keep-alive',
  'upgrade-insecure-requests' => '1',
  'user-agent' => 'Mozilla/5.0 (Windows NT 6.1; WOW64) AppleWebKit/537.36 (KHTML, like Gecko) Chrome/70.0.3538.77 Safari/537.36',
  'accept' => 'text/html,application/xhtml+xml,application/xml;q=0.9,image/webp,image/apng,*/*;q=0.8',
  'accept-encoding' => 'gzip, deflate, br',
  'accept-language' => 'zh-CN,zh;q=0.9',
)
[ info ] [ PARAM ] array (
)
[ info ] [ RUN ] app\admin\controller\Index->index[ F:\Programme\GitHub\Personal-Blog\application\admin\controller\Index.php ]
[ info ] [ VIEW ] F:\Programme\GitHub\Personal-Blog\public/../application/admin\view\index\index.html [ array (
) ]
[ info ] [ LOG ] INIT File
---------------------------------------------------------------
[ 2019-02-12T03:54:37+08:00 ] 127.0.0.1 GET 127.0.0.1/public/static/admin/fonts/fontawesome-webfont.woff2?v=4.3.0
[运行时间：0.102006s] [吞吐率：9.80req/s] [内存消耗：1,379.20kb] [文件加载：38]
[ info ] [ LANG ] F:\Programme\GitHub\Personal-Blog\thinkphp\lang\zh-cn.php
[ info ] [ ROUTE ] array (
  'type' => 'module',
  'module' => 
  array (
    0 => 'static',
    1 => 'admin',
    2 => 'fonts',
  ),
)
[ info ] [ HEADER ] array (
  'host' => '127.0.0.1',
  'connection' => 'keep-alive',
  'origin' => 'http://127.0.0.1',
  'user-agent' => 'Mozilla/5.0 (Windows NT 6.1; WOW64) AppleWebKit/537.36 (KHTML, like Gecko) Chrome/70.0.3538.77 Safari/537.36',
  'accept' => '*/*',
  'referer' => 'http://127.0.0.1/public/static/admin/style/font-awesome.css',
  'accept-encoding' => 'gzip, deflate, br',
  'accept-language' => 'zh-CN,zh;q=0.9',
)
[ info ] [ PARAM ] array (
  'v' => '4.3.0',
)
[ info ] [ LOG ] INIT File
---------------------------------------------------------------
[ 2019-02-12T03:55:55+08:00 ] 127.0.0.1 GET 127.0.0.1/public/index.php/admin/
[运行时间：0.191011s] [吞吐率：5.24req/s] [内存消耗：1,625.63kb] [文件加载：44]
[ info ] [ LANG ] F:\Programme\GitHub\Personal-Blog\thinkphp\lang\zh-cn.php
[ info ] [ ROUTE ] array (
  'type' => 'module',
  'module' => 
  array (
    0 => 'admin',
    1 => NULL,
    2 => NULL,
  ),
)
[ info ] [ HEADER ] array (
  'host' => '127.0.0.1',
  'connection' => 'keep-alive',
  'upgrade-insecure-requests' => '1',
  'user-agent' => 'Mozilla/5.0 (Windows NT 6.1; WOW64) AppleWebKit/537.36 (KHTML, like Gecko) Chrome/70.0.3538.77 Safari/537.36',
  'accept' => 'text/html,application/xhtml+xml,application/xml;q=0.9,image/webp,image/apng,*/*;q=0.8',
  'accept-encoding' => 'gzip, deflate, br',
  'accept-language' => 'zh-CN,zh;q=0.9',
)
[ info ] [ PARAM ] array (
)
[ info ] [ RUN ] app\admin\controller\Index->index[ F:\Programme\GitHub\Personal-Blog\application\admin\controller\Index.php ]
[ info ] [ VIEW ] F:\Programme\GitHub\Personal-Blog\public/../application/admin\view\index\index.html [ array (
) ]
[ info ] [ LOG ] INIT File
---------------------------------------------------------------
[ 2019-02-12T03:55:55+08:00 ] 127.0.0.1 GET 127.0.0.1/public/static/admin/fonts/fontawesome-webfont.woff2?v=4.3.0
[运行时间：0.137008s] [吞吐率：7.30req/s] [内存消耗：1,379.20kb] [文件加载：38]
[ info ] [ LANG ] F:\Programme\GitHub\Personal-Blog\thinkphp\lang\zh-cn.php
[ info ] [ ROUTE ] array (
  'type' => 'module',
  'module' => 
  array (
    0 => 'static',
    1 => 'admin',
    2 => 'fonts',
  ),
)
[ info ] [ HEADER ] array (
  'host' => '127.0.0.1',
  'connection' => 'keep-alive',
  'origin' => 'http://127.0.0.1',
  'user-agent' => 'Mozilla/5.0 (Windows NT 6.1; WOW64) AppleWebKit/537.36 (KHTML, like Gecko) Chrome/70.0.3538.77 Safari/537.36',
  'accept' => '*/*',
  'referer' => 'http://127.0.0.1/public/static/admin/style/font-awesome.css',
  'accept-encoding' => 'gzip, deflate, br',
  'accept-language' => 'zh-CN,zh;q=0.9',
)
[ info ] [ PARAM ] array (
  'v' => '4.3.0',
)
[ info ] [ LOG ] INIT File
---------------------------------------------------------------
[ 2019-02-12T03:56:11+08:00 ] 127.0.0.1 GET 127.0.0.1/public/index.php/admin/adminlst
[运行时间：0.179010s] [吞吐率：5.59req/s] [内存消耗：1,385.38kb] [文件加载：40]
[ info ] [ LANG ] F:\Programme\GitHub\Personal-Blog\thinkphp\lang\zh-cn.php
[ info ] [ ROUTE ] array (
  'type' => 'module',
  'module' => 
  array (
    0 => 'admin',
    1 => 'adminlst',
    2 => NULL,
  ),
)
[ info ] [ HEADER ] array (
  'host' => '127.0.0.1',
  'connection' => 'keep-alive',
  'upgrade-insecure-requests' => '1',
  'user-agent' => 'Mozilla/5.0 (Windows NT 6.1; WOW64) AppleWebKit/537.36 (KHTML, like Gecko) Chrome/70.0.3538.77 Safari/537.36',
  'accept' => 'text/html,application/xhtml+xml,application/xml;q=0.9,image/webp,image/apng,*/*;q=0.8',
  'accept-encoding' => 'gzip, deflate, br',
  'accept-language' => 'zh-CN,zh;q=0.9',
)
[ info ] [ PARAM ] array (
)
[ info ] [ LOG ] INIT File
---------------------------------------------------------------
[ 2019-02-12T03:56:16+08:00 ] 127.0.0.1 GET 127.0.0.1/public/index.php/admin/admin/lst
[运行时间：0.220012s] [吞吐率：4.55req/s] [内存消耗：1,780.37kb] [文件加载：46]
[ info ] [ LANG ] F:\Programme\GitHub\Personal-Blog\thinkphp\lang\zh-cn.php
[ info ] [ ROUTE ] array (
  'type' => 'module',
  'module' => 
  array (
    0 => 'admin',
    1 => 'admin',
    2 => 'lst',
  ),
)
[ info ] [ HEADER ] array (
  'host' => '127.0.0.1',
  'connection' => 'keep-alive',
  'upgrade-insecure-requests' => '1',
  'user-agent' => 'Mozilla/5.0 (Windows NT 6.1; WOW64) AppleWebKit/537.36 (KHTML, like Gecko) Chrome/70.0.3538.77 Safari/537.36',
  'accept' => 'text/html,application/xhtml+xml,application/xml;q=0.9,image/webp,image/apng,*/*;q=0.8',
  'accept-encoding' => 'gzip, deflate, br',
  'accept-language' => 'zh-CN,zh;q=0.9',
)
[ info ] [ PARAM ] array (
)
[ info ] [ RUN ] app\admin\controller\Admin->lst[ F:\Programme\GitHub\Personal-Blog\application\admin\controller\Admin.php ]
[ info ] [ VIEW ] F:\Programme\GitHub\Personal-Blog\public/../application/admin\view\admin\lst.html [ array (
) ]
[ info ] [ LOG ] INIT File
---------------------------------------------------------------
[ 2019-02-12T03:56:16+08:00 ] 127.0.0.1 GET 127.0.0.1/public/static/admin/fonts/fontawesome-webfont.woff2?v=4.3.0
[运行时间：0.144008s] [吞吐率：6.94req/s] [内存消耗：1,379.20kb] [文件加载：38]
[ info ] [ LANG ] F:\Programme\GitHub\Personal-Blog\thinkphp\lang\zh-cn.php
[ info ] [ ROUTE ] array (
  'type' => 'module',
  'module' => 
  array (
    0 => 'static',
    1 => 'admin',
    2 => 'fonts',
  ),
)
[ info ] [ HEADER ] array (
  'host' => '127.0.0.1',
  'connection' => 'keep-alive',
  'origin' => 'http://127.0.0.1',
  'user-agent' => 'Mozilla/5.0 (Windows NT 6.1; WOW64) AppleWebKit/537.36 (KHTML, like Gecko) Chrome/70.0.3538.77 Safari/537.36',
  'accept' => '*/*',
  'referer' => 'http://127.0.0.1/public/static/admin/style/font-awesome.css',
  'accept-encoding' => 'gzip, deflate, br',
  'accept-language' => 'zh-CN,zh;q=0.9',
)
[ info ] [ PARAM ] array (
  'v' => '4.3.0',
)
[ info ] [ LOG ] INIT File
---------------------------------------------------------------
[ 2019-02-12T03:56:22+08:00 ] 127.0.0.1 GET 127.0.0.1/public/static/admin/fonts/fontawesome-webfont.woff2?v=4.3.0
[运行时间：0.118007s] [吞吐率：8.47req/s] [内存消耗：1,379.20kb] [文件加载：38]
[ info ] [ LANG ] F:\Programme\GitHub\Personal-Blog\thinkphp\lang\zh-cn.php
[ info ] [ ROUTE ] array (
  'type' => 'module',
  'module' => 
  array (
    0 => 'static',
    1 => 'admin',
    2 => 'fonts',
  ),
)
[ info ] [ HEADER ] array (
  'host' => '127.0.0.1',
  'connection' => 'keep-alive',
  'origin' => 'http://127.0.0.1',
  'user-agent' => 'Mozilla/5.0 (Windows NT 6.1; WOW64) AppleWebKit/537.36 (KHTML, like Gecko) Chrome/70.0.3538.77 Safari/537.36',
  'accept' => '*/*',
  'referer' => 'http://127.0.0.1/public/static/admin/style/font-awesome.css',
  'accept-encoding' => 'gzip, deflate, br',
  'accept-language' => 'zh-CN,zh;q=0.9',
)
[ info ] [ PARAM ] array (
  'v' => '4.3.0',
)
[ info ] [ LOG ] INIT File
---------------------------------------------------------------
[ 2019-02-12T03:57:53+08:00 ] 127.0.0.1 GET 127.0.0.1/public/index.php/admin/
[运行时间：0.155009s] [吞吐率：6.45req/s] [内存消耗：1,834.21kb] [文件加载：47]
[ info ] [ LANG ] F:\Programme\GitHub\Personal-Blog\thinkphp\lang\zh-cn.php
[ info ] [ ROUTE ] array (
  'type' => 'module',
  'module' => 
  array (
    0 => 'admin',
    1 => NULL,
    2 => NULL,
  ),
)
[ info ] [ HEADER ] array (
  'host' => '127.0.0.1',
  'connection' => 'keep-alive',
  'cache-control' => 'max-age=0',
  'upgrade-insecure-requests' => '1',
  'user-agent' => 'Mozilla/5.0 (Windows NT 6.1; WOW64) AppleWebKit/537.36 (KHTML, like Gecko) Chrome/70.0.3538.77 Safari/537.36',
  'accept' => 'text/html,application/xhtml+xml,application/xml;q=0.9,image/webp,image/apng,*/*;q=0.8',
  'accept-encoding' => 'gzip, deflate, br',
  'accept-language' => 'zh-CN,zh;q=0.9',
)
[ info ] [ PARAM ] array (
)
[ info ] [ RUN ] app\admin\controller\Index->index[ F:\Programme\GitHub\Personal-Blog\application\admin\controller\Index.php ]
[ info ] [ VIEW ] F:\Programme\GitHub\Personal-Blog\public/../application/admin\view\index\index.html [ array (
) ]
[ info ] [ LOG ] INIT File
---------------------------------------------------------------
[ 2019-02-12T03:57:54+08:00 ] 127.0.0.1 GET 127.0.0.1/public/static/admin/fonts/fontawesome-webfont.woff2?v=4.3.0
[运行时间：0.129007s] [吞吐率：7.75req/s] [内存消耗：1,379.20kb] [文件加载：38]
[ info ] [ LANG ] F:\Programme\GitHub\Personal-Blog\thinkphp\lang\zh-cn.php
[ info ] [ ROUTE ] array (
  'type' => 'module',
  'module' => 
  array (
    0 => 'static',
    1 => 'admin',
    2 => 'fonts',
  ),
)
[ info ] [ HEADER ] array (
  'host' => '127.0.0.1',
  'connection' => 'keep-alive',
  'origin' => 'http://127.0.0.1',
  'user-agent' => 'Mozilla/5.0 (Windows NT 6.1; WOW64) AppleWebKit/537.36 (KHTML, like Gecko) Chrome/70.0.3538.77 Safari/537.36',
  'accept' => '*/*',
  'referer' => 'http://127.0.0.1/public/static/admin/style/font-awesome.css',
  'accept-encoding' => 'gzip, deflate, br',
  'accept-language' => 'zh-CN,zh;q=0.9',
)
[ info ] [ PARAM ] array (
  'v' => '4.3.0',
)
[ info ] [ LOG ] INIT File
---------------------------------------------------------------
[ 2019-02-12T03:58:00+08:00 ] 127.0.0.1 GET 127.0.0.1/public/index.php/admin/admin/lst.html
[运行时间：0.134008s] [吞吐率：7.46req/s] [内存消耗：1,841.92kb] [文件加载：47]
[ info ] [ LANG ] F:\Programme\GitHub\Personal-Blog\thinkphp\lang\zh-cn.php
[ info ] [ ROUTE ] array (
  'type' => 'module',
  'module' => 
  array (
    0 => 'admin',
    1 => 'admin',
    2 => 'lst',
  ),
)
[ info ] [ HEADER ] array (
  'host' => '127.0.0.1',
  'connection' => 'keep-alive',
  'upgrade-insecure-requests' => '1',
  'user-agent' => 'Mozilla/5.0 (Windows NT 6.1; WOW64) AppleWebKit/537.36 (KHTML, like Gecko) Chrome/70.0.3538.77 Safari/537.36',
  'accept' => 'text/html,application/xhtml+xml,application/xml;q=0.9,image/webp,image/apng,*/*;q=0.8',
  'referer' => 'http://127.0.0.1/public/index.php/admin/',
  'accept-encoding' => 'gzip, deflate, br',
  'accept-language' => 'zh-CN,zh;q=0.9',
)
[ info ] [ PARAM ] array (
)
[ info ] [ RUN ] app\admin\controller\Admin->lst[ F:\Programme\GitHub\Personal-Blog\application\admin\controller\Admin.php ]
[ info ] [ VIEW ] F:\Programme\GitHub\Personal-Blog\public/../application/admin\view\admin\lst.html [ array (
) ]
[ info ] [ LOG ] INIT File
---------------------------------------------------------------
[ 2019-02-12T03:58:01+08:00 ] 127.0.0.1 GET 127.0.0.1/public/static/admin/fonts/fontawesome-webfont.woff2?v=4.3.0
[运行时间：0.113006s] [吞吐率：8.85req/s] [内存消耗：1,379.20kb] [文件加载：38]
[ info ] [ LANG ] F:\Programme\GitHub\Personal-Blog\thinkphp\lang\zh-cn.php
[ info ] [ ROUTE ] array (
  'type' => 'module',
  'module' => 
  array (
    0 => 'static',
    1 => 'admin',
    2 => 'fonts',
  ),
)
[ info ] [ HEADER ] array (
  'host' => '127.0.0.1',
  'connection' => 'keep-alive',
  'origin' => 'http://127.0.0.1',
  'user-agent' => 'Mozilla/5.0 (Windows NT 6.1; WOW64) AppleWebKit/537.36 (KHTML, like Gecko) Chrome/70.0.3538.77 Safari/537.36',
  'accept' => '*/*',
  'referer' => 'http://127.0.0.1/public/static/admin/style/font-awesome.css',
  'accept-encoding' => 'gzip, deflate, br',
  'accept-language' => 'zh-CN,zh;q=0.9',
)
[ info ] [ PARAM ] array (
  'v' => '4.3.0',
)
[ info ] [ LOG ] INIT File
---------------------------------------------------------------
[ 2019-02-12T03:58:20+08:00 ] 127.0.0.1 GET 127.0.0.1/public/static/admin/fonts/fontawesome-webfont.woff2?v=4.3.0
[运行时间：0.101005s] [吞吐率：9.90req/s] [内存消耗：1,379.20kb] [文件加载：38]
[ info ] [ LANG ] F:\Programme\GitHub\Personal-Blog\thinkphp\lang\zh-cn.php
[ info ] [ ROUTE ] array (
  'type' => 'module',
  'module' => 
  array (
    0 => 'static',
    1 => 'admin',
    2 => 'fonts',
  ),
)
[ info ] [ HEADER ] array (
  'host' => '127.0.0.1',
  'connection' => 'keep-alive',
  'origin' => 'http://127.0.0.1',
  'user-agent' => 'Mozilla/5.0 (Windows NT 6.1; WOW64) AppleWebKit/537.36 (KHTML, like Gecko) Chrome/70.0.3538.77 Safari/537.36',
  'accept' => '*/*',
  'referer' => 'http://127.0.0.1/public/static/admin/style/font-awesome.css',
  'accept-encoding' => 'gzip, deflate, br',
  'accept-language' => 'zh-CN,zh;q=0.9',
)
[ info ] [ PARAM ] array (
  'v' => '4.3.0',
)
[ info ] [ LOG ] INIT File
---------------------------------------------------------------
[ 2019-02-12T03:58:28+08:00 ] 127.0.0.1 GET 127.0.0.1/public/static/admin/fonts/fontawesome-webfont.woff2?v=4.3.0
[运行时间：0.131008s] [吞吐率：7.63req/s] [内存消耗：1,379.20kb] [文件加载：38]
[ info ] [ LANG ] F:\Programme\GitHub\Personal-Blog\thinkphp\lang\zh-cn.php
[ info ] [ ROUTE ] array (
  'type' => 'module',
  'module' => 
  array (
    0 => 'static',
    1 => 'admin',
    2 => 'fonts',
  ),
)
[ info ] [ HEADER ] array (
  'host' => '127.0.0.1',
  'connection' => 'keep-alive',
  'origin' => 'http://127.0.0.1',
  'user-agent' => 'Mozilla/5.0 (Windows NT 6.1; WOW64) AppleWebKit/537.36 (KHTML, like Gecko) Chrome/70.0.3538.77 Safari/537.36',
  'accept' => '*/*',
  'referer' => 'http://127.0.0.1/public/static/admin/style/font-awesome.css',
  'accept-encoding' => 'gzip, deflate, br',
  'accept-language' => 'zh-CN,zh;q=0.9',
)
[ info ] [ PARAM ] array (
  'v' => '4.3.0',
)
[ info ] [ LOG ] INIT File
---------------------------------------------------------------
[ 2019-02-12T03:59:24+08:00 ] 127.0.0.1 GET 127.0.0.1/public/static/admin/fonts/fontawesome-webfont.woff2?v=4.3.0
[运行时间：0.155009s] [吞吐率：6.45req/s] [内存消耗：1,379.20kb] [文件加载：38]
[ info ] [ LANG ] F:\Programme\GitHub\Personal-Blog\thinkphp\lang\zh-cn.php
[ info ] [ ROUTE ] array (
  'type' => 'module',
  'module' => 
  array (
    0 => 'static',
    1 => 'admin',
    2 => 'fonts',
  ),
)
[ info ] [ HEADER ] array (
  'host' => '127.0.0.1',
  'connection' => 'keep-alive',
  'origin' => 'http://127.0.0.1',
  'user-agent' => 'Mozilla/5.0 (Windows NT 6.1; WOW64) AppleWebKit/537.36 (KHTML, like Gecko) Chrome/70.0.3538.77 Safari/537.36',
  'accept' => '*/*',
  'referer' => 'http://127.0.0.1/public/static/admin/style/font-awesome.css',
  'accept-encoding' => 'gzip, deflate, br',
  'accept-language' => 'zh-CN,zh;q=0.9',
)
[ info ] [ PARAM ] array (
  'v' => '4.3.0',
)
[ info ] [ LOG ] INIT File
---------------------------------------------------------------
[ 2019-02-12T03:59:25+08:00 ] 127.0.0.1 GET 127.0.0.1/public/index.php/admin/admin/lst.html
[运行时间：0.140008s] [吞吐率：7.14req/s] [内存消耗：1,842.12kb] [文件加载：47]
[ info ] [ LANG ] F:\Programme\GitHub\Personal-Blog\thinkphp\lang\zh-cn.php
[ info ] [ ROUTE ] array (
  'type' => 'module',
  'module' => 
  array (
    0 => 'admin',
    1 => 'admin',
    2 => 'lst',
  ),
)
[ info ] [ HEADER ] array (
  'host' => '127.0.0.1',
  'connection' => 'keep-alive',
  'cache-control' => 'max-age=0',
  'upgrade-insecure-requests' => '1',
  'user-agent' => 'Mozilla/5.0 (Windows NT 6.1; WOW64) AppleWebKit/537.36 (KHTML, like Gecko) Chrome/70.0.3538.77 Safari/537.36',
  'accept' => 'text/html,application/xhtml+xml,application/xml;q=0.9,image/webp,image/apng,*/*;q=0.8',
  'referer' => 'http://127.0.0.1/public/index.php/admin/',
  'accept-encoding' => 'gzip, deflate, br',
  'accept-language' => 'zh-CN,zh;q=0.9',
)
[ info ] [ PARAM ] array (
)
[ info ] [ RUN ] app\admin\controller\Admin->lst[ F:\Programme\GitHub\Personal-Blog\application\admin\controller\Admin.php ]
[ info ] [ VIEW ] F:\Programme\GitHub\Personal-Blog\public/../application/admin\view\admin\lst.html [ array (
) ]
[ info ] [ LOG ] INIT File
---------------------------------------------------------------
[ 2019-02-12T03:59:25+08:00 ] 127.0.0.1 GET 127.0.0.1/public/static/admin/fonts/fontawesome-webfont.woff2?v=4.3.0
[运行时间：0.133007s] [吞吐率：7.52req/s] [内存消耗：1,379.20kb] [文件加载：38]
[ info ] [ LANG ] F:\Programme\GitHub\Personal-Blog\thinkphp\lang\zh-cn.php
[ info ] [ ROUTE ] array (
  'type' => 'module',
  'module' => 
  array (
    0 => 'static',
    1 => 'admin',
    2 => 'fonts',
  ),
)
[ info ] [ HEADER ] array (
  'host' => '127.0.0.1',
  'connection' => 'keep-alive',
  'origin' => 'http://127.0.0.1',
  'user-agent' => 'Mozilla/5.0 (Windows NT 6.1; WOW64) AppleWebKit/537.36 (KHTML, like Gecko) Chrome/70.0.3538.77 Safari/537.36',
  'accept' => '*/*',
  'referer' => 'http://127.0.0.1/public/static/admin/style/font-awesome.css',
  'accept-encoding' => 'gzip, deflate, br',
  'accept-language' => 'zh-CN,zh;q=0.9',
)
[ info ] [ PARAM ] array (
  'v' => '4.3.0',
)
[ info ] [ LOG ] INIT File
---------------------------------------------------------------
[ 2019-02-12T04:01:16+08:00 ] 127.0.0.1 GET 127.0.0.1/public/index.php/admin/admin/lst.html
[运行时间：0.181010s] [吞吐率：5.52req/s] [内存消耗：1,842.12kb] [文件加载：47]
[ info ] [ LANG ] F:\Programme\GitHub\Personal-Blog\thinkphp\lang\zh-cn.php
[ info ] [ ROUTE ] array (
  'type' => 'module',
  'module' => 
  array (
    0 => 'admin',
    1 => 'admin',
    2 => 'lst',
  ),
)
[ info ] [ HEADER ] array (
  'host' => '127.0.0.1',
  'connection' => 'keep-alive',
  'cache-control' => 'max-age=0',
  'upgrade-insecure-requests' => '1',
  'user-agent' => 'Mozilla/5.0 (Windows NT 6.1; WOW64) AppleWebKit/537.36 (KHTML, like Gecko) Chrome/70.0.3538.77 Safari/537.36',
  'accept' => 'text/html,application/xhtml+xml,application/xml;q=0.9,image/webp,image/apng,*/*;q=0.8',
  'referer' => 'http://127.0.0.1/public/index.php/admin/',
  'accept-encoding' => 'gzip, deflate, br',
  'accept-language' => 'zh-CN,zh;q=0.9',
)
[ info ] [ PARAM ] array (
)
[ info ] [ RUN ] app\admin\controller\Admin->lst[ F:\Programme\GitHub\Personal-Blog\application\admin\controller\Admin.php ]
[ info ] [ VIEW ] F:\Programme\GitHub\Personal-Blog\public/../application/admin\view\admin\lst.html [ array (
) ]
[ info ] [ LOG ] INIT File
---------------------------------------------------------------
[ 2019-02-12T04:01:17+08:00 ] 127.0.0.1 GET 127.0.0.1/public/static/admin/fonts/fontawesome-webfont.woff2?v=4.3.0
[运行时间：0.115007s] [吞吐率：8.70req/s] [内存消耗：1,379.20kb] [文件加载：38]
[ info ] [ LANG ] F:\Programme\GitHub\Personal-Blog\thinkphp\lang\zh-cn.php
[ info ] [ ROUTE ] array (
  'type' => 'module',
  'module' => 
  array (
    0 => 'static',
    1 => 'admin',
    2 => 'fonts',
  ),
)
[ info ] [ HEADER ] array (
  'host' => '127.0.0.1',
  'connection' => 'keep-alive',
  'origin' => 'http://127.0.0.1',
  'user-agent' => 'Mozilla/5.0 (Windows NT 6.1; WOW64) AppleWebKit/537.36 (KHTML, like Gecko) Chrome/70.0.3538.77 Safari/537.36',
  'accept' => '*/*',
  'referer' => 'http://127.0.0.1/public/static/admin/style/font-awesome.css',
  'accept-encoding' => 'gzip, deflate, br',
  'accept-language' => 'zh-CN,zh;q=0.9',
)
[ info ] [ PARAM ] array (
  'v' => '4.3.0',
)
[ info ] [ LOG ] INIT File
---------------------------------------------------------------
[ 2019-02-12T04:01:18+08:00 ] 127.0.0.1 GET 127.0.0.1/public/index.php/admin/admin/add.html
[运行时间：0.203011s] [吞吐率：4.93req/s] [内存消耗：1,839.09kb] [文件加载：47]
[ info ] [ LANG ] F:\Programme\GitHub\Personal-Blog\thinkphp\lang\zh-cn.php
[ info ] [ ROUTE ] array (
  'type' => 'module',
  'module' => 
  array (
    0 => 'admin',
    1 => 'admin',
    2 => 'add',
  ),
)
[ info ] [ HEADER ] array (
  'host' => '127.0.0.1',
  'connection' => 'keep-alive',
  'upgrade-insecure-requests' => '1',
  'user-agent' => 'Mozilla/5.0 (Windows NT 6.1; WOW64) AppleWebKit/537.36 (KHTML, like Gecko) Chrome/70.0.3538.77 Safari/537.36',
  'accept' => 'text/html,application/xhtml+xml,application/xml;q=0.9,image/webp,image/apng,*/*;q=0.8',
  'referer' => 'http://127.0.0.1/public/index.php/admin/admin/lst.html',
  'accept-encoding' => 'gzip, deflate, br',
  'accept-language' => 'zh-CN,zh;q=0.9',
)
[ info ] [ PARAM ] array (
)
[ info ] [ RUN ] app\admin\controller\Admin->add[ F:\Programme\GitHub\Personal-Blog\application\admin\controller\Admin.php ]
[ info ] [ VIEW ] F:\Programme\GitHub\Personal-Blog\public/../application/admin\view\admin\add.html [ array (
) ]
[ info ] [ LOG ] INIT File
---------------------------------------------------------------
[ 2019-02-12T04:01:19+08:00 ] 127.0.0.1 GET 127.0.0.1/public/static/admin/fonts/fontawesome-webfont.woff2?v=4.3.0
[运行时间：0.098006s] [吞吐率：10.20req/s] [内存消耗：1,379.20kb] [文件加载：38]
[ info ] [ LANG ] F:\Programme\GitHub\Personal-Blog\thinkphp\lang\zh-cn.php
[ info ] [ ROUTE ] array (
  'type' => 'module',
  'module' => 
  array (
    0 => 'static',
    1 => 'admin',
    2 => 'fonts',
  ),
)
[ info ] [ HEADER ] array (
  'host' => '127.0.0.1',
  'connection' => 'keep-alive',
  'origin' => 'http://127.0.0.1',
  'user-agent' => 'Mozilla/5.0 (Windows NT 6.1; WOW64) AppleWebKit/537.36 (KHTML, like Gecko) Chrome/70.0.3538.77 Safari/537.36',
  'accept' => '*/*',
  'referer' => 'http://127.0.0.1/public/static/admin/style/font-awesome.css',
  'accept-encoding' => 'gzip, deflate, br',
  'accept-language' => 'zh-CN,zh;q=0.9',
)
[ info ] [ PARAM ] array (
  'v' => '4.3.0',
)
[ info ] [ LOG ] INIT File
