---------------------------------------------------------------
[ 2019-02-21T10:26:43+08:00 ] 127.0.0.1 GET 127.0.0.1/public/
[运行时间：0.255015s] [吞吐率：3.92req/s] [内存消耗：1,625.52kb] [文件加载：44]
[ info ] [ LANG ] F:\Programme\GitHub\Personal-Blog\thinkphp\lang\zh-cn.php
[ info ] [ ROUTE ] array (
  'type' => 'module',
  'module' => 
  array (
    0 => '',
    1 => NULL,
    2 => NULL,
  ),
)
[ info ] [ HEADER ] array (
  'host' => '127.0.0.1',
  'connection' => 'keep-alive',
  'upgrade-insecure-requests' => '1',
  'user-agent' => 'Mozilla/5.0 (Windows NT 6.1; WOW64) AppleWebKit/537.36 (KHTML, like Gecko) Chrome/62.0.3202.94 Safari/537.36 115Browser/9.1.1',
  'accept' => 'text/html,application/xhtml+xml,application/xml;q=0.9,image/webp,image/apng,*/*;q=0.8',
  'accept-encoding' => 'gzip, deflate, br',
  'accept-language' => 'zh-CN,zh;q=0.9',
)
[ info ] [ PARAM ] array (
)
[ info ] [ RUN ] app\index\controller\Index->index[ F:\Programme\GitHub\Personal-Blog\application\index\controller\Index.php ]
[ info ] [ VIEW ] F:\Programme\GitHub\Personal-Blog\public/../application/index\view\index\index.html [ array (
) ]
[ info ] [ LOG ] INIT File
---------------------------------------------------------------
[ 2019-02-21T10:26:44+08:00 ] 127.0.0.1 GET 127.0.0.1/public/images/js/count_zixun.js
[运行时间：0.351020s] [吞吐率：2.85req/s] [内存消耗：1,378.77kb] [文件加载：38]
[ info ] [ LANG ] F:\Programme\GitHub\Personal-Blog\thinkphp\lang\zh-cn.php
[ info ] [ ROUTE ] array (
  'type' => 'module',
  'module' => 
  array (
    0 => 'images',
    1 => 'js',
    2 => 'count_zixun.js',
  ),
)
[ info ] [ HEADER ] array (
  'host' => '127.0.0.1',
  'connection' => 'keep-alive',
  'user-agent' => 'Mozilla/5.0 (Windows NT 6.1; WOW64) AppleWebKit/537.36 (KHTML, like Gecko) Chrome/62.0.3202.94 Safari/537.36 115Browser/9.1.1',
  'accept' => '*/*',
  'referer' => 'http://127.0.0.1/public/',
  'accept-encoding' => 'gzip, deflate, br',
  'accept-language' => 'zh-CN,zh;q=0.9',
)
[ info ] [ PARAM ] array (
)
[ info ] [ LOG ] INIT File
---------------------------------------------------------------
[ 2019-02-21T10:26:44+08:00 ] 127.0.0.1 GET 127.0.0.1/public/goto/my-65537.js
[运行时间：0.305018s] [吞吐率：3.28req/s] [内存消耗：1,378.70kb] [文件加载：38]
[ info ] [ LANG ] F:\Programme\GitHub\Personal-Blog\thinkphp\lang\zh-cn.php
[ info ] [ ROUTE ] array (
  'type' => 'module',
  'module' => 
  array (
    0 => 'goto',
    1 => 'my-65537.js',
    2 => NULL,
  ),
)
[ info ] [ HEADER ] array (
  'host' => '127.0.0.1',
  'connection' => 'keep-alive',
  'user-agent' => 'Mozilla/5.0 (Windows NT 6.1; WOW64) AppleWebKit/537.36 (KHTML, like Gecko) Chrome/62.0.3202.94 Safari/537.36 115Browser/9.1.1',
  'accept' => '*/*',
  'referer' => 'http://127.0.0.1/public/',
  'accept-encoding' => 'gzip, deflate, br',
  'accept-language' => 'zh-CN,zh;q=0.9',
)
[ info ] [ PARAM ] array (
)
[ info ] [ LOG ] INIT File
---------------------------------------------------------------
[ 2019-02-21T10:28:14+08:00 ] 127.0.0.1 GET www.tp5.com/
[运行时间：0.088005s] [吞吐率：11.36req/s] [内存消耗：1,625.78kb] [文件加载：44]
[ info ] [ LANG ] F:\Programme\GitHub\Personal-Blog\thinkphp\lang\zh-cn.php
[ info ] [ ROUTE ] array (
  'type' => 'module',
  'module' => 
  array (
    0 => '',
    1 => NULL,
    2 => NULL,
  ),
)
[ info ] [ HEADER ] array (
  'host' => 'www.tp5.com',
  'connection' => 'keep-alive',
  'upgrade-insecure-requests' => '1',
  'user-agent' => 'Mozilla/5.0 (Windows NT 6.1; WOW64) AppleWebKit/537.36 (KHTML, like Gecko) Chrome/62.0.3202.94 Safari/537.36 115Browser/9.1.1',
  'accept' => 'text/html,application/xhtml+xml,application/xml;q=0.9,image/webp,image/apng,*/*;q=0.8',
  'accept-encoding' => 'gzip, deflate',
  'accept-language' => 'zh-CN,zh;q=0.9',
  'cookie' => 'pgv_pvi=4748819456',
)
[ info ] [ PARAM ] array (
)
[ info ] [ RUN ] app\index\controller\Index->index[ F:\Programme\GitHub\Personal-Blog\application\index\controller\Index.php ]
[ info ] [ VIEW ] F:\Programme\GitHub\Personal-Blog\public/../application/index\view\index\index.html [ array (
) ]
[ info ] [ LOG ] INIT File
---------------------------------------------------------------
[ 2019-02-21T10:28:14+08:00 ] 127.0.0.1 GET www.tp5.com/goto/my-65537.js
[运行时间：0.112006s] [吞吐率：8.93req/s] [内存消耗：1,378.83kb] [文件加载：38]
[ info ] [ LANG ] F:\Programme\GitHub\Personal-Blog\thinkphp\lang\zh-cn.php
[ info ] [ ROUTE ] array (
  'type' => 'module',
  'module' => 
  array (
    0 => 'goto',
    1 => 'my-65537.js',
    2 => NULL,
  ),
)
[ info ] [ HEADER ] array (
  'host' => 'www.tp5.com',
  'connection' => 'keep-alive',
  'user-agent' => 'Mozilla/5.0 (Windows NT 6.1; WOW64) AppleWebKit/537.36 (KHTML, like Gecko) Chrome/62.0.3202.94 Safari/537.36 115Browser/9.1.1',
  'accept' => '*/*',
  'referer' => 'http://www.tp5.com/',
  'accept-encoding' => 'gzip, deflate',
  'accept-language' => 'zh-CN,zh;q=0.9',
  'cookie' => 'pgv_pvi=4748819456',
)
[ info ] [ PARAM ] array (
)
[ info ] [ LOG ] INIT File
---------------------------------------------------------------
[ 2019-02-21T10:28:14+08:00 ] 127.0.0.1 GET www.tp5.com/images/js/count_zixun.js
[运行时间：0.118007s] [吞吐率：8.47req/s] [内存消耗：1,378.88kb] [文件加载：38]
[ info ] [ LANG ] F:\Programme\GitHub\Personal-Blog\thinkphp\lang\zh-cn.php
[ info ] [ ROUTE ] array (
  'type' => 'module',
  'module' => 
  array (
    0 => 'images',
    1 => 'js',
    2 => 'count_zixun.js',
  ),
)
[ info ] [ HEADER ] array (
  'host' => 'www.tp5.com',
  'connection' => 'keep-alive',
  'user-agent' => 'Mozilla/5.0 (Windows NT 6.1; WOW64) AppleWebKit/537.36 (KHTML, like Gecko) Chrome/62.0.3202.94 Safari/537.36 115Browser/9.1.1',
  'accept' => '*/*',
  'referer' => 'http://www.tp5.com/',
  'accept-encoding' => 'gzip, deflate',
  'accept-language' => 'zh-CN,zh;q=0.9',
  'cookie' => 'pgv_pvi=4748819456',
)
[ info ] [ PARAM ] array (
)
[ info ] [ LOG ] INIT File
---------------------------------------------------------------
[ 2019-02-21T10:44:05+08:00 ] 127.0.0.1 GET 127.0.0.1/public/index.php/admin/admin/add
[运行时间：0.255014s] [吞吐率：3.92req/s] [内存消耗：1,688.06kb] [文件加载：45]
[ info ] [ LANG ] F:\Programme\GitHub\Personal-Blog\thinkphp\lang\zh-cn.php
[ info ] [ ROUTE ] array (
  'type' => 'module',
  'module' => 
  array (
    0 => 'admin',
    1 => 'admin',
    2 => 'add',
  ),
)
[ info ] [ HEADER ] array (
  'host' => '127.0.0.1',
  'connection' => 'keep-alive',
  'upgrade-insecure-requests' => '1',
  'user-agent' => 'Mozilla/5.0 (Windows NT 6.1; WOW64) AppleWebKit/537.36 (KHTML, like Gecko) Chrome/62.0.3202.94 Safari/537.36 115Browser/9.1.1',
  'accept' => 'text/html,application/xhtml+xml,application/xml;q=0.9,image/webp,image/apng,*/*;q=0.8',
  'accept-encoding' => 'gzip, deflate, br',
  'accept-language' => 'zh-CN,zh;q=0.9',
)
[ info ] [ PARAM ] array (
)
[ info ] [ RUN ] app\admin\controller\Admin->add[ F:\Programme\GitHub\Personal-Blog\application\admin\controller\Admin.php ]
[ info ] [ VIEW ] F:\Programme\GitHub\Personal-Blog\public/../application/admin\view\admin\add.html [ array (
) ]
[ info ] [ LOG ] INIT File
---------------------------------------------------------------
[ 2019-02-21T10:44:05+08:00 ] 127.0.0.1 GET 127.0.0.1/public/static/admin/fonts/fontawesome-webfont.woff2?v=4.3.0
[运行时间：0.077004s] [吞吐率：12.99req/s] [内存消耗：1,379.34kb] [文件加载：38]
[ info ] [ LANG ] F:\Programme\GitHub\Personal-Blog\thinkphp\lang\zh-cn.php
[ info ] [ ROUTE ] array (
  'type' => 'module',
  'module' => 
  array (
    0 => 'static',
    1 => 'admin',
    2 => 'fonts',
  ),
)
[ info ] [ HEADER ] array (
  'host' => '127.0.0.1',
  'connection' => 'keep-alive',
  'origin' => 'http://127.0.0.1',
  'user-agent' => 'Mozilla/5.0 (Windows NT 6.1; WOW64) AppleWebKit/537.36 (KHTML, like Gecko) Chrome/62.0.3202.94 Safari/537.36 115Browser/9.1.1',
  'accept' => '*/*',
  'referer' => 'http://127.0.0.1/public/static/admin/style/font-awesome.css',
  'accept-encoding' => 'gzip, deflate, br',
  'accept-language' => 'zh-CN,zh;q=0.9',
)
[ info ] [ PARAM ] array (
  'v' => '4.3.0',
)
[ info ] [ LOG ] INIT File
---------------------------------------------------------------
[ 2019-02-21T10:44:45+08:00 ] 127.0.0.1 GET 127.0.0.1/public/index.php/admin/admin/add
[运行时间：0.209012s] [吞吐率：4.78req/s] [内存消耗：1,838.96kb] [文件加载：47]
[ info ] [ LANG ] F:\Programme\GitHub\Personal-Blog\thinkphp\lang\zh-cn.php
[ info ] [ ROUTE ] array (
  'type' => 'module',
  'module' => 
  array (
    0 => 'admin',
    1 => 'admin',
    2 => 'add',
  ),
)
[ info ] [ HEADER ] array (
  'host' => '127.0.0.1',
  'connection' => 'keep-alive',
  'cache-control' => 'max-age=0',
  'upgrade-insecure-requests' => '1',
  'user-agent' => 'Mozilla/5.0 (Windows NT 6.1; WOW64) AppleWebKit/537.36 (KHTML, like Gecko) Chrome/62.0.3202.94 Safari/537.36 115Browser/9.1.1',
  'accept' => 'text/html,application/xhtml+xml,application/xml;q=0.9,image/webp,image/apng,*/*;q=0.8',
  'accept-encoding' => 'gzip, deflate, br',
  'accept-language' => 'zh-CN,zh;q=0.9',
)
[ info ] [ PARAM ] array (
)
[ info ] [ RUN ] app\admin\controller\Admin->add[ F:\Programme\GitHub\Personal-Blog\application\admin\controller\Admin.php ]
[ info ] [ VIEW ] F:\Programme\GitHub\Personal-Blog\public/../application/admin\view\admin\add.html [ array (
) ]
[ info ] [ LOG ] INIT File
---------------------------------------------------------------
[ 2019-02-21T10:44:45+08:00 ] 127.0.0.1 GET 127.0.0.1/public/static/admin/fonts/fontawesome-webfont.woff2?v=4.3.0
[运行时间：0.096006s] [吞吐率：10.42req/s] [内存消耗：1,379.29kb] [文件加载：38]
[ info ] [ LANG ] F:\Programme\GitHub\Personal-Blog\thinkphp\lang\zh-cn.php
[ info ] [ ROUTE ] array (
  'type' => 'module',
  'module' => 
  array (
    0 => 'static',
    1 => 'admin',
    2 => 'fonts',
  ),
)
[ info ] [ HEADER ] array (
  'host' => '127.0.0.1',
  'connection' => 'keep-alive',
  'origin' => 'http://127.0.0.1',
  'user-agent' => 'Mozilla/5.0 (Windows NT 6.1; WOW64) AppleWebKit/537.36 (KHTML, like Gecko) Chrome/62.0.3202.94 Safari/537.36 115Browser/9.1.1',
  'accept' => '*/*',
  'referer' => 'http://127.0.0.1/public/static/admin/style/font-awesome.css',
  'accept-encoding' => 'gzip, deflate, br',
  'accept-language' => 'zh-CN,zh;q=0.9',
)
[ info ] [ PARAM ] array (
  'v' => '4.3.0',
)
[ info ] [ LOG ] INIT File
---------------------------------------------------------------
[ 2019-02-21T10:45:17+08:00 ] 127.0.0.1 GET 127.0.0.1/public/index.php/admin/admin/add
[运行时间：0.141008s] [吞吐率：7.09req/s] [内存消耗：1,839.13kb] [文件加载：47]
[ info ] [ LANG ] F:\Programme\GitHub\Personal-Blog\thinkphp\lang\zh-cn.php
[ info ] [ ROUTE ] array (
  'type' => 'module',
  'module' => 
  array (
    0 => 'admin',
    1 => 'admin',
    2 => 'add',
  ),
)
[ info ] [ HEADER ] array (
  'host' => '127.0.0.1',
  'connection' => 'keep-alive',
  'cache-control' => 'max-age=0',
  'upgrade-insecure-requests' => '1',
  'user-agent' => 'Mozilla/5.0 (Windows NT 6.1; WOW64) AppleWebKit/537.36 (KHTML, like Gecko) Chrome/62.0.3202.94 Safari/537.36 115Browser/9.1.1',
  'accept' => 'text/html,application/xhtml+xml,application/xml;q=0.9,image/webp,image/apng,*/*;q=0.8',
  'accept-encoding' => 'gzip, deflate, br',
  'accept-language' => 'zh-CN,zh;q=0.9',
)
[ info ] [ PARAM ] array (
)
[ info ] [ RUN ] app\admin\controller\Admin->add[ F:\Programme\GitHub\Personal-Blog\application\admin\controller\Admin.php ]
[ info ] [ VIEW ] F:\Programme\GitHub\Personal-Blog\public/../application/admin\view\admin\add.html [ array (
) ]
[ info ] [ LOG ] INIT File
---------------------------------------------------------------
[ 2019-02-21T10:45:17+08:00 ] 127.0.0.1 GET 127.0.0.1/public/static/admin/fonts/fontawesome-webfont.woff2?v=4.3.0
[运行时间：0.101006s] [吞吐率：9.90req/s] [内存消耗：1,379.29kb] [文件加载：38]
[ info ] [ LANG ] F:\Programme\GitHub\Personal-Blog\thinkphp\lang\zh-cn.php
[ info ] [ ROUTE ] array (
  'type' => 'module',
  'module' => 
  array (
    0 => 'static',
    1 => 'admin',
    2 => 'fonts',
  ),
)
[ info ] [ HEADER ] array (
  'host' => '127.0.0.1',
  'connection' => 'keep-alive',
  'origin' => 'http://127.0.0.1',
  'user-agent' => 'Mozilla/5.0 (Windows NT 6.1; WOW64) AppleWebKit/537.36 (KHTML, like Gecko) Chrome/62.0.3202.94 Safari/537.36 115Browser/9.1.1',
  'accept' => '*/*',
  'referer' => 'http://127.0.0.1/public/static/admin/style/font-awesome.css',
  'accept-encoding' => 'gzip, deflate, br',
  'accept-language' => 'zh-CN,zh;q=0.9',
)
[ info ] [ PARAM ] array (
  'v' => '4.3.0',
)
[ info ] [ LOG ] INIT File
---------------------------------------------------------------
[ 2019-02-21T10:45:22+08:00 ] 127.0.0.1 GET 127.0.0.1/public/index.php/lst.html
[运行时间：0.079004s] [吞吐率：12.66req/s] [内存消耗：1,379.30kb] [文件加载：38]
[ info ] [ LANG ] F:\Programme\GitHub\Personal-Blog\thinkphp\lang\zh-cn.php
[ info ] [ ROUTE ] array (
  'type' => 'module',
  'module' => 
  array (
    0 => 'lst',
    1 => NULL,
    2 => NULL,
  ),
)
[ info ] [ HEADER ] array (
  'host' => '127.0.0.1',
  'connection' => 'keep-alive',
  'upgrade-insecure-requests' => '1',
  'user-agent' => 'Mozilla/5.0 (Windows NT 6.1; WOW64) AppleWebKit/537.36 (KHTML, like Gecko) Chrome/62.0.3202.94 Safari/537.36 115Browser/9.1.1',
  'accept' => 'text/html,application/xhtml+xml,application/xml;q=0.9,image/webp,image/apng,*/*;q=0.8',
  'referer' => 'http://127.0.0.1/public/index.php/admin/admin/add',
  'accept-encoding' => 'gzip, deflate, br',
  'accept-language' => 'zh-CN,zh;q=0.9',
)
[ info ] [ PARAM ] array (
)
[ info ] [ LOG ] INIT File
---------------------------------------------------------------
[ 2019-02-21T10:45:24+08:00 ] 127.0.0.1 GET 127.0.0.1/public/static/admin/fonts/fontawesome-webfont.woff2?v=4.3.0
[运行时间：0.133008s] [吞吐率：7.52req/s] [内存消耗：1,379.29kb] [文件加载：38]
[ info ] [ LANG ] F:\Programme\GitHub\Personal-Blog\thinkphp\lang\zh-cn.php
[ info ] [ ROUTE ] array (
  'type' => 'module',
  'module' => 
  array (
    0 => 'static',
    1 => 'admin',
    2 => 'fonts',
  ),
)
[ info ] [ HEADER ] array (
  'host' => '127.0.0.1',
  'connection' => 'keep-alive',
  'origin' => 'http://127.0.0.1',
  'user-agent' => 'Mozilla/5.0 (Windows NT 6.1; WOW64) AppleWebKit/537.36 (KHTML, like Gecko) Chrome/62.0.3202.94 Safari/537.36 115Browser/9.1.1',
  'accept' => '*/*',
  'referer' => 'http://127.0.0.1/public/static/admin/style/font-awesome.css',
  'accept-encoding' => 'gzip, deflate, br',
  'accept-language' => 'zh-CN,zh;q=0.9',
)
[ info ] [ PARAM ] array (
  'v' => '4.3.0',
)
[ info ] [ LOG ] INIT File
---------------------------------------------------------------
[ 2019-02-21T10:45:36+08:00 ] 127.0.0.1 GET 127.0.0.1/public/index.php/admin/admin/add
[运行时间：0.091005s] [吞吐率：10.99req/s] [内存消耗：1,839.02kb] [文件加载：47]
[ info ] [ LANG ] F:\Programme\GitHub\Personal-Blog\thinkphp\lang\zh-cn.php
[ info ] [ ROUTE ] array (
  'type' => 'module',
  'module' => 
  array (
    0 => 'admin',
    1 => 'admin',
    2 => 'add',
  ),
)
[ info ] [ HEADER ] array (
  'host' => '127.0.0.1',
  'connection' => 'keep-alive',
  'cache-control' => 'max-age=0',
  'upgrade-insecure-requests' => '1',
  'user-agent' => 'Mozilla/5.0 (Windows NT 6.1; WOW64) AppleWebKit/537.36 (KHTML, like Gecko) Chrome/62.0.3202.94 Safari/537.36 115Browser/9.1.1',
  'accept' => 'text/html,application/xhtml+xml,application/xml;q=0.9,image/webp,image/apng,*/*;q=0.8',
  'accept-encoding' => 'gzip, deflate, br',
  'accept-language' => 'zh-CN,zh;q=0.9',
)
[ info ] [ PARAM ] array (
)
[ info ] [ RUN ] app\admin\controller\Admin->add[ F:\Programme\GitHub\Personal-Blog\application\admin\controller\Admin.php ]
[ info ] [ VIEW ] F:\Programme\GitHub\Personal-Blog\public/../application/admin\view\admin\add.html [ array (
) ]
[ info ] [ LOG ] INIT File
---------------------------------------------------------------
[ 2019-02-21T10:45:36+08:00 ] 127.0.0.1 GET 127.0.0.1/public/static/admin/fonts/fontawesome-webfont.woff2?v=4.3.0
[运行时间：0.123007s] [吞吐率：8.13req/s] [内存消耗：1,379.29kb] [文件加载：38]
[ info ] [ LANG ] F:\Programme\GitHub\Personal-Blog\thinkphp\lang\zh-cn.php
[ info ] [ ROUTE ] array (
  'type' => 'module',
  'module' => 
  array (
    0 => 'static',
    1 => 'admin',
    2 => 'fonts',
  ),
)
[ info ] [ HEADER ] array (
  'host' => '127.0.0.1',
  'connection' => 'keep-alive',
  'origin' => 'http://127.0.0.1',
  'user-agent' => 'Mozilla/5.0 (Windows NT 6.1; WOW64) AppleWebKit/537.36 (KHTML, like Gecko) Chrome/62.0.3202.94 Safari/537.36 115Browser/9.1.1',
  'accept' => '*/*',
  'referer' => 'http://127.0.0.1/public/static/admin/style/font-awesome.css',
  'accept-encoding' => 'gzip, deflate, br',
  'accept-language' => 'zh-CN,zh;q=0.9',
)
[ info ] [ PARAM ] array (
  'v' => '4.3.0',
)
[ info ] [ LOG ] INIT File
---------------------------------------------------------------
[ 2019-02-21T10:45:39+08:00 ] 127.0.0.1 GET 127.0.0.1/public/index.php/admin/admin/add
[运行时间：0.079004s] [吞吐率：12.66req/s] [内存消耗：1,688.22kb] [文件加载：45]
[ info ] [ LANG ] F:\Programme\GitHub\Personal-Blog\thinkphp\lang\zh-cn.php
[ info ] [ ROUTE ] array (
  'type' => 'module',
  'module' => 
  array (
    0 => 'admin',
    1 => 'admin',
    2 => 'add',
  ),
)
[ info ] [ HEADER ] array (
  'host' => '127.0.0.1',
  'connection' => 'keep-alive',
  'cache-control' => 'max-age=0',
  'upgrade-insecure-requests' => '1',
  'user-agent' => 'Mozilla/5.0 (Windows NT 6.1; WOW64) AppleWebKit/537.36 (KHTML, like Gecko) Chrome/62.0.3202.94 Safari/537.36 115Browser/9.1.1',
  'accept' => 'text/html,application/xhtml+xml,application/xml;q=0.9,image/webp,image/apng,*/*;q=0.8',
  'accept-encoding' => 'gzip, deflate, br',
  'accept-language' => 'zh-CN,zh;q=0.9',
)
[ info ] [ PARAM ] array (
)
[ info ] [ RUN ] app\admin\controller\Admin->add[ F:\Programme\GitHub\Personal-Blog\application\admin\controller\Admin.php ]
[ info ] [ VIEW ] F:\Programme\GitHub\Personal-Blog\public/../application/admin\view\admin\add.html [ array (
) ]
[ info ] [ LOG ] INIT File
---------------------------------------------------------------
[ 2019-02-21T10:45:40+08:00 ] 127.0.0.1 GET 127.0.0.1/public/static/admin/fonts/fontawesome-webfont.woff2?v=4.3.0
[运行时间：0.093006s] [吞吐率：10.75req/s] [内存消耗：1,379.29kb] [文件加载：38]
[ info ] [ LANG ] F:\Programme\GitHub\Personal-Blog\thinkphp\lang\zh-cn.php
[ info ] [ ROUTE ] array (
  'type' => 'module',
  'module' => 
  array (
    0 => 'static',
    1 => 'admin',
    2 => 'fonts',
  ),
)
[ info ] [ HEADER ] array (
  'host' => '127.0.0.1',
  'connection' => 'keep-alive',
  'origin' => 'http://127.0.0.1',
  'user-agent' => 'Mozilla/5.0 (Windows NT 6.1; WOW64) AppleWebKit/537.36 (KHTML, like Gecko) Chrome/62.0.3202.94 Safari/537.36 115Browser/9.1.1',
  'accept' => '*/*',
  'referer' => 'http://127.0.0.1/public/static/admin/style/font-awesome.css',
  'accept-encoding' => 'gzip, deflate, br',
  'accept-language' => 'zh-CN,zh;q=0.9',
)
[ info ] [ PARAM ] array (
  'v' => '4.3.0',
)
[ info ] [ LOG ] INIT File
---------------------------------------------------------------
[ 2019-02-21T10:45:41+08:00 ] 127.0.0.1 GET 127.0.0.1/public/index.php/admin/admin/lst.html
[运行时间：0.132007s] [吞吐率：7.58req/s] [内存消耗：1,688.41kb] [文件加载：45]
[ info ] [ LANG ] F:\Programme\GitHub\Personal-Blog\thinkphp\lang\zh-cn.php
[ info ] [ ROUTE ] array (
  'type' => 'module',
  'module' => 
  array (
    0 => 'admin',
    1 => 'admin',
    2 => 'lst',
  ),
)
[ info ] [ HEADER ] array (
  'host' => '127.0.0.1',
  'connection' => 'keep-alive',
  'upgrade-insecure-requests' => '1',
  'user-agent' => 'Mozilla/5.0 (Windows NT 6.1; WOW64) AppleWebKit/537.36 (KHTML, like Gecko) Chrome/62.0.3202.94 Safari/537.36 115Browser/9.1.1',
  'accept' => 'text/html,application/xhtml+xml,application/xml;q=0.9,image/webp,image/apng,*/*;q=0.8',
  'referer' => 'http://127.0.0.1/public/index.php/admin/admin/add',
  'accept-encoding' => 'gzip, deflate, br',
  'accept-language' => 'zh-CN,zh;q=0.9',
)
[ info ] [ PARAM ] array (
)
[ info ] [ RUN ] app\admin\controller\Admin->lst[ F:\Programme\GitHub\Personal-Blog\application\admin\controller\Admin.php ]
[ info ] [ VIEW ] F:\Programme\GitHub\Personal-Blog\public/../application/admin\view\admin\lst.html [ array (
) ]
[ info ] [ LOG ] INIT File
---------------------------------------------------------------
[ 2019-02-21T10:45:41+08:00 ] 127.0.0.1 GET 127.0.0.1/public/static/admin/fonts/fontawesome-webfont.woff2?v=4.3.0
[运行时间：0.092005s] [吞吐率：10.87req/s] [内存消耗：1,379.29kb] [文件加载：38]
[ info ] [ LANG ] F:\Programme\GitHub\Personal-Blog\thinkphp\lang\zh-cn.php
[ info ] [ ROUTE ] array (
  'type' => 'module',
  'module' => 
  array (
    0 => 'static',
    1 => 'admin',
    2 => 'fonts',
  ),
)
[ info ] [ HEADER ] array (
  'host' => '127.0.0.1',
  'connection' => 'keep-alive',
  'origin' => 'http://127.0.0.1',
  'user-agent' => 'Mozilla/5.0 (Windows NT 6.1; WOW64) AppleWebKit/537.36 (KHTML, like Gecko) Chrome/62.0.3202.94 Safari/537.36 115Browser/9.1.1',
  'accept' => '*/*',
  'referer' => 'http://127.0.0.1/public/static/admin/style/font-awesome.css',
  'accept-encoding' => 'gzip, deflate, br',
  'accept-language' => 'zh-CN,zh;q=0.9',
)
[ info ] [ PARAM ] array (
  'v' => '4.3.0',
)
[ info ] [ LOG ] INIT File
---------------------------------------------------------------
[ 2019-02-21T10:46:26+08:00 ] 127.0.0.1 GET 127.0.0.1/public/static/admin/fonts/fontawesome-webfont.woff2?v=4.3.0
[运行时间：0.101006s] [吞吐率：9.90req/s] [内存消耗：1,379.29kb] [文件加载：38]
[ info ] [ LANG ] F:\Programme\GitHub\Personal-Blog\thinkphp\lang\zh-cn.php
[ info ] [ ROUTE ] array (
  'type' => 'module',
  'module' => 
  array (
    0 => 'static',
    1 => 'admin',
    2 => 'fonts',
  ),
)
[ info ] [ HEADER ] array (
  'host' => '127.0.0.1',
  'connection' => 'keep-alive',
  'origin' => 'http://127.0.0.1',
  'user-agent' => 'Mozilla/5.0 (Windows NT 6.1; WOW64) AppleWebKit/537.36 (KHTML, like Gecko) Chrome/62.0.3202.94 Safari/537.36 115Browser/9.1.1',
  'accept' => '*/*',
  'referer' => 'http://127.0.0.1/public/static/admin/style/font-awesome.css',
  'accept-encoding' => 'gzip, deflate, br',
  'accept-language' => 'zh-CN,zh;q=0.9',
)
[ info ] [ PARAM ] array (
  'v' => '4.3.0',
)
[ info ] [ LOG ] INIT File
---------------------------------------------------------------
[ 2019-02-21T10:46:27+08:00 ] 127.0.0.1 GET 127.0.0.1/public/index.php/admin/admin/add
[运行时间：0.128007s] [吞吐率：7.81req/s] [内存消耗：1,838.51kb] [文件加载：47]
[ info ] [ LANG ] F:\Programme\GitHub\Personal-Blog\thinkphp\lang\zh-cn.php
[ info ] [ ROUTE ] array (
  'type' => 'module',
  'module' => 
  array (
    0 => 'admin',
    1 => 'admin',
    2 => 'add',
  ),
)
[ info ] [ HEADER ] array (
  'host' => '127.0.0.1',
  'connection' => 'keep-alive',
  'cache-control' => 'max-age=0',
  'upgrade-insecure-requests' => '1',
  'user-agent' => 'Mozilla/5.0 (Windows NT 6.1; WOW64) AppleWebKit/537.36 (KHTML, like Gecko) Chrome/62.0.3202.94 Safari/537.36 115Browser/9.1.1',
  'accept' => 'text/html,application/xhtml+xml,application/xml;q=0.9,image/webp,image/apng,*/*;q=0.8',
  'accept-encoding' => 'gzip, deflate, br',
  'accept-language' => 'zh-CN,zh;q=0.9',
)
[ info ] [ PARAM ] array (
)
[ info ] [ RUN ] app\admin\controller\Admin->add[ F:\Programme\GitHub\Personal-Blog\application\admin\controller\Admin.php ]
[ info ] [ VIEW ] F:\Programme\GitHub\Personal-Blog\public/../application/admin\view\admin\add.html [ array (
) ]
[ info ] [ LOG ] INIT File
---------------------------------------------------------------
[ 2019-02-21T10:46:27+08:00 ] 127.0.0.1 GET 127.0.0.1/public/static/admin/fonts/fontawesome-webfont.woff2?v=4.3.0
[运行时间：0.078004s] [吞吐率：12.82req/s] [内存消耗：1,379.29kb] [文件加载：38]
[ info ] [ LANG ] F:\Programme\GitHub\Personal-Blog\thinkphp\lang\zh-cn.php
[ info ] [ ROUTE ] array (
  'type' => 'module',
  'module' => 
  array (
    0 => 'static',
    1 => 'admin',
    2 => 'fonts',
  ),
)
[ info ] [ HEADER ] array (
  'host' => '127.0.0.1',
  'connection' => 'keep-alive',
  'origin' => 'http://127.0.0.1',
  'user-agent' => 'Mozilla/5.0 (Windows NT 6.1; WOW64) AppleWebKit/537.36 (KHTML, like Gecko) Chrome/62.0.3202.94 Safari/537.36 115Browser/9.1.1',
  'accept' => '*/*',
  'referer' => 'http://127.0.0.1/public/static/admin/style/font-awesome.css',
  'accept-encoding' => 'gzip, deflate, br',
  'accept-language' => 'zh-CN,zh;q=0.9',
)
[ info ] [ PARAM ] array (
  'v' => '4.3.0',
)
[ info ] [ LOG ] INIT File
---------------------------------------------------------------
[ 2019-02-21T10:46:29+08:00 ] 127.0.0.1 GET 127.0.0.1/public/index.php/admin/admin/add
[运行时间：0.101005s] [吞吐率：9.90req/s] [内存消耗：1,688.24kb] [文件加载：45]
[ info ] [ LANG ] F:\Programme\GitHub\Personal-Blog\thinkphp\lang\zh-cn.php
[ info ] [ ROUTE ] array (
  'type' => 'module',
  'module' => 
  array (
    0 => 'admin',
    1 => 'admin',
    2 => 'add',
  ),
)
[ info ] [ HEADER ] array (
  'host' => '127.0.0.1',
  'connection' => 'keep-alive',
  'cache-control' => 'max-age=0',
  'upgrade-insecure-requests' => '1',
  'user-agent' => 'Mozilla/5.0 (Windows NT 6.1; WOW64) AppleWebKit/537.36 (KHTML, like Gecko) Chrome/62.0.3202.94 Safari/537.36 115Browser/9.1.1',
  'accept' => 'text/html,application/xhtml+xml,application/xml;q=0.9,image/webp,image/apng,*/*;q=0.8',
  'accept-encoding' => 'gzip, deflate, br',
  'accept-language' => 'zh-CN,zh;q=0.9',
)
[ info ] [ PARAM ] array (
)
[ info ] [ RUN ] app\admin\controller\Admin->add[ F:\Programme\GitHub\Personal-Blog\application\admin\controller\Admin.php ]
[ info ] [ VIEW ] F:\Programme\GitHub\Personal-Blog\public/../application/admin\view\admin\add.html [ array (
) ]
[ info ] [ LOG ] INIT File
---------------------------------------------------------------
[ 2019-02-21T10:46:29+08:00 ] 127.0.0.1 GET 127.0.0.1/public/static/admin/fonts/fontawesome-webfont.woff2?v=4.3.0
[运行时间：0.105006s] [吞吐率：9.52req/s] [内存消耗：1,379.29kb] [文件加载：38]
[ info ] [ LANG ] F:\Programme\GitHub\Personal-Blog\thinkphp\lang\zh-cn.php
[ info ] [ ROUTE ] array (
  'type' => 'module',
  'module' => 
  array (
    0 => 'static',
    1 => 'admin',
    2 => 'fonts',
  ),
)
[ info ] [ HEADER ] array (
  'host' => '127.0.0.1',
  'connection' => 'keep-alive',
  'origin' => 'http://127.0.0.1',
  'user-agent' => 'Mozilla/5.0 (Windows NT 6.1; WOW64) AppleWebKit/537.36 (KHTML, like Gecko) Chrome/62.0.3202.94 Safari/537.36 115Browser/9.1.1',
  'accept' => '*/*',
  'referer' => 'http://127.0.0.1/public/static/admin/style/font-awesome.css',
  'accept-encoding' => 'gzip, deflate, br',
  'accept-language' => 'zh-CN,zh;q=0.9',
)
[ info ] [ PARAM ] array (
  'v' => '4.3.0',
)
[ info ] [ LOG ] INIT File
---------------------------------------------------------------
[ 2019-02-21T10:46:30+08:00 ] 127.0.0.1 GET 127.0.0.1/public/index.php
[运行时间：0.085005s] [吞吐率：11.76req/s] [内存消耗：1,623.42kb] [文件加载：44]
[ info ] [ LANG ] F:\Programme\GitHub\Personal-Blog\thinkphp\lang\zh-cn.php
[ info ] [ ROUTE ] array (
  'type' => 'module',
  'module' => 
  array (
    0 => '',
    1 => NULL,
    2 => NULL,
  ),
)
[ info ] [ HEADER ] array (
  'host' => '127.0.0.1',
  'accept-encoding' => 'compress,gzip',
  'connection' => 'Close',
)
[ info ] [ PARAM ] array (
)
[ info ] [ RUN ] app\index\controller\Index->index[ F:\Programme\GitHub\Personal-Blog\application\index\controller\Index.php ]
[ info ] [ VIEW ] F:\Programme\GitHub\Personal-Blog\public/../application/index\view\index\index.html [ array (
) ]
[ info ] [ LOG ] INIT File
---------------------------------------------------------------
[ 2019-02-21T10:47:28+08:00 ] 127.0.0.1 GET 127.0.0.1/public/index.php/admin/admin/add
[运行时间：0.124008s] [吞吐率：8.06req/s] [内存消耗：1,838.91kb] [文件加载：47]
[ info ] [ LANG ] F:\Programme\GitHub\Personal-Blog\thinkphp\lang\zh-cn.php
[ info ] [ ROUTE ] array (
  'type' => 'module',
  'module' => 
  array (
    0 => 'admin',
    1 => 'admin',
    2 => 'add',
  ),
)
[ info ] [ HEADER ] array (
  'host' => '127.0.0.1',
  'connection' => 'keep-alive',
  'cache-control' => 'max-age=0',
  'upgrade-insecure-requests' => '1',
  'user-agent' => 'Mozilla/5.0 (Windows NT 6.1; WOW64) AppleWebKit/537.36 (KHTML, like Gecko) Chrome/62.0.3202.94 Safari/537.36 115Browser/9.1.1',
  'accept' => 'text/html,application/xhtml+xml,application/xml;q=0.9,image/webp,image/apng,*/*;q=0.8',
  'accept-encoding' => 'gzip, deflate, br',
  'accept-language' => 'zh-CN,zh;q=0.9',
)
[ info ] [ PARAM ] array (
)
[ info ] [ RUN ] app\admin\controller\Admin->add[ F:\Programme\GitHub\Personal-Blog\application\admin\controller\Admin.php ]
[ info ] [ VIEW ] F:\Programme\GitHub\Personal-Blog\public/../application/admin\view\admin\add.html [ array (
) ]
[ info ] [ LOG ] INIT File
---------------------------------------------------------------
[ 2019-02-21T10:47:29+08:00 ] 127.0.0.1 GET 127.0.0.1/public/static/admin/fonts/fontawesome-webfont.woff2?v=4.3.0
[运行时间：0.086005s] [吞吐率：11.63req/s] [内存消耗：1,379.29kb] [文件加载：38]
[ info ] [ LANG ] F:\Programme\GitHub\Personal-Blog\thinkphp\lang\zh-cn.php
[ info ] [ ROUTE ] array (
  'type' => 'module',
  'module' => 
  array (
    0 => 'static',
    1 => 'admin',
    2 => 'fonts',
  ),
)
[ info ] [ HEADER ] array (
  'host' => '127.0.0.1',
  'connection' => 'keep-alive',
  'origin' => 'http://127.0.0.1',
  'user-agent' => 'Mozilla/5.0 (Windows NT 6.1; WOW64) AppleWebKit/537.36 (KHTML, like Gecko) Chrome/62.0.3202.94 Safari/537.36 115Browser/9.1.1',
  'accept' => '*/*',
  'referer' => 'http://127.0.0.1/public/static/admin/style/font-awesome.css',
  'accept-encoding' => 'gzip, deflate, br',
  'accept-language' => 'zh-CN,zh;q=0.9',
)
[ info ] [ PARAM ] array (
  'v' => '4.3.0',
)
[ info ] [ LOG ] INIT File
---------------------------------------------------------------
[ 2019-02-21T10:48:19+08:00 ] 127.0.0.1 GET 127.0.0.1/public/index.php/admin/admin/add
[运行时间：0.087005s] [吞吐率：11.49req/s] [内存消耗：1,838.91kb] [文件加载：47]
[ info ] [ LANG ] F:\Programme\GitHub\Personal-Blog\thinkphp\lang\zh-cn.php
[ info ] [ ROUTE ] array (
  'type' => 'module',
  'module' => 
  array (
    0 => 'admin',
    1 => 'admin',
    2 => 'add',
  ),
)
[ info ] [ HEADER ] array (
  'host' => '127.0.0.1',
  'connection' => 'keep-alive',
  'cache-control' => 'max-age=0',
  'upgrade-insecure-requests' => '1',
  'user-agent' => 'Mozilla/5.0 (Windows NT 6.1; WOW64) AppleWebKit/537.36 (KHTML, like Gecko) Chrome/62.0.3202.94 Safari/537.36 115Browser/9.1.1',
  'accept' => 'text/html,application/xhtml+xml,application/xml;q=0.9,image/webp,image/apng,*/*;q=0.8',
  'accept-encoding' => 'gzip, deflate, br',
  'accept-language' => 'zh-CN,zh;q=0.9',
)
[ info ] [ PARAM ] array (
)
[ info ] [ RUN ] app\admin\controller\Admin->add[ F:\Programme\GitHub\Personal-Blog\application\admin\controller\Admin.php ]
[ info ] [ VIEW ] F:\Programme\GitHub\Personal-Blog\public/../application/admin\view\admin\add.html [ array (
) ]
[ info ] [ LOG ] INIT File
---------------------------------------------------------------
[ 2019-02-21T10:48:19+08:00 ] 127.0.0.1 GET 127.0.0.1/public/static/admin/fonts/fontawesome-webfont.woff2?v=4.3.0
[运行时间：0.088005s] [吞吐率：11.36req/s] [内存消耗：1,379.29kb] [文件加载：38]
[ info ] [ LANG ] F:\Programme\GitHub\Personal-Blog\thinkphp\lang\zh-cn.php
[ info ] [ ROUTE ] array (
  'type' => 'module',
  'module' => 
  array (
    0 => 'static',
    1 => 'admin',
    2 => 'fonts',
  ),
)
[ info ] [ HEADER ] array (
  'host' => '127.0.0.1',
  'connection' => 'keep-alive',
  'origin' => 'http://127.0.0.1',
  'user-agent' => 'Mozilla/5.0 (Windows NT 6.1; WOW64) AppleWebKit/537.36 (KHTML, like Gecko) Chrome/62.0.3202.94 Safari/537.36 115Browser/9.1.1',
  'accept' => '*/*',
  'referer' => 'http://127.0.0.1/public/static/admin/style/font-awesome.css',
  'accept-encoding' => 'gzip, deflate, br',
  'accept-language' => 'zh-CN,zh;q=0.9',
)
[ info ] [ PARAM ] array (
  'v' => '4.3.0',
)
[ info ] [ LOG ] INIT File
---------------------------------------------------------------
[ 2019-02-21T10:53:15+08:00 ] 127.0.0.1 POST 127.0.0.1/public/index.php/admin/admin/add
[运行时间：0.167009s] [吞吐率：5.99req/s] [内存消耗：1,689.55kb] [文件加载：45]
[ info ] [ LANG ] F:\Programme\GitHub\Personal-Blog\thinkphp\lang\zh-cn.php
[ info ] [ ROUTE ] array (
  'type' => 'module',
  'module' => 
  array (
    0 => 'admin',
    1 => 'admin',
    2 => 'add',
  ),
)
[ info ] [ HEADER ] array (
  'host' => '127.0.0.1',
  'connection' => 'keep-alive',
  'content-length' => '25',
  'cache-control' => 'max-age=0',
  'origin' => 'http://127.0.0.1',
  'upgrade-insecure-requests' => '1',
  'user-agent' => 'Mozilla/5.0 (Windows NT 6.1; WOW64) AppleWebKit/537.36 (KHTML, like Gecko) Chrome/62.0.3202.94 Safari/537.36 115Browser/9.1.1',
  'content-type' => 'application/x-www-form-urlencoded',
  'accept' => 'text/html,application/xhtml+xml,application/xml;q=0.9,image/webp,image/apng,*/*;q=0.8',
  'referer' => 'http://127.0.0.1/public/index.php/admin/admin/add',
  'accept-encoding' => 'gzip, deflate, br',
  'accept-language' => 'zh-CN,zh;q=0.9',
)
[ info ] [ PARAM ] array (
  'username' => 'adf',
  'password' => 'adf',
)
[ info ] [ RUN ] app\admin\controller\Admin->add[ F:\Programme\GitHub\Personal-Blog\application\admin\controller\Admin.php ]
[ info ] [ VIEW ] F:\Programme\GitHub\Personal-Blog\public/../application/admin\view\admin\add.html [ array (
) ]
[ info ] [ LOG ] INIT File
---------------------------------------------------------------
[ 2019-02-21T10:53:15+08:00 ] 127.0.0.1 GET 127.0.0.1/public/static/admin/fonts/fontawesome-webfont.woff2?v=4.3.0
[运行时间：0.099006s] [吞吐率：10.10req/s] [内存消耗：1,379.29kb] [文件加载：38]
[ info ] [ LANG ] F:\Programme\GitHub\Personal-Blog\thinkphp\lang\zh-cn.php
[ info ] [ ROUTE ] array (
  'type' => 'module',
  'module' => 
  array (
    0 => 'static',
    1 => 'admin',
    2 => 'fonts',
  ),
)
[ info ] [ HEADER ] array (
  'host' => '127.0.0.1',
  'connection' => 'keep-alive',
  'origin' => 'http://127.0.0.1',
  'user-agent' => 'Mozilla/5.0 (Windows NT 6.1; WOW64) AppleWebKit/537.36 (KHTML, like Gecko) Chrome/62.0.3202.94 Safari/537.36 115Browser/9.1.1',
  'accept' => '*/*',
  'referer' => 'http://127.0.0.1/public/static/admin/style/font-awesome.css',
  'accept-encoding' => 'gzip, deflate, br',
  'accept-language' => 'zh-CN,zh;q=0.9',
)
[ info ] [ PARAM ] array (
  'v' => '4.3.0',
)
[ info ] [ LOG ] INIT File
---------------------------------------------------------------
[ 2019-02-21T10:53:24+08:00 ] 127.0.0.1 POST 127.0.0.1/public/index.php/admin/admin/add
[运行时间：0.153009s] [吞吐率：6.54req/s] [内存消耗：1,689.55kb] [文件加载：45]
[ info ] [ LANG ] F:\Programme\GitHub\Personal-Blog\thinkphp\lang\zh-cn.php
[ info ] [ ROUTE ] array (
  'type' => 'module',
  'module' => 
  array (
    0 => 'admin',
    1 => 'admin',
    2 => 'add',
  ),
)
[ info ] [ HEADER ] array (
  'host' => '127.0.0.1',
  'connection' => 'keep-alive',
  'content-length' => '25',
  'cache-control' => 'max-age=0',
  'origin' => 'http://127.0.0.1',
  'upgrade-insecure-requests' => '1',
  'user-agent' => 'Mozilla/5.0 (Windows NT 6.1; WOW64) AppleWebKit/537.36 (KHTML, like Gecko) Chrome/62.0.3202.94 Safari/537.36 115Browser/9.1.1',
  'content-type' => 'application/x-www-form-urlencoded',
  'accept' => 'text/html,application/xhtml+xml,application/xml;q=0.9,image/webp,image/apng,*/*;q=0.8',
  'referer' => 'http://127.0.0.1/public/index.php/admin/admin/add',
  'accept-encoding' => 'gzip, deflate, br',
  'accept-language' => 'zh-CN,zh;q=0.9',
)
[ info ] [ PARAM ] array (
  'username' => 'adf',
  'password' => 'adf',
)
[ info ] [ RUN ] app\admin\controller\Admin->add[ F:\Programme\GitHub\Personal-Blog\application\admin\controller\Admin.php ]
[ info ] [ VIEW ] F:\Programme\GitHub\Personal-Blog\public/../application/admin\view\admin\add.html [ array (
) ]
[ info ] [ LOG ] INIT File
---------------------------------------------------------------
[ 2019-02-21T10:53:24+08:00 ] 127.0.0.1 GET 127.0.0.1/public/static/admin/fonts/fontawesome-webfont.woff2?v=4.3.0
[运行时间：0.096006s] [吞吐率：10.42req/s] [内存消耗：1,379.29kb] [文件加载：38]
[ info ] [ LANG ] F:\Programme\GitHub\Personal-Blog\thinkphp\lang\zh-cn.php
[ info ] [ ROUTE ] array (
  'type' => 'module',
  'module' => 
  array (
    0 => 'static',
    1 => 'admin',
    2 => 'fonts',
  ),
)
[ info ] [ HEADER ] array (
  'host' => '127.0.0.1',
  'connection' => 'keep-alive',
  'origin' => 'http://127.0.0.1',
  'user-agent' => 'Mozilla/5.0 (Windows NT 6.1; WOW64) AppleWebKit/537.36 (KHTML, like Gecko) Chrome/62.0.3202.94 Safari/537.36 115Browser/9.1.1',
  'accept' => '*/*',
  'referer' => 'http://127.0.0.1/public/static/admin/style/font-awesome.css',
  'accept-encoding' => 'gzip, deflate, br',
  'accept-language' => 'zh-CN,zh;q=0.9',
)
[ info ] [ PARAM ] array (
  'v' => '4.3.0',
)
[ info ] [ LOG ] INIT File
---------------------------------------------------------------
[ 2019-02-21T10:54:33+08:00 ] 127.0.0.1 POST 127.0.0.1/public/index.php/admin/admin/add
[运行时间：0.168009s] [吞吐率：5.95req/s] [内存消耗：1,406.84kb] [文件加载：40]
[ info ] [ LANG ] F:\Programme\GitHub\Personal-Blog\thinkphp\lang\zh-cn.php
[ info ] [ ROUTE ] array (
  'type' => 'module',
  'module' => 
  array (
    0 => 'admin',
    1 => 'admin',
    2 => 'add',
  ),
)
[ info ] [ HEADER ] array (
  'host' => '127.0.0.1',
  'connection' => 'keep-alive',
  'content-length' => '25',
  'cache-control' => 'max-age=0',
  'origin' => 'http://127.0.0.1',
  'upgrade-insecure-requests' => '1',
  'user-agent' => 'Mozilla/5.0 (Windows NT 6.1; WOW64) AppleWebKit/537.36 (KHTML, like Gecko) Chrome/62.0.3202.94 Safari/537.36 115Browser/9.1.1',
  'content-type' => 'application/x-www-form-urlencoded',
  'accept' => 'text/html,application/xhtml+xml,application/xml;q=0.9,image/webp,image/apng,*/*;q=0.8',
  'referer' => 'http://127.0.0.1/public/index.php/admin/admin/add',
  'accept-encoding' => 'gzip, deflate, br',
  'accept-language' => 'zh-CN,zh;q=0.9',
)
[ info ] [ PARAM ] array (
  'username' => 'adf',
  'password' => 'adf',
)
[ info ] [ LOG ] INIT File
[ error ] [4]语法错误: unexpected '{'[F:\Programme\GitHub\Personal-Blog\application\admin\controller\Admin.php:14]
---------------------------------------------------------------
[ 2019-02-21T10:55:21+08:00 ] 127.0.0.1 POST 127.0.0.1/public/index.php/admin/admin/add
[运行时间：0.149009s] [吞吐率：6.71req/s] [内存消耗：1,407.17kb] [文件加载：40]
[ info ] [ LANG ] F:\Programme\GitHub\Personal-Blog\thinkphp\lang\zh-cn.php
[ info ] [ ROUTE ] array (
  'type' => 'module',
  'module' => 
  array (
    0 => 'admin',
    1 => 'admin',
    2 => 'add',
  ),
)
[ info ] [ HEADER ] array (
  'host' => '127.0.0.1',
  'connection' => 'keep-alive',
  'content-length' => '25',
  'cache-control' => 'max-age=0',
  'origin' => 'http://127.0.0.1',
  'upgrade-insecure-requests' => '1',
  'user-agent' => 'Mozilla/5.0 (Windows NT 6.1; WOW64) AppleWebKit/537.36 (KHTML, like Gecko) Chrome/62.0.3202.94 Safari/537.36 115Browser/9.1.1',
  'content-type' => 'application/x-www-form-urlencoded',
  'accept' => 'text/html,application/xhtml+xml,application/xml;q=0.9,image/webp,image/apng,*/*;q=0.8',
  'referer' => 'http://127.0.0.1/public/index.php/admin/admin/add',
  'accept-encoding' => 'gzip, deflate, br',
  'accept-language' => 'zh-CN,zh;q=0.9',
)
[ info ] [ PARAM ] array (
  'username' => 'adf',
  'password' => 'adf',
)
[ info ] [ LOG ] INIT File
[ error ] [4]语法错误: unexpected 'return' (T_RETURN)[F:\Programme\GitHub\Personal-Blog\application\admin\controller\Admin.php:16]
---------------------------------------------------------------
[ 2019-02-21T10:55:32+08:00 ] 127.0.0.1 POST 127.0.0.1/public/index.php/admin/admin/add
[运行时间：0.144009s] [吞吐率：6.94req/s] [内存消耗：1,657.52kb] [文件加载：44]
[ info ] [ LANG ] F:\Programme\GitHub\Personal-Blog\thinkphp\lang\zh-cn.php
[ info ] [ ROUTE ] array (
  'type' => 'module',
  'module' => 
  array (
    0 => 'admin',
    1 => 'admin',
    2 => 'add',
  ),
)
[ info ] [ HEADER ] array (
  'host' => '127.0.0.1',
  'connection' => 'keep-alive',
  'content-length' => '25',
  'cache-control' => 'max-age=0',
  'origin' => 'http://127.0.0.1',
  'upgrade-insecure-requests' => '1',
  'user-agent' => 'Mozilla/5.0 (Windows NT 6.1; WOW64) AppleWebKit/537.36 (KHTML, like Gecko) Chrome/62.0.3202.94 Safari/537.36 115Browser/9.1.1',
  'content-type' => 'application/x-www-form-urlencoded',
  'accept' => 'text/html,application/xhtml+xml,application/xml;q=0.9,image/webp,image/apng,*/*;q=0.8',
  'referer' => 'http://127.0.0.1/public/index.php/admin/admin/add',
  'accept-encoding' => 'gzip, deflate, br',
  'accept-language' => 'zh-CN,zh;q=0.9',
)
[ info ] [ PARAM ] array (
  'username' => 'adf',
  'password' => 'adf',
)
[ info ] [ RUN ] app\admin\controller\Admin->add[ F:\Programme\GitHub\Personal-Blog\application\admin\controller\Admin.php ]
[ info ] [ LOG ] INIT File
---------------------------------------------------------------
[ 2019-02-21T10:56:32+08:00 ] 127.0.0.1 POST 127.0.0.1/public/index.php/admin/admin/add
[运行时间：0.142008s] [吞吐率：7.04req/s] [内存消耗：1,657.57kb] [文件加载：44]
[ info ] [ LANG ] F:\Programme\GitHub\Personal-Blog\thinkphp\lang\zh-cn.php
[ info ] [ ROUTE ] array (
  'type' => 'module',
  'module' => 
  array (
    0 => 'admin',
    1 => 'admin',
    2 => 'add',
  ),
)
[ info ] [ HEADER ] array (
  'host' => '127.0.0.1',
  'connection' => 'keep-alive',
  'content-length' => '25',
  'cache-control' => 'max-age=0',
  'origin' => 'http://127.0.0.1',
  'upgrade-insecure-requests' => '1',
  'user-agent' => 'Mozilla/5.0 (Windows NT 6.1; WOW64) AppleWebKit/537.36 (KHTML, like Gecko) Chrome/62.0.3202.94 Safari/537.36 115Browser/9.1.1',
  'content-type' => 'application/x-www-form-urlencoded',
  'accept' => 'text/html,application/xhtml+xml,application/xml;q=0.9,image/webp,image/apng,*/*;q=0.8',
  'referer' => 'http://127.0.0.1/public/index.php/admin/admin/add',
  'accept-encoding' => 'gzip, deflate, br',
  'accept-language' => 'zh-CN,zh;q=0.9',
)
[ info ] [ PARAM ] array (
  'username' => 'adf',
  'password' => 'adf',
)
[ info ] [ RUN ] app\admin\controller\Admin->add[ F:\Programme\GitHub\Personal-Blog\application\admin\controller\Admin.php ]
[ info ] [ LOG ] INIT File
---------------------------------------------------------------
[ 2019-02-21T10:56:34+08:00 ] 127.0.0.1 GET 127.0.0.1/public/index.php/admin/admin/add
[运行时间：0.114007s] [吞吐率：8.77req/s] [内存消耗：1,689.10kb] [文件加载：45]
[ info ] [ LANG ] F:\Programme\GitHub\Personal-Blog\thinkphp\lang\zh-cn.php
[ info ] [ ROUTE ] array (
  'type' => 'module',
  'module' => 
  array (
    0 => 'admin',
    1 => 'admin',
    2 => 'add',
  ),
)
[ info ] [ HEADER ] array (
  'host' => '127.0.0.1',
  'connection' => 'keep-alive',
  'upgrade-insecure-requests' => '1',
  'user-agent' => 'Mozilla/5.0 (Windows NT 6.1; WOW64) AppleWebKit/537.36 (KHTML, like Gecko) Chrome/62.0.3202.94 Safari/537.36 115Browser/9.1.1',
  'accept' => 'text/html,application/xhtml+xml,application/xml;q=0.9,image/webp,image/apng,*/*;q=0.8',
  'accept-encoding' => 'gzip, deflate, br',
  'accept-language' => 'zh-CN,zh;q=0.9',
)
[ info ] [ PARAM ] array (
)
[ info ] [ RUN ] app\admin\controller\Admin->add[ F:\Programme\GitHub\Personal-Blog\application\admin\controller\Admin.php ]
[ info ] [ VIEW ] F:\Programme\GitHub\Personal-Blog\public/../application/admin\view\admin\add.html [ array (
) ]
[ info ] [ LOG ] INIT File
---------------------------------------------------------------
[ 2019-02-21T10:56:38+08:00 ] 127.0.0.1 GET 127.0.0.1/public/index.php/admin/admin/add
[运行时间：0.117006s] [吞吐率：8.55req/s] [内存消耗：1,689.26kb] [文件加载：45]
[ info ] [ LANG ] F:\Programme\GitHub\Personal-Blog\thinkphp\lang\zh-cn.php
[ info ] [ ROUTE ] array (
  'type' => 'module',
  'module' => 
  array (
    0 => 'admin',
    1 => 'admin',
    2 => 'add',
  ),
)
[ info ] [ HEADER ] array (
  'host' => '127.0.0.1',
  'connection' => 'keep-alive',
  'cache-control' => 'max-age=0',
  'upgrade-insecure-requests' => '1',
  'user-agent' => 'Mozilla/5.0 (Windows NT 6.1; WOW64) AppleWebKit/537.36 (KHTML, like Gecko) Chrome/62.0.3202.94 Safari/537.36 115Browser/9.1.1',
  'accept' => 'text/html,application/xhtml+xml,application/xml;q=0.9,image/webp,image/apng,*/*;q=0.8',
  'accept-encoding' => 'gzip, deflate, br',
  'accept-language' => 'zh-CN,zh;q=0.9',
)
[ info ] [ PARAM ] array (
)
[ info ] [ RUN ] app\admin\controller\Admin->add[ F:\Programme\GitHub\Personal-Blog\application\admin\controller\Admin.php ]
[ info ] [ VIEW ] F:\Programme\GitHub\Personal-Blog\public/../application/admin\view\admin\add.html [ array (
) ]
[ info ] [ LOG ] INIT File
---------------------------------------------------------------
[ 2019-02-21T10:56:38+08:00 ] 127.0.0.1 GET 127.0.0.1/public/static/admin/fonts/fontawesome-webfont.woff2?v=4.3.0
[运行时间：0.071004s] [吞吐率：14.08req/s] [内存消耗：1,379.29kb] [文件加载：38]
[ info ] [ LANG ] F:\Programme\GitHub\Personal-Blog\thinkphp\lang\zh-cn.php
[ info ] [ ROUTE ] array (
  'type' => 'module',
  'module' => 
  array (
    0 => 'static',
    1 => 'admin',
    2 => 'fonts',
  ),
)
[ info ] [ HEADER ] array (
  'host' => '127.0.0.1',
  'connection' => 'keep-alive',
  'origin' => 'http://127.0.0.1',
  'user-agent' => 'Mozilla/5.0 (Windows NT 6.1; WOW64) AppleWebKit/537.36 (KHTML, like Gecko) Chrome/62.0.3202.94 Safari/537.36 115Browser/9.1.1',
  'accept' => '*/*',
  'referer' => 'http://127.0.0.1/public/static/admin/style/font-awesome.css',
  'accept-encoding' => 'gzip, deflate, br',
  'accept-language' => 'zh-CN,zh;q=0.9',
)
[ info ] [ PARAM ] array (
  'v' => '4.3.0',
)
[ info ] [ LOG ] INIT File
---------------------------------------------------------------
[ 2019-02-21T10:56:41+08:00 ] 127.0.0.1 POST 127.0.0.1/public/index.php/admin/admin/add
[运行时间：0.177010s] [吞吐率：5.65req/s] [内存消耗：1,657.45kb] [文件加载：44]
[ info ] [ LANG ] F:\Programme\GitHub\Personal-Blog\thinkphp\lang\zh-cn.php
[ info ] [ ROUTE ] array (
  'type' => 'module',
  'module' => 
  array (
    0 => 'admin',
    1 => 'admin',
    2 => 'add',
  ),
)
[ info ] [ HEADER ] array (
  'host' => '127.0.0.1',
  'connection' => 'keep-alive',
  'content-length' => '21',
  'cache-control' => 'max-age=0',
  'origin' => 'http://127.0.0.1',
  'upgrade-insecure-requests' => '1',
  'user-agent' => 'Mozilla/5.0 (Windows NT 6.1; WOW64) AppleWebKit/537.36 (KHTML, like Gecko) Chrome/62.0.3202.94 Safari/537.36 115Browser/9.1.1',
  'content-type' => 'application/x-www-form-urlencoded',
  'accept' => 'text/html,application/xhtml+xml,application/xml;q=0.9,image/webp,image/apng,*/*;q=0.8',
  'referer' => 'http://127.0.0.1/public/index.php/admin/admin/add',
  'accept-encoding' => 'gzip, deflate, br',
  'accept-language' => 'zh-CN,zh;q=0.9',
)
[ info ] [ PARAM ] array (
  'username' => 'a',
  'password' => 'a',
)
[ info ] [ RUN ] app\admin\controller\Admin->add[ F:\Programme\GitHub\Personal-Blog\application\admin\controller\Admin.php ]
[ info ] [ LOG ] INIT File
---------------------------------------------------------------
[ 2019-02-21T11:05:59+08:00 ] 127.0.0.1 GET 127.0.0.1/public/index.php/admin/admin/add
[运行时间：0.135007s] [吞吐率：7.41req/s] [内存消耗：1,406.28kb] [文件加载：40]
[ info ] [ LANG ] F:\Programme\GitHub\Personal-Blog\thinkphp\lang\zh-cn.php
[ info ] [ ROUTE ] array (
  'type' => 'module',
  'module' => 
  array (
    0 => 'admin',
    1 => 'admin',
    2 => 'add',
  ),
)
[ info ] [ HEADER ] array (
  'host' => '127.0.0.1',
  'connection' => 'keep-alive',
  'upgrade-insecure-requests' => '1',
  'user-agent' => 'Mozilla/5.0 (Windows NT 6.1; WOW64) AppleWebKit/537.36 (KHTML, like Gecko) Chrome/62.0.3202.94 Safari/537.36 115Browser/9.1.1',
  'accept' => 'text/html,application/xhtml+xml,application/xml;q=0.9,image/webp,image/apng,*/*;q=0.8',
  'accept-encoding' => 'gzip, deflate, br',
  'accept-language' => 'zh-CN,zh;q=0.9',
)
[ info ] [ PARAM ] array (
)
[ info ] [ LOG ] INIT File
[ error ] [4]语法错误: unexpected 'if' (T_IF)[F:\Programme\GitHub\Personal-Blog\application\admin\controller\Admin.php:21]
---------------------------------------------------------------
[ 2019-02-21T11:06:04+08:00 ] 127.0.0.1 GET 127.0.0.1/public/index.php/admin/admin/add
[运行时间：0.175010s] [吞吐率：5.71req/s] [内存消耗：1,406.49kb] [文件加载：40]
[ info ] [ LANG ] F:\Programme\GitHub\Personal-Blog\thinkphp\lang\zh-cn.php
[ info ] [ ROUTE ] array (
  'type' => 'module',
  'module' => 
  array (
    0 => 'admin',
    1 => 'admin',
    2 => 'add',
  ),
)
[ info ] [ HEADER ] array (
  'host' => '127.0.0.1',
  'connection' => 'keep-alive',
  'cache-control' => 'max-age=0',
  'upgrade-insecure-requests' => '1',
  'user-agent' => 'Mozilla/5.0 (Windows NT 6.1; WOW64) AppleWebKit/537.36 (KHTML, like Gecko) Chrome/62.0.3202.94 Safari/537.36 115Browser/9.1.1',
  'accept' => 'text/html,application/xhtml+xml,application/xml;q=0.9,image/webp,image/apng,*/*;q=0.8',
  'accept-encoding' => 'gzip, deflate, br',
  'accept-language' => 'zh-CN,zh;q=0.9',
)
[ info ] [ PARAM ] array (
)
[ info ] [ LOG ] INIT File
[ error ] [4]语法错误: unexpected 'if' (T_IF)[F:\Programme\GitHub\Personal-Blog\application\admin\controller\Admin.php:21]
---------------------------------------------------------------
[ 2019-02-21T11:06:05+08:00 ] 127.0.0.1 GET 127.0.0.1/public/index.php/admin/admin/add
[运行时间：0.140008s] [吞吐率：7.14req/s] [内存消耗：1,406.49kb] [文件加载：40]
[ info ] [ LANG ] F:\Programme\GitHub\Personal-Blog\thinkphp\lang\zh-cn.php
[ info ] [ ROUTE ] array (
  'type' => 'module',
  'module' => 
  array (
    0 => 'admin',
    1 => 'admin',
    2 => 'add',
  ),
)
[ info ] [ HEADER ] array (
  'host' => '127.0.0.1',
  'connection' => 'keep-alive',
  'cache-control' => 'max-age=0',
  'upgrade-insecure-requests' => '1',
  'user-agent' => 'Mozilla/5.0 (Windows NT 6.1; WOW64) AppleWebKit/537.36 (KHTML, like Gecko) Chrome/62.0.3202.94 Safari/537.36 115Browser/9.1.1',
  'accept' => 'text/html,application/xhtml+xml,application/xml;q=0.9,image/webp,image/apng,*/*;q=0.8',
  'accept-encoding' => 'gzip, deflate, br',
  'accept-language' => 'zh-CN,zh;q=0.9',
)
[ info ] [ PARAM ] array (
)
[ info ] [ LOG ] INIT File
[ error ] [4]语法错误: unexpected 'if' (T_IF)[F:\Programme\GitHub\Personal-Blog\application\admin\controller\Admin.php:21]
---------------------------------------------------------------
[ 2019-02-21T11:06:36+08:00 ] 127.0.0.1 GET 127.0.0.1/public/index.php/admin/admin/add
[运行时间：0.109006s] [吞吐率：9.17req/s] [内存消耗：1,406.56kb] [文件加载：40]
[ info ] [ LANG ] F:\Programme\GitHub\Personal-Blog\thinkphp\lang\zh-cn.php
[ info ] [ ROUTE ] array (
  'type' => 'module',
  'module' => 
  array (
    0 => 'admin',
    1 => 'admin',
    2 => 'add',
  ),
)
[ info ] [ HEADER ] array (
  'host' => '127.0.0.1',
  'connection' => 'keep-alive',
  'cache-control' => 'max-age=0',
  'upgrade-insecure-requests' => '1',
  'user-agent' => 'Mozilla/5.0 (Windows NT 6.1; WOW64) AppleWebKit/537.36 (KHTML, like Gecko) Chrome/62.0.3202.94 Safari/537.36 115Browser/9.1.1',
  'accept' => 'text/html,application/xhtml+xml,application/xml;q=0.9,image/webp,image/apng,*/*;q=0.8',
  'accept-encoding' => 'gzip, deflate, br',
  'accept-language' => 'zh-CN,zh;q=0.9',
)
[ info ] [ PARAM ] array (
)
[ info ] [ LOG ] INIT File
[ error ] [4]语法错误: unexpected 'if' (T_IF)[F:\Programme\GitHub\Personal-Blog\application\admin\controller\Admin.php:22]
---------------------------------------------------------------
[ 2019-02-21T11:34:59+08:00 ] 127.0.0.1 GET 127.0.0.1/public/index.php/admin/admin/add
[运行时间：0.113007s] [吞吐率：8.85req/s] [内存消耗：1,406.58kb] [文件加载：40]
[ info ] [ LANG ] F:\Programme\GitHub\Personal-Blog\thinkphp\lang\zh-cn.php
[ info ] [ ROUTE ] array (
  'type' => 'module',
  'module' => 
  array (
    0 => 'admin',
    1 => 'admin',
    2 => 'add',
  ),
)
[ info ] [ HEADER ] array (
  'host' => '127.0.0.1',
  'connection' => 'keep-alive',
  'cache-control' => 'max-age=0',
  'upgrade-insecure-requests' => '1',
  'user-agent' => 'Mozilla/5.0 (Windows NT 6.1; WOW64) AppleWebKit/537.36 (KHTML, like Gecko) Chrome/62.0.3202.94 Safari/537.36 115Browser/9.1.1',
  'accept' => 'text/html,application/xhtml+xml,application/xml;q=0.9,image/webp,image/apng,*/*;q=0.8',
  'accept-encoding' => 'gzip, deflate, br',
  'accept-language' => 'zh-CN,zh;q=0.9',
)
[ info ] [ PARAM ] array (
)
[ info ] [ LOG ] INIT File
[ error ] [4]语法错误: unexpected 'if' (T_IF)[F:\Programme\GitHub\Personal-Blog\application\admin\controller\Admin.php:22]
---------------------------------------------------------------
[ 2019-02-21T11:35:00+08:00 ] 127.0.0.1 GET 127.0.0.1/public/index.php/admin/admin/add
[运行时间：0.113006s] [吞吐率：8.85req/s] [内存消耗：1,406.56kb] [文件加载：40]
[ info ] [ LANG ] F:\Programme\GitHub\Personal-Blog\thinkphp\lang\zh-cn.php
[ info ] [ ROUTE ] array (
  'type' => 'module',
  'module' => 
  array (
    0 => 'admin',
    1 => 'admin',
    2 => 'add',
  ),
)
[ info ] [ HEADER ] array (
  'host' => '127.0.0.1',
  'connection' => 'keep-alive',
  'cache-control' => 'max-age=0',
  'upgrade-insecure-requests' => '1',
  'user-agent' => 'Mozilla/5.0 (Windows NT 6.1; WOW64) AppleWebKit/537.36 (KHTML, like Gecko) Chrome/62.0.3202.94 Safari/537.36 115Browser/9.1.1',
  'accept' => 'text/html,application/xhtml+xml,application/xml;q=0.9,image/webp,image/apng,*/*;q=0.8',
  'accept-encoding' => 'gzip, deflate, br',
  'accept-language' => 'zh-CN,zh;q=0.9',
)
[ info ] [ PARAM ] array (
)
[ info ] [ LOG ] INIT File
[ error ] [4]语法错误: unexpected 'if' (T_IF)[F:\Programme\GitHub\Personal-Blog\application\admin\controller\Admin.php:22]
---------------------------------------------------------------
[ 2019-02-21T11:35:01+08:00 ] 127.0.0.1 GET 127.0.0.1/public/index.php/admin/admin/add
[运行时间：0.136008s] [吞吐率：7.35req/s] [内存消耗：1,406.56kb] [文件加载：40]
[ info ] [ LANG ] F:\Programme\GitHub\Personal-Blog\thinkphp\lang\zh-cn.php
[ info ] [ ROUTE ] array (
  'type' => 'module',
  'module' => 
  array (
    0 => 'admin',
    1 => 'admin',
    2 => 'add',
  ),
)
[ info ] [ HEADER ] array (
  'host' => '127.0.0.1',
  'connection' => 'keep-alive',
  'cache-control' => 'max-age=0',
  'upgrade-insecure-requests' => '1',
  'user-agent' => 'Mozilla/5.0 (Windows NT 6.1; WOW64) AppleWebKit/537.36 (KHTML, like Gecko) Chrome/62.0.3202.94 Safari/537.36 115Browser/9.1.1',
  'accept' => 'text/html,application/xhtml+xml,application/xml;q=0.9,image/webp,image/apng,*/*;q=0.8',
  'accept-encoding' => 'gzip, deflate, br',
  'accept-language' => 'zh-CN,zh;q=0.9',
)
[ info ] [ PARAM ] array (
)
[ info ] [ LOG ] INIT File
[ error ] [4]语法错误: unexpected 'if' (T_IF)[F:\Programme\GitHub\Personal-Blog\application\admin\controller\Admin.php:22]
---------------------------------------------------------------
[ 2019-02-21T11:35:51+08:00 ] 127.0.0.1 GET 127.0.0.1/public/index.php/admin/admin/add
[运行时间：0.087005s] [吞吐率：11.49req/s] [内存消耗：1,406.65kb] [文件加载：40]
[ info ] [ LANG ] F:\Programme\GitHub\Personal-Blog\thinkphp\lang\zh-cn.php
[ info ] [ ROUTE ] array (
  'type' => 'module',
  'module' => 
  array (
    0 => 'admin',
    1 => 'admin',
    2 => 'add',
  ),
)
[ info ] [ HEADER ] array (
  'host' => '127.0.0.1',
  'connection' => 'keep-alive',
  'cache-control' => 'max-age=0',
  'upgrade-insecure-requests' => '1',
  'user-agent' => 'Mozilla/5.0 (Windows NT 6.1; WOW64) AppleWebKit/537.36 (KHTML, like Gecko) Chrome/62.0.3202.94 Safari/537.36 115Browser/9.1.1',
  'accept' => 'text/html,application/xhtml+xml,application/xml;q=0.9,image/webp,image/apng,*/*;q=0.8',
  'accept-encoding' => 'gzip, deflate, br',
  'accept-language' => 'zh-CN,zh;q=0.9',
)
[ info ] [ PARAM ] array (
)
[ info ] [ LOG ] INIT File
[ error ] [4]语法错误: unexpected 'if' (T_IF)[F:\Programme\GitHub\Personal-Blog\application\admin\controller\Admin.php:22]
---------------------------------------------------------------
[ 2019-02-21T11:37:03+08:00 ] 127.0.0.1 GET 127.0.0.1/public/index.php/admin/admin/add
[运行时间：0.112006s] [吞吐率：8.93req/s] [内存消耗：1,690.75kb] [文件加载：45]
[ info ] [ LANG ] F:\Programme\GitHub\Personal-Blog\thinkphp\lang\zh-cn.php
[ info ] [ ROUTE ] array (
  'type' => 'module',
  'module' => 
  array (
    0 => 'admin',
    1 => 'admin',
    2 => 'add',
  ),
)
[ info ] [ HEADER ] array (
  'host' => '127.0.0.1',
  'connection' => 'keep-alive',
  'cache-control' => 'max-age=0',
  'upgrade-insecure-requests' => '1',
  'user-agent' => 'Mozilla/5.0 (Windows NT 6.1; WOW64) AppleWebKit/537.36 (KHTML, like Gecko) Chrome/62.0.3202.94 Safari/537.36 115Browser/9.1.1',
  'accept' => 'text/html,application/xhtml+xml,application/xml;q=0.9,image/webp,image/apng,*/*;q=0.8',
  'accept-encoding' => 'gzip, deflate, br',
  'accept-language' => 'zh-CN,zh;q=0.9',
)
[ info ] [ PARAM ] array (
)
[ info ] [ RUN ] app\admin\controller\Admin->add[ F:\Programme\GitHub\Personal-Blog\application\admin\controller\Admin.php ]
[ info ] [ VIEW ] F:\Programme\GitHub\Personal-Blog\public/../application/admin\view\admin\add.html [ array (
) ]
[ info ] [ LOG ] INIT File
---------------------------------------------------------------
[ 2019-02-21T11:37:03+08:00 ] 127.0.0.1 GET 127.0.0.1/public/static/admin/fonts/fontawesome-webfont.woff2?v=4.3.0
[运行时间：0.091005s] [吞吐率：10.99req/s] [内存消耗：1,379.29kb] [文件加载：38]
[ info ] [ LANG ] F:\Programme\GitHub\Personal-Blog\thinkphp\lang\zh-cn.php
[ info ] [ ROUTE ] array (
  'type' => 'module',
  'module' => 
  array (
    0 => 'static',
    1 => 'admin',
    2 => 'fonts',
  ),
)
[ info ] [ HEADER ] array (
  'host' => '127.0.0.1',
  'connection' => 'keep-alive',
  'origin' => 'http://127.0.0.1',
  'user-agent' => 'Mozilla/5.0 (Windows NT 6.1; WOW64) AppleWebKit/537.36 (KHTML, like Gecko) Chrome/62.0.3202.94 Safari/537.36 115Browser/9.1.1',
  'accept' => '*/*',
  'referer' => 'http://127.0.0.1/public/static/admin/style/font-awesome.css',
  'accept-encoding' => 'gzip, deflate, br',
  'accept-language' => 'zh-CN,zh;q=0.9',
)
[ info ] [ PARAM ] array (
  'v' => '4.3.0',
)
[ info ] [ LOG ] INIT File
---------------------------------------------------------------
[ 2019-02-21T11:37:06+08:00 ] 127.0.0.1 POST 127.0.0.1/public/index.php/admin/admin/add
[运行时间：0.286016s] [吞吐率：3.50req/s] [内存消耗：2,409.05kb] [文件加载：51]
[ info ] [ LANG ] F:\Programme\GitHub\Personal-Blog\thinkphp\lang\zh-cn.php
[ info ] [ ROUTE ] array (
  'type' => 'module',
  'module' => 
  array (
    0 => 'admin',
    1 => 'admin',
    2 => 'add',
  ),
)
[ info ] [ HEADER ] array (
  'host' => '127.0.0.1',
  'connection' => 'keep-alive',
  'content-length' => '21',
  'cache-control' => 'max-age=0',
  'origin' => 'http://127.0.0.1',
  'upgrade-insecure-requests' => '1',
  'user-agent' => 'Mozilla/5.0 (Windows NT 6.1; WOW64) AppleWebKit/537.36 (KHTML, like Gecko) Chrome/62.0.3202.94 Safari/537.36 115Browser/9.1.1',
  'content-type' => 'application/x-www-form-urlencoded',
  'accept' => 'text/html,application/xhtml+xml,application/xml;q=0.9,image/webp,image/apng,*/*;q=0.8',
  'referer' => 'http://127.0.0.1/public/index.php/admin/admin/add',
  'accept-encoding' => 'gzip, deflate, br',
  'accept-language' => 'zh-CN,zh;q=0.9',
)
[ info ] [ PARAM ] array (
  'username' => 'f',
  'password' => 'f',
)
[ info ] [ RUN ] app\admin\controller\Admin->add[ F:\Programme\GitHub\Personal-Blog\application\admin\controller\Admin.php ]
[ info ] [ DB ] INIT mysql
[ info ] [ LOG ] INIT File
[ error ] [1045]SQLSTATE[HY000] [1045] Access denied for user 'root'@'localhost' (using password: NO)[F:\Programme\GitHub\Personal-Blog\thinkphp\library\think\db\Connection.php:295]
---------------------------------------------------------------
[ 2019-02-21T11:37:36+08:00 ] 127.0.0.1 POST 127.0.0.1/public/index.php/admin/admin/add
[运行时间：0.196011s] [吞吐率：5.10req/s] [内存消耗：2,460.91kb] [文件加载：55]
[ info ] [ LANG ] F:\Programme\GitHub\Personal-Blog\thinkphp\lang\zh-cn.php
[ info ] [ ROUTE ] array (
  'type' => 'module',
  'module' => 
  array (
    0 => 'admin',
    1 => 'admin',
    2 => 'add',
  ),
)
[ info ] [ HEADER ] array (
  'host' => '127.0.0.1',
  'connection' => 'keep-alive',
  'content-length' => '21',
  'cache-control' => 'max-age=0',
  'origin' => 'http://127.0.0.1',
  'upgrade-insecure-requests' => '1',
  'user-agent' => 'Mozilla/5.0 (Windows NT 6.1; WOW64) AppleWebKit/537.36 (KHTML, like Gecko) Chrome/62.0.3202.94 Safari/537.36 115Browser/9.1.1',
  'content-type' => 'application/x-www-form-urlencoded',
  'accept' => 'text/html,application/xhtml+xml,application/xml;q=0.9,image/webp,image/apng,*/*;q=0.8',
  'referer' => 'http://127.0.0.1/public/index.php/admin/admin/add',
  'accept-encoding' => 'gzip, deflate, br',
  'accept-language' => 'zh-CN,zh;q=0.9',
)
[ info ] [ PARAM ] array (
  'username' => 'f',
  'password' => 'f',
)
[ info ] [ RUN ] app\admin\controller\Admin->add[ F:\Programme\GitHub\Personal-Blog\application\admin\controller\Admin.php ]
[ info ] [ DB ] INIT mysql
[ info ] [ LOG ] INIT File
[ sql ] [ DB ] CONNECT:[ UseTime:0.009000s ] mysql:host=127.0.0.1;dbname=;charset=utf8
[ error ] [10501]SQLSTATE[3D000]: Invalid catalog name: 1046 No database selected[F:\Programme\GitHub\Personal-Blog\thinkphp\library\think\db\Connection.php:385]
---------------------------------------------------------------
[ 2019-02-21T11:38:08+08:00 ] 127.0.0.1 POST 127.0.0.1/public/index.php/admin/admin/add
[运行时间：0.309017s] [吞吐率：3.24req/s] [内存消耗：2,628.72kb] [文件加载：55]
[ info ] [ LANG ] F:\Programme\GitHub\Personal-Blog\thinkphp\lang\zh-cn.php
[ info ] [ ROUTE ] array (
  'type' => 'module',
  'module' => 
  array (
    0 => 'admin',
    1 => 'admin',
    2 => 'add',
  ),
)
[ info ] [ HEADER ] array (
  'host' => '127.0.0.1',
  'connection' => 'keep-alive',
  'content-length' => '21',
  'cache-control' => 'max-age=0',
  'origin' => 'http://127.0.0.1',
  'upgrade-insecure-requests' => '1',
  'user-agent' => 'Mozilla/5.0 (Windows NT 6.1; WOW64) AppleWebKit/537.36 (KHTML, like Gecko) Chrome/62.0.3202.94 Safari/537.36 115Browser/9.1.1',
  'content-type' => 'application/x-www-form-urlencoded',
  'accept' => 'text/html,application/xhtml+xml,application/xml;q=0.9,image/webp,image/apng,*/*;q=0.8',
  'referer' => 'http://127.0.0.1/public/index.php/admin/admin/add',
  'accept-encoding' => 'gzip, deflate, br',
  'accept-language' => 'zh-CN,zh;q=0.9',
)
[ info ] [ PARAM ] array (
  'username' => 'f',
  'password' => 'f',
)
[ info ] [ RUN ] app\admin\controller\Admin->add[ F:\Programme\GitHub\Personal-Blog\application\admin\controller\Admin.php ]
[ info ] [ DB ] INIT mysql
[ info ] [ VIEW ] F:\Programme\GitHub\Personal-Blog\thinkphp\tpl\dispatch_jump.tpl [ array (
  0 => 'code',
  1 => 'msg',
  2 => 'data',
  3 => 'url',
  4 => 'wait',
) ]
[ info ] [ LOG ] INIT File
[ sql ] [ DB ] CONNECT:[ UseTime:0.008000s ] mysql:host=127.0.0.1;dbname=blog;charset=utf8
[ sql ] [ SQL ] SHOW COLUMNS FROM `tp_admin` [ RunTime:0.030001s ]
[ sql ] [ SQL ] INSERT INTO `tp_admin` (`username` , `password`) VALUES ('f' , 'f') [ RunTime:0.003000s ]
---------------------------------------------------------------
[ 2019-02-21T11:38:11+08:00 ] 127.0.0.1 GET 127.0.0.1/public/index.php/admin/admin/lst.html
[运行时间：0.117006s] [吞吐率：8.55req/s] [内存消耗：1,690.84kb] [文件加载：45]
[ info ] [ LANG ] F:\Programme\GitHub\Personal-Blog\thinkphp\lang\zh-cn.php
[ info ] [ ROUTE ] array (
  'type' => 'module',
  'module' => 
  array (
    0 => 'admin',
    1 => 'admin',
    2 => 'lst',
  ),
)
[ info ] [ HEADER ] array (
  'host' => '127.0.0.1',
  'connection' => 'keep-alive',
  'upgrade-insecure-requests' => '1',
  'user-agent' => 'Mozilla/5.0 (Windows NT 6.1; WOW64) AppleWebKit/537.36 (KHTML, like Gecko) Chrome/62.0.3202.94 Safari/537.36 115Browser/9.1.1',
  'accept' => 'text/html,application/xhtml+xml,application/xml;q=0.9,image/webp,image/apng,*/*;q=0.8',
  'referer' => 'http://127.0.0.1/public/index.php/admin/admin/add',
  'accept-encoding' => 'gzip, deflate, br',
  'accept-language' => 'zh-CN,zh;q=0.9',
)
[ info ] [ PARAM ] array (
)
[ info ] [ RUN ] app\admin\controller\Admin->lst[ F:\Programme\GitHub\Personal-Blog\application\admin\controller\Admin.php ]
[ info ] [ VIEW ] F:\Programme\GitHub\Personal-Blog\public/../application/admin\view\admin\lst.html [ array (
) ]
[ info ] [ LOG ] INIT File
---------------------------------------------------------------
[ 2019-02-21T11:38:11+08:00 ] 127.0.0.1 GET 127.0.0.1/public/static/admin/fonts/fontawesome-webfont.woff2?v=4.3.0
[运行时间：0.081005s] [吞吐率：12.34req/s] [内存消耗：1,379.29kb] [文件加载：38]
[ info ] [ LANG ] F:\Programme\GitHub\Personal-Blog\thinkphp\lang\zh-cn.php
[ info ] [ ROUTE ] array (
  'type' => 'module',
  'module' => 
  array (
    0 => 'static',
    1 => 'admin',
    2 => 'fonts',
  ),
)
[ info ] [ HEADER ] array (
  'host' => '127.0.0.1',
  'connection' => 'keep-alive',
  'origin' => 'http://127.0.0.1',
  'user-agent' => 'Mozilla/5.0 (Windows NT 6.1; WOW64) AppleWebKit/537.36 (KHTML, like Gecko) Chrome/62.0.3202.94 Safari/537.36 115Browser/9.1.1',
  'accept' => '*/*',
  'referer' => 'http://127.0.0.1/public/static/admin/style/font-awesome.css',
  'accept-encoding' => 'gzip, deflate, br',
  'accept-language' => 'zh-CN,zh;q=0.9',
)
[ info ] [ PARAM ] array (
  'v' => '4.3.0',
)
[ info ] [ LOG ] INIT File
---------------------------------------------------------------
[ 2019-02-21T11:39:54+08:00 ] 127.0.0.1 GET 127.0.0.1/public/index.php/admin/admin/add
[运行时间：0.182011s] [吞吐率：5.49req/s] [内存消耗：1,690.87kb] [文件加载：45]
[ info ] [ LANG ] F:\Programme\GitHub\Personal-Blog\thinkphp\lang\zh-cn.php
[ info ] [ ROUTE ] array (
  'type' => 'module',
  'module' => 
  array (
    0 => 'admin',
    1 => 'admin',
    2 => 'add',
  ),
)
[ info ] [ HEADER ] array (
  'host' => '127.0.0.1',
  'connection' => 'keep-alive',
  'upgrade-insecure-requests' => '1',
  'user-agent' => 'Mozilla/5.0 (Windows NT 6.1; WOW64) AppleWebKit/537.36 (KHTML, like Gecko) Chrome/62.0.3202.94 Safari/537.36 115Browser/9.1.1',
  'accept' => 'text/html,application/xhtml+xml,application/xml;q=0.9,image/webp,image/apng,*/*;q=0.8',
  'accept-encoding' => 'gzip, deflate, br',
  'accept-language' => 'zh-CN,zh;q=0.9',
)
[ info ] [ PARAM ] array (
)
[ info ] [ RUN ] app\admin\controller\Admin->add[ F:\Programme\GitHub\Personal-Blog\application\admin\controller\Admin.php ]
[ info ] [ VIEW ] F:\Programme\GitHub\Personal-Blog\public/../application/admin\view\admin\add.html [ array (
) ]
[ info ] [ LOG ] INIT File
---------------------------------------------------------------
[ 2019-02-21T11:39:54+08:00 ] 127.0.0.1 GET 127.0.0.1/public/static/admin/fonts/fontawesome-webfont.woff2?v=4.3.0
[运行时间：0.134007s] [吞吐率：7.46req/s] [内存消耗：1,379.29kb] [文件加载：38]
[ info ] [ LANG ] F:\Programme\GitHub\Personal-Blog\thinkphp\lang\zh-cn.php
[ info ] [ ROUTE ] array (
  'type' => 'module',
  'module' => 
  array (
    0 => 'static',
    1 => 'admin',
    2 => 'fonts',
  ),
)
[ info ] [ HEADER ] array (
  'host' => '127.0.0.1',
  'connection' => 'keep-alive',
  'origin' => 'http://127.0.0.1',
  'user-agent' => 'Mozilla/5.0 (Windows NT 6.1; WOW64) AppleWebKit/537.36 (KHTML, like Gecko) Chrome/62.0.3202.94 Safari/537.36 115Browser/9.1.1',
  'accept' => '*/*',
  'referer' => 'http://127.0.0.1/public/static/admin/style/font-awesome.css',
  'accept-encoding' => 'gzip, deflate, br',
  'accept-language' => 'zh-CN,zh;q=0.9',
)
[ info ] [ PARAM ] array (
  'v' => '4.3.0',
)
[ info ] [ LOG ] INIT File
---------------------------------------------------------------
[ 2019-02-21T11:39:59+08:00 ] 127.0.0.1 POST 127.0.0.1/public/index.php/admin/admin/add
[运行时间：0.293017s] [吞吐率：3.41req/s] [内存消耗：2,488.55kb] [文件加载：53]
[ info ] [ LANG ] F:\Programme\GitHub\Personal-Blog\thinkphp\lang\zh-cn.php
[ info ] [ ROUTE ] array (
  'type' => 'module',
  'module' => 
  array (
    0 => 'admin',
    1 => 'admin',
    2 => 'add',
  ),
)
[ info ] [ HEADER ] array (
  'host' => '127.0.0.1',
  'connection' => 'keep-alive',
  'content-length' => '33',
  'cache-control' => 'max-age=0',
  'origin' => 'http://127.0.0.1',
  'upgrade-insecure-requests' => '1',
  'user-agent' => 'Mozilla/5.0 (Windows NT 6.1; WOW64) AppleWebKit/537.36 (KHTML, like Gecko) Chrome/62.0.3202.94 Safari/537.36 115Browser/9.1.1',
  'content-type' => 'application/x-www-form-urlencoded',
  'accept' => 'text/html,application/xhtml+xml,application/xml;q=0.9,image/webp,image/apng,*/*;q=0.8',
  'referer' => 'http://127.0.0.1/public/index.php/admin/admin/add',
  'accept-encoding' => 'gzip, deflate, br',
  'accept-language' => 'zh-CN,zh;q=0.9',
)
[ info ] [ PARAM ] array (
  'username' => '1336048093',
  'password' => '3123',
)
[ info ] [ RUN ] app\admin\controller\Admin->add[ F:\Programme\GitHub\Personal-Blog\application\admin\controller\Admin.php ]
[ info ] [ DB ] INIT mysql
[ info ] [ VIEW ] F:\Programme\GitHub\Personal-Blog\thinkphp\tpl\dispatch_jump.tpl [ array (
  0 => 'code',
  1 => 'msg',
  2 => 'data',
  3 => 'url',
  4 => 'wait',
) ]
[ info ] [ LOG ] INIT File
[ sql ] [ DB ] CONNECT:[ UseTime:0.005000s ] mysql:host=127.0.0.1;dbname=blog;charset=utf8
[ sql ] [ SQL ] SHOW COLUMNS FROM `tp_admin` [ RunTime:0.025002s ]
[ sql ] [ SQL ] INSERT INTO `tp_admin` (`username` , `password`) VALUES ('1336048093' , '2e0aca891f2a8aedf265edf533a6d9a8') [ RunTime:0.004000s ]
---------------------------------------------------------------
[ 2019-02-21T11:40:02+08:00 ] 127.0.0.1 GET 127.0.0.1/public/index.php/admin/admin/lst.html
[运行时间：0.229013s] [吞吐率：4.37req/s] [内存消耗：1,691.12kb] [文件加载：45]
[ info ] [ LANG ] F:\Programme\GitHub\Personal-Blog\thinkphp\lang\zh-cn.php
[ info ] [ ROUTE ] array (
  'type' => 'module',
  'module' => 
  array (
    0 => 'admin',
    1 => 'admin',
    2 => 'lst',
  ),
)
[ info ] [ HEADER ] array (
  'host' => '127.0.0.1',
  'connection' => 'keep-alive',
  'upgrade-insecure-requests' => '1',
  'user-agent' => 'Mozilla/5.0 (Windows NT 6.1; WOW64) AppleWebKit/537.36 (KHTML, like Gecko) Chrome/62.0.3202.94 Safari/537.36 115Browser/9.1.1',
  'accept' => 'text/html,application/xhtml+xml,application/xml;q=0.9,image/webp,image/apng,*/*;q=0.8',
  'referer' => 'http://127.0.0.1/public/index.php/admin/admin/add',
  'accept-encoding' => 'gzip, deflate, br',
  'accept-language' => 'zh-CN,zh;q=0.9',
)
[ info ] [ PARAM ] array (
)
[ info ] [ RUN ] app\admin\controller\Admin->lst[ F:\Programme\GitHub\Personal-Blog\application\admin\controller\Admin.php ]
[ info ] [ VIEW ] F:\Programme\GitHub\Personal-Blog\public/../application/admin\view\admin\lst.html [ array (
) ]
[ info ] [ LOG ] INIT File
---------------------------------------------------------------
[ 2019-02-21T11:40:03+08:00 ] 127.0.0.1 GET 127.0.0.1/public/static/admin/fonts/fontawesome-webfont.woff2?v=4.3.0
[运行时间：0.182010s] [吞吐率：5.49req/s] [内存消耗：1,379.29kb] [文件加载：38]
[ info ] [ LANG ] F:\Programme\GitHub\Personal-Blog\thinkphp\lang\zh-cn.php
[ info ] [ ROUTE ] array (
  'type' => 'module',
  'module' => 
  array (
    0 => 'static',
    1 => 'admin',
    2 => 'fonts',
  ),
)
[ info ] [ HEADER ] array (
  'host' => '127.0.0.1',
  'connection' => 'keep-alive',
  'origin' => 'http://127.0.0.1',
  'user-agent' => 'Mozilla/5.0 (Windows NT 6.1; WOW64) AppleWebKit/537.36 (KHTML, like Gecko) Chrome/62.0.3202.94 Safari/537.36 115Browser/9.1.1',
  'accept' => '*/*',
  'referer' => 'http://127.0.0.1/public/static/admin/style/font-awesome.css',
  'accept-encoding' => 'gzip, deflate, br',
  'accept-language' => 'zh-CN,zh;q=0.9',
)
[ info ] [ PARAM ] array (
  'v' => '4.3.0',
)
[ info ] [ LOG ] INIT File
