---------------------------------------------------------------
[ 2019-02-22T12:05:22+08:00 ] 0.0.0.0 GET localhost/public/
[运行时间：0.182010s] [吞吐率：5.49req/s] [内存消耗：1,625.55kb] [文件加载：44]
[ info ] [ LANG ] F:\Programme\GitHub\Personal-Blog\thinkphp\lang\zh-cn.php
[ info ] [ ROUTE ] array (
  'type' => 'module',
  'module' => 
  array (
    0 => '',
    1 => NULL,
    2 => NULL,
  ),
)
[ info ] [ HEADER ] array (
  'host' => 'localhost',
  'connection' => 'keep-alive',
  'upgrade-insecure-requests' => '1',
  'user-agent' => 'Mozilla/5.0 (Windows NT 6.1; WOW64) AppleWebKit/537.36 (KHTML, like Gecko) Chrome/62.0.3202.94 Safari/537.36 115Browser/9.1.1',
  'accept' => 'text/html,application/xhtml+xml,application/xml;q=0.9,image/webp,image/apng,*/*;q=0.8',
  'accept-encoding' => 'gzip, deflate, br',
  'accept-language' => 'zh-CN,zh;q=0.9',
)
[ info ] [ PARAM ] array (
)
[ info ] [ RUN ] app\index\controller\Index->index[ F:\Programme\GitHub\Personal-Blog\application\index\controller\Index.php ]
[ info ] [ VIEW ] F:\Programme\GitHub\Personal-Blog\public/../application/index\view\index\index.html [ array (
) ]
[ info ] [ LOG ] INIT File
---------------------------------------------------------------
[ 2019-02-22T12:05:22+08:00 ] 0.0.0.0 GET localhost/public/goto/my-65537.js
[运行时间：0.140008s] [吞吐率：7.14req/s] [内存消耗：1,378.70kb] [文件加载：38]
[ info ] [ LANG ] F:\Programme\GitHub\Personal-Blog\thinkphp\lang\zh-cn.php
[ info ] [ ROUTE ] array (
  'type' => 'module',
  'module' => 
  array (
    0 => 'goto',
    1 => 'my-65537.js',
    2 => NULL,
  ),
)
[ info ] [ HEADER ] array (
  'host' => 'localhost',
  'connection' => 'keep-alive',
  'user-agent' => 'Mozilla/5.0 (Windows NT 6.1; WOW64) AppleWebKit/537.36 (KHTML, like Gecko) Chrome/62.0.3202.94 Safari/537.36 115Browser/9.1.1',
  'accept' => '*/*',
  'referer' => 'http://localhost/public/',
  'accept-encoding' => 'gzip, deflate, br',
  'accept-language' => 'zh-CN,zh;q=0.9',
)
[ info ] [ PARAM ] array (
)
[ info ] [ LOG ] INIT File
---------------------------------------------------------------
[ 2019-02-22T12:05:22+08:00 ] 0.0.0.0 GET localhost/public/images/js/count_zixun.js
[运行时间：0.106006s] [吞吐率：9.43req/s] [内存消耗：1,378.77kb] [文件加载：38]
[ info ] [ LANG ] F:\Programme\GitHub\Personal-Blog\thinkphp\lang\zh-cn.php
[ info ] [ ROUTE ] array (
  'type' => 'module',
  'module' => 
  array (
    0 => 'images',
    1 => 'js',
    2 => 'count_zixun.js',
  ),
)
[ info ] [ HEADER ] array (
  'host' => 'localhost',
  'connection' => 'keep-alive',
  'user-agent' => 'Mozilla/5.0 (Windows NT 6.1; WOW64) AppleWebKit/537.36 (KHTML, like Gecko) Chrome/62.0.3202.94 Safari/537.36 115Browser/9.1.1',
  'accept' => '*/*',
  'referer' => 'http://localhost/public/',
  'accept-encoding' => 'gzip, deflate, br',
  'accept-language' => 'zh-CN,zh;q=0.9',
)
[ info ] [ PARAM ] array (
)
[ info ] [ LOG ] INIT File
---------------------------------------------------------------
[ 2019-02-22T12:12:35+08:00 ] 127.0.0.1 GET 127.0.0.1/public/
[运行时间：0.087005s] [吞吐率：11.49req/s] [内存消耗：1,625.52kb] [文件加载：44]
[ info ] [ LANG ] F:\Programme\GitHub\Personal-Blog\thinkphp\lang\zh-cn.php
[ info ] [ ROUTE ] array (
  'type' => 'module',
  'module' => 
  array (
    0 => '',
    1 => NULL,
    2 => NULL,
  ),
)
[ info ] [ HEADER ] array (
  'host' => '127.0.0.1',
  'connection' => 'keep-alive',
  'upgrade-insecure-requests' => '1',
  'user-agent' => 'Mozilla/5.0 (Windows NT 6.1; WOW64) AppleWebKit/537.36 (KHTML, like Gecko) Chrome/62.0.3202.94 Safari/537.36 115Browser/9.1.1',
  'accept' => 'text/html,application/xhtml+xml,application/xml;q=0.9,image/webp,image/apng,*/*;q=0.8',
  'accept-encoding' => 'gzip, deflate, br',
  'accept-language' => 'zh-CN,zh;q=0.9',
)
[ info ] [ PARAM ] array (
)
[ info ] [ RUN ] app\index\controller\Index->index[ F:\Programme\GitHub\Personal-Blog\application\index\controller\Index.php ]
[ info ] [ VIEW ] F:\Programme\GitHub\Personal-Blog\public/../application/index\view\index\index.html [ array (
) ]
[ info ] [ LOG ] INIT File
---------------------------------------------------------------
[ 2019-02-22T12:12:35+08:00 ] 127.0.0.1 GET 127.0.0.1/public/goto/my-65537.js
[运行时间：0.082005s] [吞吐率：12.19req/s] [内存消耗：1,378.70kb] [文件加载：38]
[ info ] [ LANG ] F:\Programme\GitHub\Personal-Blog\thinkphp\lang\zh-cn.php
[ info ] [ ROUTE ] array (
  'type' => 'module',
  'module' => 
  array (
    0 => 'goto',
    1 => 'my-65537.js',
    2 => NULL,
  ),
)
[ info ] [ HEADER ] array (
  'host' => '127.0.0.1',
  'connection' => 'keep-alive',
  'user-agent' => 'Mozilla/5.0 (Windows NT 6.1; WOW64) AppleWebKit/537.36 (KHTML, like Gecko) Chrome/62.0.3202.94 Safari/537.36 115Browser/9.1.1',
  'accept' => '*/*',
  'referer' => 'http://127.0.0.1/public/',
  'accept-encoding' => 'gzip, deflate, br',
  'accept-language' => 'zh-CN,zh;q=0.9',
)
[ info ] [ PARAM ] array (
)
[ info ] [ LOG ] INIT File
---------------------------------------------------------------
[ 2019-02-22T12:12:35+08:00 ] 127.0.0.1 GET 127.0.0.1/public/images/js/count_zixun.js
[运行时间：0.078005s] [吞吐率：12.82req/s] [内存消耗：1,378.74kb] [文件加载：38]
[ info ] [ LANG ] F:\Programme\GitHub\Personal-Blog\thinkphp\lang\zh-cn.php
[ info ] [ ROUTE ] array (
  'type' => 'module',
  'module' => 
  array (
    0 => 'images',
    1 => 'js',
    2 => 'count_zixun.js',
  ),
)
[ info ] [ HEADER ] array (
  'host' => '127.0.0.1',
  'connection' => 'keep-alive',
  'user-agent' => 'Mozilla/5.0 (Windows NT 6.1; WOW64) AppleWebKit/537.36 (KHTML, like Gecko) Chrome/62.0.3202.94 Safari/537.36 115Browser/9.1.1',
  'accept' => '*/*',
  'referer' => 'http://127.0.0.1/public/',
  'accept-encoding' => 'gzip, deflate, br',
  'accept-language' => 'zh-CN,zh;q=0.9',
)
[ info ] [ PARAM ] array (
)
[ info ] [ LOG ] INIT File
---------------------------------------------------------------
[ 2019-02-22T12:13:16+08:00 ] 127.0.0.1 GET 127.0.0.1/public/
[运行时间：0.062003s] [吞吐率：16.13req/s] [内存消耗：1,625.52kb] [文件加载：44]
[ info ] [ LANG ] F:\Programme\GitHub\Personal-Blog\thinkphp\lang\zh-cn.php
[ info ] [ ROUTE ] array (
  'type' => 'module',
  'module' => 
  array (
    0 => '',
    1 => NULL,
    2 => NULL,
  ),
)
[ info ] [ HEADER ] array (
  'host' => '127.0.0.1',
  'connection' => 'keep-alive',
  'upgrade-insecure-requests' => '1',
  'user-agent' => 'Mozilla/5.0 (Windows NT 6.1; WOW64) AppleWebKit/537.36 (KHTML, like Gecko) Chrome/62.0.3202.94 Safari/537.36 115Browser/9.1.1',
  'accept' => 'text/html,application/xhtml+xml,application/xml;q=0.9,image/webp,image/apng,*/*;q=0.8',
  'accept-encoding' => 'gzip, deflate, br',
  'accept-language' => 'zh-CN,zh;q=0.9',
)
[ info ] [ PARAM ] array (
)
[ info ] [ RUN ] app\index\controller\Index->index[ F:\Programme\GitHub\Personal-Blog\application\index\controller\Index.php ]
[ info ] [ VIEW ] F:\Programme\GitHub\Personal-Blog\public/../application/index\view\index\index.html [ array (
) ]
[ info ] [ LOG ] INIT File
---------------------------------------------------------------
[ 2019-02-22T12:13:16+08:00 ] 127.0.0.1 GET 127.0.0.1/public/goto/my-65537.js
[运行时间：0.065004s] [吞吐率：15.38req/s] [内存消耗：1,378.70kb] [文件加载：38]
[ info ] [ LANG ] F:\Programme\GitHub\Personal-Blog\thinkphp\lang\zh-cn.php
[ info ] [ ROUTE ] array (
  'type' => 'module',
  'module' => 
  array (
    0 => 'goto',
    1 => 'my-65537.js',
    2 => NULL,
  ),
)
[ info ] [ HEADER ] array (
  'host' => '127.0.0.1',
  'connection' => 'keep-alive',
  'user-agent' => 'Mozilla/5.0 (Windows NT 6.1; WOW64) AppleWebKit/537.36 (KHTML, like Gecko) Chrome/62.0.3202.94 Safari/537.36 115Browser/9.1.1',
  'accept' => '*/*',
  'referer' => 'http://127.0.0.1/public/',
  'accept-encoding' => 'gzip, deflate, br',
  'accept-language' => 'zh-CN,zh;q=0.9',
)
[ info ] [ PARAM ] array (
)
[ info ] [ LOG ] INIT File
---------------------------------------------------------------
[ 2019-02-22T12:13:16+08:00 ] 127.0.0.1 GET 127.0.0.1/public/images/js/count_zixun.js
[运行时间：0.064004s] [吞吐率：15.62req/s] [内存消耗：1,378.77kb] [文件加载：38]
[ info ] [ LANG ] F:\Programme\GitHub\Personal-Blog\thinkphp\lang\zh-cn.php
[ info ] [ ROUTE ] array (
  'type' => 'module',
  'module' => 
  array (
    0 => 'images',
    1 => 'js',
    2 => 'count_zixun.js',
  ),
)
[ info ] [ HEADER ] array (
  'host' => '127.0.0.1',
  'connection' => 'keep-alive',
  'user-agent' => 'Mozilla/5.0 (Windows NT 6.1; WOW64) AppleWebKit/537.36 (KHTML, like Gecko) Chrome/62.0.3202.94 Safari/537.36 115Browser/9.1.1',
  'accept' => '*/*',
  'referer' => 'http://127.0.0.1/public/',
  'accept-encoding' => 'gzip, deflate, br',
  'accept-language' => 'zh-CN,zh;q=0.9',
)
[ info ] [ PARAM ] array (
)
[ info ] [ LOG ] INIT File
---------------------------------------------------------------
[ 2019-02-22T12:19:39+08:00 ] 127.0.0.1 GET 127.0.0.1/public/
[运行时间：0.097006s] [吞吐率：10.31req/s] [内存消耗：1,625.55kb] [文件加载：44]
[ info ] [ LANG ] F:\Programme\GitHub\Personal-Blog\thinkphp\lang\zh-cn.php
[ info ] [ ROUTE ] array (
  'type' => 'module',
  'module' => 
  array (
    0 => '',
    1 => NULL,
    2 => NULL,
  ),
)
[ info ] [ HEADER ] array (
  'host' => '127.0.0.1',
  'connection' => 'keep-alive',
  'upgrade-insecure-requests' => '1',
  'user-agent' => 'Mozilla/5.0 (Windows NT 6.1; WOW64) AppleWebKit/537.36 (KHTML, like Gecko) Chrome/70.0.3538.77 Safari/537.36',
  'accept' => 'text/html,application/xhtml+xml,application/xml;q=0.9,image/webp,image/apng,*/*;q=0.8',
  'accept-encoding' => 'gzip, deflate, br',
  'accept-language' => 'zh-CN,zh;q=0.9',
)
[ info ] [ PARAM ] array (
)
[ info ] [ RUN ] app\index\controller\Index->index[ F:\Programme\GitHub\Personal-Blog\application\index\controller\Index.php ]
[ info ] [ VIEW ] F:\Programme\GitHub\Personal-Blog\public/../application/index\view\index\index.html [ array (
) ]
[ info ] [ LOG ] INIT File
---------------------------------------------------------------
[ 2019-02-22T12:19:45+08:00 ] 127.0.0.1 GET 127.0.0.1/public/
[运行时间：0.077004s] [吞吐率：12.99req/s] [内存消耗：1,625.55kb] [文件加载：44]
[ info ] [ LANG ] F:\Programme\GitHub\Personal-Blog\thinkphp\lang\zh-cn.php
[ info ] [ ROUTE ] array (
  'type' => 'module',
  'module' => 
  array (
    0 => '',
    1 => NULL,
    2 => NULL,
  ),
)
[ info ] [ HEADER ] array (
  'host' => '127.0.0.1',
  'connection' => 'keep-alive',
  'upgrade-insecure-requests' => '1',
  'user-agent' => 'Mozilla/5.0 (Windows NT 6.1; WOW64) AppleWebKit/537.36 (KHTML, like Gecko) Chrome/70.0.3538.77 Safari/537.36',
  'accept' => 'text/html,application/xhtml+xml,application/xml;q=0.9,image/webp,image/apng,*/*;q=0.8',
  'accept-encoding' => 'gzip, deflate, br',
  'accept-language' => 'zh-CN,zh;q=0.9',
)
[ info ] [ PARAM ] array (
)
[ info ] [ RUN ] app\index\controller\Index->index[ F:\Programme\GitHub\Personal-Blog\application\index\controller\Index.php ]
[ info ] [ VIEW ] F:\Programme\GitHub\Personal-Blog\public/../application/index\view\index\index.html [ array (
) ]
[ info ] [ LOG ] INIT File
---------------------------------------------------------------
[ 2019-02-22T12:19:45+08:00 ] 127.0.0.1 GET 127.0.0.1/public/images/js/count_zixun.js
[运行时间：0.076004s] [吞吐率：13.16req/s] [内存消耗：1,378.69kb] [文件加载：38]
[ info ] [ LANG ] F:\Programme\GitHub\Personal-Blog\thinkphp\lang\zh-cn.php
[ info ] [ ROUTE ] array (
  'type' => 'module',
  'module' => 
  array (
    0 => 'images',
    1 => 'js',
    2 => 'count_zixun.js',
  ),
)
[ info ] [ HEADER ] array (
  'host' => '127.0.0.1',
  'connection' => 'keep-alive',
  'user-agent' => 'Mozilla/5.0 (Windows NT 6.1; WOW64) AppleWebKit/537.36 (KHTML, like Gecko) Chrome/70.0.3538.77 Safari/537.36',
  'accept' => '*/*',
  'referer' => 'http://127.0.0.1/public/',
  'accept-encoding' => 'gzip, deflate, br',
  'accept-language' => 'zh-CN,zh;q=0.9',
)
[ info ] [ PARAM ] array (
)
[ info ] [ LOG ] INIT File
---------------------------------------------------------------
[ 2019-02-22T12:19:45+08:00 ] 127.0.0.1 GET 127.0.0.1/public/goto/my-65537.js
[运行时间：0.081005s] [吞吐率：12.34req/s] [内存消耗：1,378.64kb] [文件加载：38]
[ info ] [ LANG ] F:\Programme\GitHub\Personal-Blog\thinkphp\lang\zh-cn.php
[ info ] [ ROUTE ] array (
  'type' => 'module',
  'module' => 
  array (
    0 => 'goto',
    1 => 'my-65537.js',
    2 => NULL,
  ),
)
[ info ] [ HEADER ] array (
  'host' => '127.0.0.1',
  'connection' => 'keep-alive',
  'user-agent' => 'Mozilla/5.0 (Windows NT 6.1; WOW64) AppleWebKit/537.36 (KHTML, like Gecko) Chrome/70.0.3538.77 Safari/537.36',
  'accept' => '*/*',
  'referer' => 'http://127.0.0.1/public/',
  'accept-encoding' => 'gzip, deflate, br',
  'accept-language' => 'zh-CN,zh;q=0.9',
)
[ info ] [ PARAM ] array (
)
[ info ] [ LOG ] INIT File
---------------------------------------------------------------
[ 2019-02-22T12:19:46+08:00 ] 127.0.0.1 GET 127.0.0.1/public/images/js/count_zixun.js
[运行时间：0.103006s] [吞吐率：9.71req/s] [内存消耗：1,378.69kb] [文件加载：38]
[ info ] [ LANG ] F:\Programme\GitHub\Personal-Blog\thinkphp\lang\zh-cn.php
[ info ] [ ROUTE ] array (
  'type' => 'module',
  'module' => 
  array (
    0 => 'images',
    1 => 'js',
    2 => 'count_zixun.js',
  ),
)
[ info ] [ HEADER ] array (
  'host' => '127.0.0.1',
  'connection' => 'keep-alive',
  'user-agent' => 'Mozilla/5.0 (Windows NT 6.1; WOW64) AppleWebKit/537.36 (KHTML, like Gecko) Chrome/70.0.3538.77 Safari/537.36',
  'accept' => '*/*',
  'referer' => 'http://127.0.0.1/public/',
  'accept-encoding' => 'gzip, deflate, br',
  'accept-language' => 'zh-CN,zh;q=0.9',
)
[ info ] [ PARAM ] array (
)
[ info ] [ LOG ] INIT File
---------------------------------------------------------------
[ 2019-02-22T12:22:54+08:00 ] 0.0.0.0 GET localhost/public/
[运行时间：0.064004s] [吞吐率：15.62req/s] [内存消耗：1,625.80kb] [文件加载：44]
[ info ] [ LANG ] F:\Programme\GitHub\Personal-Blog\thinkphp\lang\zh-cn.php
[ info ] [ ROUTE ] array (
  'type' => 'module',
  'module' => 
  array (
    0 => '',
    1 => NULL,
    2 => NULL,
  ),
)
[ info ] [ HEADER ] array (
  'host' => 'localhost',
  'connection' => 'keep-alive',
  'cache-control' => 'max-age=0',
  'upgrade-insecure-requests' => '1',
  'user-agent' => 'Mozilla/5.0 (Windows NT 6.1; WOW64) AppleWebKit/537.36 (KHTML, like Gecko) Chrome/70.0.3538.77 Safari/537.36',
  'accept' => 'text/html,application/xhtml+xml,application/xml;q=0.9,image/webp,image/apng,*/*;q=0.8',
  'accept-encoding' => 'gzip, deflate, br',
  'accept-language' => 'zh-CN,zh;q=0.9',
)
[ info ] [ PARAM ] array (
)
[ info ] [ RUN ] app\index\controller\Index->index[ F:\Programme\GitHub\Personal-Blog\application\index\controller\Index.php ]
[ info ] [ VIEW ] F:\Programme\GitHub\Personal-Blog\public/../application/index\view\index\index.html [ array (
) ]
[ info ] [ LOG ] INIT File
---------------------------------------------------------------
[ 2019-02-22T12:22:54+08:00 ] 0.0.0.0 GET localhost/public/goto/my-65537.js
[运行时间：0.061004s] [吞吐率：16.39req/s] [内存消耗：1,378.72kb] [文件加载：38]
[ info ] [ LANG ] F:\Programme\GitHub\Personal-Blog\thinkphp\lang\zh-cn.php
[ info ] [ ROUTE ] array (
  'type' => 'module',
  'module' => 
  array (
    0 => 'goto',
    1 => 'my-65537.js',
    2 => NULL,
  ),
)
[ info ] [ HEADER ] array (
  'host' => 'localhost',
  'connection' => 'keep-alive',
  'user-agent' => 'Mozilla/5.0 (Windows NT 6.1; WOW64) AppleWebKit/537.36 (KHTML, like Gecko) Chrome/70.0.3538.77 Safari/537.36',
  'accept' => '*/*',
  'referer' => 'http://localhost/public/',
  'accept-encoding' => 'gzip, deflate, br',
  'accept-language' => 'zh-CN,zh;q=0.9',
)
[ info ] [ PARAM ] array (
)
[ info ] [ LOG ] INIT File
---------------------------------------------------------------
[ 2019-02-22T12:22:54+08:00 ] 0.0.0.0 GET localhost/public/images/js/count_zixun.js
[运行时间：0.096006s] [吞吐率：10.42req/s] [内存消耗：1,378.72kb] [文件加载：38]
[ info ] [ LANG ] F:\Programme\GitHub\Personal-Blog\thinkphp\lang\zh-cn.php
[ info ] [ ROUTE ] array (
  'type' => 'module',
  'module' => 
  array (
    0 => 'images',
    1 => 'js',
    2 => 'count_zixun.js',
  ),
)
[ info ] [ HEADER ] array (
  'host' => 'localhost',
  'connection' => 'keep-alive',
  'user-agent' => 'Mozilla/5.0 (Windows NT 6.1; WOW64) AppleWebKit/537.36 (KHTML, like Gecko) Chrome/70.0.3538.77 Safari/537.36',
  'accept' => '*/*',
  'referer' => 'http://localhost/public/',
  'accept-encoding' => 'gzip, deflate, br',
  'accept-language' => 'zh-CN,zh;q=0.9',
)
[ info ] [ PARAM ] array (
)
[ info ] [ LOG ] INIT File
---------------------------------------------------------------
[ 2019-02-22T12:24:45+08:00 ] 127.0.0.1 GET 127.0.0.1/public/
[运行时间：0.082005s] [吞吐率：12.19req/s] [内存消耗：1,625.55kb] [文件加载：44]
[ info ] [ LANG ] F:\Programme\GitHub\Personal-Blog\thinkphp\lang\zh-cn.php
[ info ] [ ROUTE ] array (
  'type' => 'module',
  'module' => 
  array (
    0 => '',
    1 => NULL,
    2 => NULL,
  ),
)
[ info ] [ HEADER ] array (
  'host' => '127.0.0.1',
  'connection' => 'keep-alive',
  'upgrade-insecure-requests' => '1',
  'user-agent' => 'Mozilla/5.0 (Windows NT 6.1; WOW64) AppleWebKit/537.36 (KHTML, like Gecko) Chrome/70.0.3538.77 Safari/537.36',
  'accept' => 'text/html,application/xhtml+xml,application/xml;q=0.9,image/webp,image/apng,*/*;q=0.8',
  'accept-encoding' => 'gzip, deflate, br',
  'accept-language' => 'zh-CN,zh;q=0.9',
)
[ info ] [ PARAM ] array (
)
[ info ] [ RUN ] app\index\controller\Index->index[ F:\Programme\GitHub\Personal-Blog\application\index\controller\Index.php ]
[ info ] [ VIEW ] F:\Programme\GitHub\Personal-Blog\public/../application/index\view\index\index.html [ array (
) ]
[ info ] [ LOG ] INIT File
---------------------------------------------------------------
[ 2019-02-22T12:24:45+08:00 ] 127.0.0.1 GET 127.0.0.1/public/goto/my-65537.js
[运行时间：0.101005s] [吞吐率：9.90req/s] [内存消耗：1,378.70kb] [文件加载：38]
[ info ] [ LANG ] F:\Programme\GitHub\Personal-Blog\thinkphp\lang\zh-cn.php
[ info ] [ ROUTE ] array (
  'type' => 'module',
  'module' => 
  array (
    0 => 'goto',
    1 => 'my-65537.js',
    2 => NULL,
  ),
)
[ info ] [ HEADER ] array (
  'host' => '127.0.0.1',
  'connection' => 'keep-alive',
  'user-agent' => 'Mozilla/5.0 (Windows NT 6.1; WOW64) AppleWebKit/537.36 (KHTML, like Gecko) Chrome/70.0.3538.77 Safari/537.36',
  'accept' => '*/*',
  'referer' => 'http://127.0.0.1/public/',
  'accept-encoding' => 'gzip, deflate, br',
  'accept-language' => 'zh-CN,zh;q=0.9',
)
[ info ] [ PARAM ] array (
)
[ info ] [ LOG ] INIT File
---------------------------------------------------------------
[ 2019-02-22T12:24:45+08:00 ] 127.0.0.1 GET 127.0.0.1/public/images/js/count_zixun.js
[运行时间：0.098006s] [吞吐率：10.20req/s] [内存消耗：1,378.74kb] [文件加载：38]
[ info ] [ LANG ] F:\Programme\GitHub\Personal-Blog\thinkphp\lang\zh-cn.php
[ info ] [ ROUTE ] array (
  'type' => 'module',
  'module' => 
  array (
    0 => 'images',
    1 => 'js',
    2 => 'count_zixun.js',
  ),
)
[ info ] [ HEADER ] array (
  'host' => '127.0.0.1',
  'connection' => 'keep-alive',
  'user-agent' => 'Mozilla/5.0 (Windows NT 6.1; WOW64) AppleWebKit/537.36 (KHTML, like Gecko) Chrome/70.0.3538.77 Safari/537.36',
  'accept' => '*/*',
  'referer' => 'http://127.0.0.1/public/',
  'accept-encoding' => 'gzip, deflate, br',
  'accept-language' => 'zh-CN,zh;q=0.9',
)
[ info ] [ PARAM ] array (
)
[ info ] [ LOG ] INIT File
---------------------------------------------------------------
[ 2019-02-22T12:26:46+08:00 ] 127.0.0.1 GET 127.0.0.1/public/
[运行时间：0.075004s] [吞吐率：13.33req/s] [内存消耗：1,625.73kb] [文件加载：44]
[ info ] [ LANG ] F:\Programme\GitHub\Personal-Blog\thinkphp\lang\zh-cn.php
[ info ] [ ROUTE ] array (
  'type' => 'module',
  'module' => 
  array (
    0 => '',
    1 => NULL,
    2 => NULL,
  ),
)
[ info ] [ HEADER ] array (
  'host' => '127.0.0.1',
  'connection' => 'keep-alive',
  'purpose' => 'prefetch',
  'upgrade-insecure-requests' => '1',
  'user-agent' => 'Mozilla/5.0 (Windows NT 6.1; WOW64) AppleWebKit/537.36 (KHTML, like Gecko) Chrome/70.0.3538.77 Safari/537.36',
  'accept' => 'text/html,application/xhtml+xml,application/xml;q=0.9,image/webp,image/apng,*/*;q=0.8',
  'accept-encoding' => 'gzip, deflate, br',
  'accept-language' => 'zh-CN,zh;q=0.9',
)
[ info ] [ PARAM ] array (
)
[ info ] [ RUN ] app\index\controller\Index->index[ F:\Programme\GitHub\Personal-Blog\application\index\controller\Index.php ]
[ info ] [ VIEW ] F:\Programme\GitHub\Personal-Blog\public/../application/index\view\index\index.html [ array (
) ]
[ info ] [ LOG ] INIT File
---------------------------------------------------------------
[ 2019-02-22T12:26:46+08:00 ] 127.0.0.1 GET 127.0.0.1/public/goto/my-65537.js
[运行时间：0.059004s] [吞吐率：16.95req/s] [内存消耗：1,378.70kb] [文件加载：38]
[ info ] [ LANG ] F:\Programme\GitHub\Personal-Blog\thinkphp\lang\zh-cn.php
[ info ] [ ROUTE ] array (
  'type' => 'module',
  'module' => 
  array (
    0 => 'goto',
    1 => 'my-65537.js',
    2 => NULL,
  ),
)
[ info ] [ HEADER ] array (
  'host' => '127.0.0.1',
  'connection' => 'keep-alive',
  'user-agent' => 'Mozilla/5.0 (Windows NT 6.1; WOW64) AppleWebKit/537.36 (KHTML, like Gecko) Chrome/70.0.3538.77 Safari/537.36',
  'accept' => '*/*',
  'referer' => 'http://127.0.0.1/public/',
  'accept-encoding' => 'gzip, deflate, br',
  'accept-language' => 'zh-CN,zh;q=0.9',
)
[ info ] [ PARAM ] array (
)
[ info ] [ LOG ] INIT File
---------------------------------------------------------------
[ 2019-02-22T12:26:46+08:00 ] 127.0.0.1 GET 127.0.0.1/public/images/js/count_zixun.js
[运行时间：0.074005s] [吞吐率：13.51req/s] [内存消耗：1,378.74kb] [文件加载：38]
[ info ] [ LANG ] F:\Programme\GitHub\Personal-Blog\thinkphp\lang\zh-cn.php
[ info ] [ ROUTE ] array (
  'type' => 'module',
  'module' => 
  array (
    0 => 'images',
    1 => 'js',
    2 => 'count_zixun.js',
  ),
)
[ info ] [ HEADER ] array (
  'host' => '127.0.0.1',
  'connection' => 'keep-alive',
  'user-agent' => 'Mozilla/5.0 (Windows NT 6.1; WOW64) AppleWebKit/537.36 (KHTML, like Gecko) Chrome/70.0.3538.77 Safari/537.36',
  'accept' => '*/*',
  'referer' => 'http://127.0.0.1/public/',
  'accept-encoding' => 'gzip, deflate, br',
  'accept-language' => 'zh-CN,zh;q=0.9',
)
[ info ] [ PARAM ] array (
)
[ info ] [ LOG ] INIT File
