[ 2019-05-17T14:50:11+08:00 ] 172.17.46.174 218.23.225.46 GET /tp5/public/
[ log ] zbifeng.com/tp5/public/ [运行时间：0.026738s][吞吐率：37.40req/s] [内存消耗：3,325.76kb] [文件加载：50]
[ info ] [ ROUTE ] array (
  'type' => 'module',
  'module' => 
  array (
    0 => '',
    1 => NULL,
    2 => NULL,
  ),
)
[ info ] [ HEADER ] array (
  'host' => 'zbifeng.com',
  'user-agent' => 'Mozilla/5.0 (Windows NT 10.0; Win64; x64; rv:66.0) Gecko/20100101 Firefox/66.0',
  'accept' => 'text/html,application/xhtml+xml,application/xml;q=0.9,*/*;q=0.8',
  'accept-language' => 'zh-CN,zh;q=0.8,zh-TW;q=0.7,zh-HK;q=0.5,en-US;q=0.3,en;q=0.2',
  'accept-encoding' => 'gzip, deflate',
  'connection' => 'keep-alive',
  'upgrade-insecure-requests' => '1',
)
[ info ] [ PARAM ] array (
)
[ info ] [ DB ] INIT mysql
[ info ] [ DB ] INIT mysql
[ info ] [ DB ] INIT mysql
[ info ] [ DB ] INIT mysql
[ info ] [ RUN ] Method [ <user> public method index ] {
  @@ /var/www/html/tp5/application/index/controller/Index.php 6 - 11
}

[ info ] [ DB ] INIT mysql
[ info ] [ VIEW ] /var/www/html/tp5/public/../application/index/view/index/index.html [ array (
  0 => 'clickres',
  1 => 'tjres',
  2 => 'cateres',
  3 => 'tagres',
  4 => 'articleres',
) ]
[ info ] [ LOG ] INIT File
[ sql ] [ DB ] CONNECT:[ UseTime:0.001516s ] mysql:dbname=blog;host=localhost;charset=utf8
[ sql ] [ SQL ] SHOW COLUMNS FROM `tp_article` [ RunTime:0.000698s ]
[ sql ] [ SQL ] SELECT * FROM `tp_article` ORDER BY click desc LIMIT 8   [ RunTime:0.000223s ]
[ sql ] [ DB ] CONNECT:[ UseTime:0.000141s ] mysql:dbname=blog;host=localhost;charset=utf8
[ sql ] [ SQL ] SELECT * FROM `tp_article` WHERE  `state` = 1 ORDER BY click desc LIMIT 8    [ RunTime:0.000231s ]
[ sql ] [ DB ] CONNECT:[ UseTime:0.000107s ] mysql:dbname=blog;host=localhost;charset=utf8
[ sql ] [ SQL ] SHOW COLUMNS FROM `tp_cate` [ RunTime:0.000453s ]
[ sql ] [ SQL ] SELECT * FROM `tp_cate` ORDER BY id asc  [ RunTime:0.000116s ]
[ sql ] [ DB ] CONNECT:[ UseTime:0.000101s ] mysql:dbname=blog;host=localhost;charset=utf8
[ sql ] [ SQL ] SHOW COLUMNS FROM `tp_tags` [ RunTime:0.000427s ]
[ sql ] [ SQL ] SELECT * FROM `tp_tags` ORDER BY id desc  [ RunTime:0.000096s ]
[ sql ] [ DB ] CONNECT:[ UseTime:0.000117s ] mysql:dbname=blog;host=localhost;charset=utf8
[ sql ] [ SQL ] SELECT COUNT(*) AS tp_count FROM `tp_article` ORDER BY id desc LIMIT 1   [ RunTime:0.000126s ]
[ sql ] [ SQL ] SELECT * FROM `tp_article` ORDER BY id desc LIMIT 0,3   [ RunTime:0.000166s ]

---------------------------------------------------------------
[ 2019-05-17T14:50:11+08:00 ] 172.17.46.174 218.23.225.46 GET /tp5/public/static/index/style/bootstrapt.min.js
[ log ] 106.14.227.213/tp5/public/static/index/style/bootstrapt.min.js [运行时间：0.010799s][吞吐率：92.60req/s] [内存消耗：1,385.53kb] [文件加载：33]
[ info ] [ ROUTE ] array (
  'type' => 'module',
  'module' => 
  array (
    0 => 'static',
    1 => 'index',
    2 => 'style',
  ),
)
[ info ] [ HEADER ] array (
  'host' => '106.14.227.213',
  'user-agent' => 'Mozilla/5.0 (Windows NT 10.0; Win64; x64; rv:66.0) Gecko/20100101 Firefox/66.0',
  'accept' => '*/*',
  'accept-language' => 'zh-CN,zh;q=0.8,zh-TW;q=0.7,zh-HK;q=0.5,en-US;q=0.3,en;q=0.2',
  'accept-encoding' => 'gzip, deflate',
  'referer' => 'http://zbifeng.com/tp5/public/',
  'connection' => 'keep-alive',
)
[ info ] [ PARAM ] array (
)
[ info ] [ LANG ] /var/www/html/tp5/thinkphp/lang/zh-cn.php
[ info ] [ LOG ] INIT File

---------------------------------------------------------------
[ 2019-05-17T14:50:11+08:00 ] 172.17.46.174 218.23.225.46 GET /tp5/public/static/uploads/20190422/de4516c06f14b7978bb44c223aae3eb1.png
[ log ] 106.14.227.213/tp5/public/static/uploads/20190422/de4516c06f14b7978bb44c223aae3eb1.png [运行时间：0.010804s][吞吐率：92.56req/s] [内存消耗：1,385.48kb] [文件加载：33]
[ info ] [ ROUTE ] array (
  'type' => 'module',
  'module' => 
  array (
    0 => 'static',
    1 => 'uploads',
    2 => '20190422',
  ),
)
[ info ] [ HEADER ] array (
  'host' => '106.14.227.213',
  'user-agent' => 'Mozilla/5.0 (Windows NT 10.0; Win64; x64; rv:66.0) Gecko/20100101 Firefox/66.0',
  'accept' => 'image/webp,*/*',
  'accept-language' => 'zh-CN,zh;q=0.8,zh-TW;q=0.7,zh-HK;q=0.5,en-US;q=0.3,en;q=0.2',
  'accept-encoding' => 'gzip, deflate',
  'referer' => 'http://zbifeng.com/tp5/public/',
  'connection' => 'keep-alive',
)
[ info ] [ PARAM ] array (
)
[ info ] [ LANG ] /var/www/html/tp5/thinkphp/lang/zh-cn.php
[ info ] [ LOG ] INIT File

---------------------------------------------------------------
[ 2019-05-17T14:50:11+08:00 ] 172.17.46.174 218.23.225.46 GET /tp5/public/static/uploads/20190419/4367454a6fb54235bcc4e398f10634c5.png
[ log ] 106.14.227.213/tp5/public/static/uploads/20190419/4367454a6fb54235bcc4e398f10634c5.png [运行时间：0.011223s][吞吐率：89.10req/s] [内存消耗：1,385.48kb] [文件加载：33]
[ info ] [ ROUTE ] array (
  'type' => 'module',
  'module' => 
  array (
    0 => 'static',
    1 => 'uploads',
    2 => '20190419',
  ),
)
[ info ] [ HEADER ] array (
  'host' => '106.14.227.213',
  'user-agent' => 'Mozilla/5.0 (Windows NT 10.0; Win64; x64; rv:66.0) Gecko/20100101 Firefox/66.0',
  'accept' => 'image/webp,*/*',
  'accept-language' => 'zh-CN,zh;q=0.8,zh-TW;q=0.7,zh-HK;q=0.5,en-US;q=0.3,en;q=0.2',
  'accept-encoding' => 'gzip, deflate',
  'referer' => 'http://zbifeng.com/tp5/public/',
  'connection' => 'keep-alive',
)
[ info ] [ PARAM ] array (
)
[ info ] [ LANG ] /var/www/html/tp5/thinkphp/lang/zh-cn.php
[ info ] [ LOG ] INIT File

---------------------------------------------------------------
[ 2019-05-17T14:50:11+08:00 ] 172.17.46.174 218.23.225.46 GET /tp5/public/static/index/images/hunshang.png
[ log ] 106.14.227.213/tp5/public/static/index/images/hunshang.png [运行时间：0.009983s][吞吐率：100.17req/s] [内存消耗：1,385.49kb] [文件加载：33]
[ info ] [ ROUTE ] array (
  'type' => 'module',
  'module' => 
  array (
    0 => 'static',
    1 => 'index',
    2 => 'images',
  ),
)
[ info ] [ HEADER ] array (
  'host' => '106.14.227.213',
  'user-agent' => 'Mozilla/5.0 (Windows NT 10.0; Win64; x64; rv:66.0) Gecko/20100101 Firefox/66.0',
  'accept' => 'image/webp,*/*',
  'accept-language' => 'zh-CN,zh;q=0.8,zh-TW;q=0.7,zh-HK;q=0.5,en-US;q=0.3,en;q=0.2',
  'accept-encoding' => 'gzip, deflate',
  'referer' => 'http://zbifeng.com/tp5/public/',
  'connection' => 'keep-alive',
)
[ info ] [ PARAM ] array (
)
[ info ] [ LANG ] /var/www/html/tp5/thinkphp/lang/zh-cn.php
[ info ] [ LOG ] INIT File

---------------------------------------------------------------
[ 2019-05-17T14:50:11+08:00 ] 172.17.46.174 218.23.225.46 GET /tp5/public/static/index/style/bootstrapt.min.js
[ log ] 106.14.227.213/tp5/public/static/index/style/bootstrapt.min.js [运行时间：0.009938s][吞吐率：100.62req/s] [内存消耗：1,384.98kb] [文件加载：33]
[ info ] [ ROUTE ] array (
  'type' => 'module',
  'module' => 
  array (
    0 => 'static',
    1 => 'index',
    2 => 'style',
  ),
)
[ info ] [ HEADER ] array (
  'host' => '106.14.227.213',
  'user-agent' => 'Mozilla/5.0 (Windows NT 10.0; Win64; x64; rv:66.0) Gecko/20100101 Firefox/66.0',
  'accept' => '*/*',
  'accept-language' => 'zh-CN,zh;q=0.8,zh-TW;q=0.7,zh-HK;q=0.5,en-US;q=0.3,en;q=0.2',
  'accept-encoding' => 'gzip, deflate',
  'referer' => 'http://zbifeng.com/tp5/public/',
  'connection' => 'keep-alive',
  'cookie' => 'think_var=zh-cn',
)
[ info ] [ PARAM ] array (
)
[ info ] [ LANG ] /var/www/html/tp5/thinkphp/lang/zh-cn.php
[ info ] [ LOG ] INIT File

---------------------------------------------------------------
[ 2019-05-17T14:50:11+08:00 ] 172.17.46.174 218.23.225.46 GET /tp5/public/static/uploads/20190509/e660729facc5826ecfbd1d9d0392be27.png
[ log ] 106.14.227.213/tp5/public/static/uploads/20190509/e660729facc5826ecfbd1d9d0392be27.png [运行时间：0.009530s][吞吐率：104.93req/s] [内存消耗：1,385.48kb] [文件加载：33]
[ info ] [ ROUTE ] array (
  'type' => 'module',
  'module' => 
  array (
    0 => 'static',
    1 => 'uploads',
    2 => '20190509',
  ),
)
[ info ] [ HEADER ] array (
  'host' => '106.14.227.213',
  'user-agent' => 'Mozilla/5.0 (Windows NT 10.0; Win64; x64; rv:66.0) Gecko/20100101 Firefox/66.0',
  'accept' => 'image/webp,*/*',
  'accept-language' => 'zh-CN,zh;q=0.8,zh-TW;q=0.7,zh-HK;q=0.5,en-US;q=0.3,en;q=0.2',
  'accept-encoding' => 'gzip, deflate',
  'referer' => 'http://zbifeng.com/tp5/public/',
  'connection' => 'keep-alive',
)
[ info ] [ PARAM ] array (
)
[ info ] [ LANG ] /var/www/html/tp5/thinkphp/lang/zh-cn.php
[ info ] [ LOG ] INIT File

---------------------------------------------------------------
[ 2019-05-17T14:50:12+08:00 ] 172.17.46.174 218.23.225.46 GET /tp5/public/static/index/images/hunshang.png
[ log ] 106.14.227.213/tp5/public/static/index/images/hunshang.png [运行时间：0.009434s][吞吐率：106.00req/s] [内存消耗：1,384.88kb] [文件加载：33]
[ info ] [ ROUTE ] array (
  'type' => 'module',
  'module' => 
  array (
    0 => 'static',
    1 => 'index',
    2 => 'images',
  ),
)
[ info ] [ HEADER ] array (
  'host' => '106.14.227.213',
  'user-agent' => 'Mozilla/5.0 (Windows NT 10.0; Win64; x64; rv:66.0) Gecko/20100101 Firefox/66.0',
  'accept' => 'image/webp,*/*',
  'accept-language' => 'zh-CN,zh;q=0.8,zh-TW;q=0.7,zh-HK;q=0.5,en-US;q=0.3,en;q=0.2',
  'accept-encoding' => 'gzip, deflate',
  'referer' => 'http://zbifeng.com/tp5/public/',
  'connection' => 'keep-alive',
  'cookie' => 'think_var=zh-cn',
)
[ info ] [ PARAM ] array (
)
[ info ] [ LANG ] /var/www/html/tp5/thinkphp/lang/zh-cn.php
[ info ] [ LOG ] INIT File

---------------------------------------------------------------
[ 2019-05-17T14:50:12+08:00 ] 172.17.46.174 218.23.225.46 GET /tp5/public/static/uploads/20190422/de4516c06f14b7978bb44c223aae3eb1.png
[ log ] 106.14.227.213/tp5/public/static/uploads/20190422/de4516c06f14b7978bb44c223aae3eb1.png [运行时间：0.011772s][吞吐率：84.95req/s] [内存消耗：1,384.90kb] [文件加载：33]
[ info ] [ ROUTE ] array (
  'type' => 'module',
  'module' => 
  array (
    0 => 'static',
    1 => 'uploads',
    2 => '20190422',
  ),
)
[ info ] [ HEADER ] array (
  'host' => '106.14.227.213',
  'user-agent' => 'Mozilla/5.0 (Windows NT 10.0; Win64; x64; rv:66.0) Gecko/20100101 Firefox/66.0',
  'accept' => 'image/webp,*/*',
  'accept-language' => 'zh-CN,zh;q=0.8,zh-TW;q=0.7,zh-HK;q=0.5,en-US;q=0.3,en;q=0.2',
  'accept-encoding' => 'gzip, deflate',
  'referer' => 'http://zbifeng.com/tp5/public/',
  'connection' => 'keep-alive',
  'cookie' => 'think_var=zh-cn',
)
[ info ] [ PARAM ] array (
)
[ info ] [ LANG ] /var/www/html/tp5/thinkphp/lang/zh-cn.php
[ info ] [ LOG ] INIT File

---------------------------------------------------------------
[ 2019-05-17T14:50:12+08:00 ] 172.17.46.174 218.23.225.46 GET /tp5/public/static/uploads/20190419/4367454a6fb54235bcc4e398f10634c5.png
[ log ] 106.14.227.213/tp5/public/static/uploads/20190419/4367454a6fb54235bcc4e398f10634c5.png [运行时间：0.012747s][吞吐率：78.45req/s] [内存消耗：1,384.90kb] [文件加载：33]
[ info ] [ ROUTE ] array (
  'type' => 'module',
  'module' => 
  array (
    0 => 'static',
    1 => 'uploads',
    2 => '20190419',
  ),
)
[ info ] [ HEADER ] array (
  'host' => '106.14.227.213',
  'user-agent' => 'Mozilla/5.0 (Windows NT 10.0; Win64; x64; rv:66.0) Gecko/20100101 Firefox/66.0',
  'accept' => 'image/webp,*/*',
  'accept-language' => 'zh-CN,zh;q=0.8,zh-TW;q=0.7,zh-HK;q=0.5,en-US;q=0.3,en;q=0.2',
  'accept-encoding' => 'gzip, deflate',
  'referer' => 'http://zbifeng.com/tp5/public/',
  'connection' => 'keep-alive',
  'cookie' => 'think_var=zh-cn',
)
[ info ] [ PARAM ] array (
)
[ info ] [ LANG ] /var/www/html/tp5/thinkphp/lang/zh-cn.php
[ info ] [ LOG ] INIT File

---------------------------------------------------------------
